[ 2018-07-24T15:39:08+08:00 ] 127.0.0.1 /
INFO: [ app_init ] --START--
INFO: Run Behavior\BuildLiteBehavior [ RunTime:0.000039s ]
INFO: [ app_init ] --END-- [ RunTime:0.031707s ]
INFO: [ app_begin ] --START--
INFO: Run Behavior\ReadHtmlCacheBehavior [ RunTime:0.022009s ]
INFO: [ app_begin ] --END-- [ RunTime:0.022051s ]
SQL: SHOW COLUMNS FROM `rg_setting` [ RunTime:0.0320s ]
SQL: SELECT `id`,`name`,`key`,`value`,`widget`,`tip`,`type`,`sort` FROM `rg_setting`  [ RunTime:0.0006s ]
INFO: [ view_parse ] --START--
INFO: [ template_filter ] --START--
INFO: Run Behavior\ContentReplaceBehavior [ RunTime:0.000035s ]
INFO: [ template_filter ] --END-- [ RunTime:0.000084s ]
INFO: Run Behavior\ParseTemplateBehavior [ RunTime:0.179803s ]
INFO: [ view_parse ] --END-- [ RunTime:0.179870s ]
INFO: [ view_filter ] --START--
INFO: Run Behavior\WriteHtmlCacheBehavior [ RunTime:0.032891s ]
INFO: [ view_filter ] --END-- [ RunTime:0.032926s ]
INFO: [ app_end ] --START--
INFO: Run Behavior\ShowPageTraceBehavior [ RunTime:0.025004s ]
INFO: [ app_end ] --END-- [ RunTime:0.025037s ]

[ 2018-07-24T15:39:08+08:00 ] 127.0.0.1 /Public/Home/css/public.css?t=1532417948
INFO: [ app_init ] --START--
INFO: Run Behavior\BuildLiteBehavior [ RunTime:0.000026s ]
INFO: [ app_init ] --END-- [ RunTime:0.000886s ]
INFO: [ app_begin ] --START--
INFO: Run Behavior\ReadHtmlCacheBehavior [ RunTime:0.000720s ]
INFO: [ app_begin ] --END-- [ RunTime:0.000796s ]
ERR: 无法加载控制器:Public

[ 2018-07-24T15:39:08+08:00 ] 127.0.0.1 /favicon.ico
INFO: [ app_init ] --START--
INFO: Run Behavior\BuildLiteBehavior [ RunTime:0.000007s ]
INFO: [ app_init ] --END-- [ RunTime:0.000328s ]

[ 2018-07-24T15:39:43+08:00 ] 127.0.0.1 /Uploads/picture/2017-02-24/58afe7934856c.jpg
INFO: [ app_init ] --START--
INFO: Run Behavior\BuildLiteBehavior [ RunTime:0.000011s ]
INFO: [ app_init ] --END-- [ RunTime:0.000305s ]

[ 2018-07-24T15:39:43+08:00 ] 127.0.0.1 /Uploads/picture/2018-07-17/5b4d9a50ad12d.jpg
INFO: [ app_init ] --START--
INFO: Run Behavior\BuildLiteBehavior [ RunTime:0.000013s ]
INFO: [ app_init ] --END-- [ RunTime:0.000335s ]

[ 2018-07-24T15:39:43+08:00 ] 127.0.0.1 /Uploads/picture/2017-02-24/58afe77593c32.jpg
INFO: [ app_init ] --START--
INFO: Run Behavior\BuildLiteBehavior [ RunTime:0.000014s ]
INFO: [ app_init ] --END-- [ RunTime:0.000414s ]

[ 2018-07-24T15:39:43+08:00 ] 127.0.0.1 /Public/Home/images/page_banner.png
INFO: [ app_init ] --START--
INFO: Run Behavior\BuildLiteBehavior [ RunTime:0.000023s ]
INFO: [ app_init ] --END-- [ RunTime:0.000680s ]

687s ]

[ 2018-07-24T18:05:31+08:00 ] 127.0.0.1 /Uploads/picture/2017-02-24/58afe7934856c.jpg
INFO: [ app_init ] --START--
INFO: Run Behavior\BuildLiteBehavior [ RunTime:0.000008s ]
INFO: [ app_init ] --END-- [ RunTime:0.000363s ]

[ 2018-07-24T18:05:31+08:00 ] 127.0.0.1 /Uploads/picture/2017-02-24/58afe77593c32.jpg
INFO: [ app_init ] --START--
INFO: Run Behavior\BuildLiteBehavior [ RunTime:0.000009s ]
INFO: [ app_init ] --END-- [ RunTime:0.000332s ]

[ 2018-07-24T18:05:31+08:00 ] 127.0.0.1 /Public/Home/images/page_banner.png
INFO: [ app_init ] --START--
INFO: Run Behavior\BuildLiteBehavior [ RunTime:0.000037s ]
INFO: [ app_init ] --END-- [ RunTime:0.000342s ]

438s ]

[ 2018-07-24T18:05:31+08:00 ] 127.0.0.1 /Uploads/picture/2018-07-17/5b4d9a50ad12d.jpg
INFO: [ app_init ] --START--
INFO: Run Behavior\BuildLiteBehavior [ RunTime:0.000010s ]
INFO: [ app_init ] --END-- [ RunTime:0.000347s ]

[ 2018-07-24T18:05:34+08:00 ] 127.0.0.1 /Uploads/picture/2017-02-24/58afe7934856c.jpg
INFO: [ app_init ] --START--
INFO: Run Behavior\BuildLiteBehavior [ RunTime:0.000023s ]
INFO: [ app_init ] --END-- [ RunTime:0.000314s ]

[ 2018-07-24T18:05:34+08:00 ] 127.0.0.1 /Uploads/picture/2017-02-17/58a6a7a73000d.jpg
INFO: [ app_init ] --START--
INFO: Run Behavior\BuildLiteBehavior [ RunTime:0.000008s ]
INFO: [ app_init ] --END-- [ RunTime:0.000299s ]

[ 2018-07-24T18:05:34+08:00 ] 127.0.0.1 /Public/Home/images/page_banner.png
INFO: [ app_init ] --START--
INFO: Run Behavior\BuildLiteBehavior [ RunTime:0.000006s ]
INFO: [ app_init ] --END-- [ RunTime:0.000285s ]

[ 2018-07-24T18:05:34+08:00 ] 127.0.0.1 /Uploads/picture/2018-07-17/5b4d9a50ad12d.jpg
INFO: [ app_init ] --START--
INFO: Run Behavior\BuildLiteBehavior [ RunTime:0.000009s ]
INFO: [ app_init ] --END-- [ RunTime:0.000326s ]

