[ 2018-07-20T17:30:27+08:00 ] 127.0.0.1 /Admin
INFO: [ app_init ] --START--
INFO: Run Behavior\BuildLiteBehavior [ RunTime:0.000012s ]
INFO: [ app_init ] --END-- [ RunTime:0.000393s ]
INFO: [ app_begin ] --START--
INFO: Run Behavior\ReadHtmlCacheBehavior [ RunTime:0.000671s ]
INFO: [ app_begin ] --END-- [ RunTime:0.000757s ]
SQL: SHOW COLUMNS FROM `rg_setting` [ RunTime:0.0238s ]
SQL: SELECT `id`,`name`,`key`,`value`,`widget`,`tip`,`type`,`sort` FROM `rg_setting`  [ RunTime:0.0007s ]
SQL: SHOW COLUMNS FROM `rg_manager` [ RunTime:0.0179s ]
SQL: SELECT `id`,`user`,`pass`,`nickname`,`lastlogintime`,`lastloginip`,`logintimes` FROM `rg_manager` WHERE `id` = 1 LIMIT 1   [ RunTime:0.0007s ]
SQL: SHOW COLUMNS FROM `rg_setting` [ RunTime:0.0122s ]
SQL: SELECT `key`,`value` FROM `rg_setting`  [ RunTime:0.0004s ]
INFO: [ view_parse ] --START--
INFO: [ template_filter ] --START--
INFO: Run Behavior\ContentReplaceBehavior [ RunTime:0.000074s ]
INFO: [ template_filter ] --END-- [ RunTime:0.000114s ]
INFO: Run Behavior\ParseTemplateBehavior [ RunTime:0.085972s ]
INFO: [ view_parse ] --END-- [ RunTime:0.086009s ]
INFO: [ view_filter ] --START--
INFO: Run Behavior\WriteHtmlCacheBehavior [ RunTime:0.000257s ]
INFO: [ view_filter ] --END-- [ RunTime:0.000275s ]
INFO: [ app_end ] --START--
INFO: Run Behavior\ShowPageTraceBehavior [ RunTime:0.000607s ]
INFO: [ app_end ] --END-- [ RunTime:0.000658s ]

[ 2018-07-20T17:30:27+08:00 ] 127.0.0.1 /Admin/Index/index_index.html
INFO: [ app_init ] --START--
INFO: Run Behavior\BuildLiteBehavior [ RunTime:0.000015s ]
INFO: [ app_init ] --END-- [ RunTime:0.000569s ]
INFO: [ app_begin ] --START--
INFO: Run Behavior\ReadHtmlCacheBehavior [ RunTime:0.000609s ]
INFO: [ app_begin ] --END-- [ RunTime:0.000647s ]
SQL: SHOW COLUMNS FROM `rg_setting` [ RunTime:0.0189s ]
SQL: SELECT `id`,`name`,`key`,`value`,`widget`,`tip`,`type`,`sort` FROM `rg_setting`  [ RunTime:0.0016s ]
SQL: SHOW COLUMNS FROM `rg_manager` [ RunTime:0.0130s ]
SQL: SELECT `id`,`user`,`pass`,`nickname`,`lastlogintime`,`lastloginip`,`logintimes` FROM `rg_manager` WHERE `id` = 1 LIMIT 1   [ RunTime:0.0006s ]
SQL: SHOW COLUMNS FROM `rg_article` [ RunTime:0.0192s ]
SQL: SELECT COUNT(*) AS tp_count FROM `rg_article` LIMIT 1   [ RunTime:0.0005s ]
SQL: SHOW COLUMNS FROM `rg_guestbook` [ RunTime:0.0150s ]
SQL: SELECT COUNT(*) AS tp_count FROM `rg_guestbook` LIMIT 1   [ RunTime:0.0006s ]
SQL: SHOW COLUMNS FROM `rg_ad` [ RunTime:0.0105s ]
SQL: SELECT COUNT(*) AS tp_count FROM `rg_ad` LIMIT 1   [ RunTime:0.0010s ]
SQL: SHOW COLUMNS FROM `rg_manager` [ RunTime:0.0104s ]
SQL: SELECT COUNT(*) AS tp_count FROM `rg_manager` LIMIT 1   [ RunTime:0.0002s ]
INFO: [ view_parse ] --START--
INFO: [ template_filter ] --START--
INFO: Run Behavior\ContentReplaceBehavior [ RunTime:0.000054s ]
INFO: [ template_filter ] --END-- [ RunTime:0.000107s ]
INFO: Run Behavior\ParseTemplateBehavior [ RunTime:0.009198s ]
INFO: [ view_parse ] --END-- [ RunTime:0.009225s ]
INFO: [ view_filter ] --START--
INFO: Run Behavior\WriteHtmlCacheBehavior [ RunTime:0.000254s ]
INFO: [ view_filter ] --END-- [ RunTime:0.000272s ]
INFO: [ app_end ] --START--
INFO: Run Behavior\ShowPageTraceBehavior [ RunTime:0.000412s ]
INFO: [ app_end ] --END-- [ RunTime:0.000429s ]

[ 2018-07-20T17:35:31+08:00 ] 127.0.0.1 /Admin
INFO: [ app_init ] --START--
INFO: Run Behavior\BuildLiteBehavior [ RunTime:0.000006s ]
INFO: [ app_init ] --END-- [ RunTime:0.000217s ]
INFO: [ app_begin ] --START--
INFO: Run Behavior\ReadHtmlCacheBehavior [ RunTime:0.000301s ]
INFO: [ app_begin ] --END-- [ RunTime:0.000325s ]
SQL: SHOW COLUMNS FROM `rg_setting` [ RunTime:0.0172s ]
SQL: SELECT `id`,`name`,`key`,`value`,`widget`,`tip`,`type`,`sort` FROM `rg_setting`  [ RunTime:0.0004s ]
SQL: SHOW COLUMNS FROM `rg_manager` [ RunTime:0.0154s ]
SQL: SELECT `id`,`user`,`pass`,`nickname`,`lastlogintime`,`lastloginip`,`logintimes` FROM `rg_manager` WHERE `id` = 1 LIMIT 1   [ RunTime:0.0003s ]
SQL: SHOW COLUMNS FROM `rg_setting` [ RunTime:0.0102s ]
SQL: SELECT `key`,`value` FROM `rg_setting`  [ RunTime:0.0003s ]
INFO: [ view_parse ] --START--
INFO: [ template_filter ] --START--
INFO: Run Behavior\ContentReplaceBehavior [ RunTime:0.000056s ]
INFO: [ template_filter ] --END-- [ RunTime:0.000074s ]
INFO: Run Behavior\ParseTemplateBehavior [ RunTime:0.048926s ]
INFO: [ view_parse ] --END-- [ RunTime:0.048951s ]
INFO: [ view_filter ] --START--
INFO: Run Behavior\WriteHtmlCacheBehavior [ RunTime:0.000177s ]
INFO: [ view_filter ] --END-- [ RunTime:0.000193s ]
INFO: [ app_end ] --START--
INFO: Run Behavior\ShowPageTraceBehavior [ RunTime:0.000464s ]
INFO: [ app_end ] --END-- [ RunTime:0.000483s ]

[ 2018-07-20T17:35:31+08:00 ] 127.0.0.1 /Admin/Index/index_index.html
INFO: [ app_init ] --START--
INFO: Run Behavior\BuildLiteBehavior [ RunTime:0.000011s ]
INFO: [ app_init ] --END-- [ RunTime:0.000362s ]
INFO: [ app_begin ] --START--
INFO: Run Behavior\ReadHtmlCacheBehavior [ RunTime:0.001575s ]
INFO: [ app_begin ] --END-- [ RunTime:0.001671s ]
SQL: SHOW COLUMNS FROM `rg_setting` [ RunTime:0.0125s ]
SQL: SELECT `id`,`name`,`key`,`value`,`widget`,`tip`,`type`,`sort` FROM `rg_setting`  [ RunTime:0.0007s ]
SQL: SHOW COLUMNS FROM `rg_manager` [ RunTime:0.0099s ]
SQL: SELECT `id`,`user`,`pass`,`nickname`,`lastlogintime`,`lastloginip`,`logintimes` FROM `rg_manager` WHERE `id` = 1 LIMIT 1   [ RunTime:0.0003s ]
SQL: SHOW COLUMNS FROM `rg_article` [ RunTime:0.0140s ]
SQL: SELECT COUNT(*) AS tp_count FROM `rg_article` LIMIT 1   [ RunTime:0.0004s ]
SQL: SHOW COLUMNS FROM `rg_guestbook` [ RunTime:0.0147s ]
SQL: SELECT COUNT(*) AS tp_count FROM `rg_guestbook` LIMIT 1   [ RunTime:0.0004s ]
SQL: SHOW COLUMNS FROM `rg_ad` [ RunTime:0.0125s ]
SQL: SELECT COUNT(*) AS tp_count FROM `rg_ad` LIMIT 1   [ RunTime:0.0003s ]
SQL: SHOW COLUMNS FROM `rg_manager` [ RunTime:0.0104s ]
SQL: SELECT COUNT(*) AS tp_count FROM `rg_manager` LIMIT 1   [ RunTime:0.0004s ]
INFO: [ view_parse ] --START--
INFO: [ template_filter ] --START--
INFO: Run Behavior\ContentReplaceBehavior [ RunTime:0.000030s ]
INFO: [ template_filter ] --END-- [ RunTime:0.000051s ]
INFO: Run Behavior\ParseTemplateBehavior [ RunTime:0.008143s ]
INFO: [ view_parse ] --END-- [ RunTime:0.008171s ]
INFO: [ view_filter ] --START--
INFO: Run Behavior\WriteHtmlCacheBehavior [ RunTime:0.000474s ]
INFO: [ view_filter ] --END-- [ RunTime:0.000491s ]
INFO: [ app_end ] --START--
INFO: Run Behavior\ShowPageTraceBehavior [ RunTime:0.000430s ]
INFO: [ app_end ] --END-- [ RunTime:0.000448s ]

[ 2018-07-20T17:35:33+08:00 ] 127.0.0.1 /Admin/Index/index_index.html
INFO: [ app_init ] --START--
INFO: Run Behavior\BuildLiteBehavior [ RunTime:0.000007s ]
INFO: [ app_init ] --END-- [ RunTime:0.000269s ]
INFO: [ app_begin ] --START--
INFO: Run Behavior\ReadHtmlCacheBehavior [ RunTime:0.000395s ]
INFO: [ app_begin ] --END-- [ RunTime:0.000416s ]
SQL: SHOW COLUMNS FROM `rg_setting` [ RunTime:0.0204s ]
SQL: SELECT `id`,`name`,`key`,`value`,`widget`,`tip`,`type`,`sort` FROM `rg_setting`  [ RunTime:0.0007s ]
SQL: SHOW COLUMNS FROM `rg_manager` [ RunTime:0.0125s ]
SQL: SELECT `id`,`user`,`pass`,`nickname`,`lastlogintime`,`lastloginip`,`logintimes` FROM `rg_manager` WHERE `id` = 1 LIMIT 1   [ RunTime:0.0007s ]
SQL: SHOW COLUMNS FROM `rg_article` [ RunTime:0.0148s ]
SQL: SELECT COUNT(*) AS tp_count FROM `rg_article` LIMIT 1   [ RunTime:0.0004s ]
SQL: SHOW COLUMNS FROM `rg_guestbook` [ RunTime:0.0135s ]
SQL: SELECT COUNT(*) AS tp_count FROM `rg_guestbook` LIMIT 1   [ RunTime:0.0003s ]
SQL: SHOW COLUMNS FROM `rg_ad` [ RunTime:0.0107s ]
SQL: SELECT COUNT(*) AS tp_count FROM `rg_ad` LIMIT 1   [ RunTime:0.0003s ]
SQL: SHOW COLUMNS FROM `rg_manager` [ RunTime:0.0102s ]
SQL: SELECT COUNT(*) AS tp_count FROM `rg_manager` LIMIT 1   [ RunTime:0.0003s ]
INFO: [ view_parse ] --START--
INFO: [ template_filter ] --START--
INFO: Run Behavior\ContentReplaceBehavior [ RunTime:0.000028s ]
INFO: [ template_filter ] --END-- [ RunTime:0.000050s ]
INFO: Run Behavior\ParseTemplateBehavior [ RunTime:0.008486s ]
INFO: [ view_parse ] --END-- [ RunTime:0.008512s ]
INFO: [ view_filter ] --START--
INFO: Run Behavior\WriteHtmlCacheBehavior [ RunTime:0.000248s ]
INFO: [ view_filter ] --END-- [ RunTime:0.000265s ]
INFO: [ app_end ] --START--
INFO: Run Behavior\ShowPageTraceBehavior [ RunTime:0.000394s ]
INFO: [ app_end ] --END-- [ RunTime:0.000412s ]

[ 2018-07-20T17:35:34+08:00 ] 127.0.0.1 /Admin/Nav/index.html
INFO: [ app_init ] --START--
INFO: Run Behavior\BuildLiteBehavior [ RunTime:0.000006s ]
INFO: [ app_init ] --END-- [ RunTime:0.000211s ]
INFO: [ app_begin ] --START--
INFO: Run Behavior\ReadHtmlCacheBehavior [ RunTime:0.000285s ]
INFO: [ app_begin ] --END-- [ RunTime:0.000304s ]
SQL: SHOW COLUMNS FROM `rg_setting` [ RunTime:0.0175s ]
SQL: SELECT `id`,`name`,`key`,`value`,`widget`,`tip`,`type`,`sort` FROM `rg_setting`  [ RunTime:0.0005s ]
SQL: SHOW COLUMNS FROM `rg_manager` [ RunTime:0.0137s ]
SQL: SELECT `id`,`user`,`pass`,`nickname`,`lastlogintime`,`lastloginip`,`logintimes` FROM `rg_manager` WHERE `id` = 1 LIMIT 1   [ RunTime:0.0005s ]
SQL: SHOW COLUMNS FROM `rg_nav_cate` [ RunTime:0.0136s ]
SQL: SELECT `id`,`name_en`,`name_cn`,`path`,`fullpath`,`sort`,`url`,`target`,`is_show` FROM `rg_nav_cate` WHERE `id` = 0 LIMIT 1   [ RunTime:0.0005s ]
SQL: SELECT * FROM `rg_nav_cate` ORDER BY sort asc  [ RunTime:0.0004s ]
NOTIC: [8] Only variables should be passed by reference D:\xampp\htdocs\tpcms\RAPP\Admin\Controller\NavController.class.php 第 10 行.
NOTIC: [8] Only variables should be passed by reference D:\xampp\htdocs\tpcms\RAPP\Admin\Controller\NavController.class.php 第 10 行.
NOTIC: [8] Only variables should be passed by reference D:\xampp\htdocs\tpcms\RAPP\Admin\Controller\NavController.class.php 第 10 行.
NOTIC: [8] Only variables should be passed by reference D:\xampp\htdocs\tpcms\RAPP\Admin\Controller\NavController.class.php 第 10 行.
NOTIC: [8] Only variables should be passed by reference D:\xampp\htdocs\tpcms\RAPP\Admin\Controller\NavController.class.php 第 10 行.
NOTIC: [8] Only variables should be passed by reference D:\xampp\htdocs\tpcms\RAPP\Admin\Controller\NavController.class.php 第 10 行.
NOTIC: [8] Only variables should be passed by reference D:\xampp\htdocs\tpcms\RAPP\Admin\Controller\NavController.class.php 第 10 行.
NOTIC: [8] Only variables should be passed by reference D:\xampp\htdocs\tpcms\RAPP\Admin\Controller\NavController.class.php 第 10 行.
INFO: [ view_parse ] --START--
INFO: [ template_filter ] --START--
INFO: Run Behavior\ContentReplaceBehavior [ RunTime:0.000051s ]
INFO: [ template_filter ] --END-- [ RunTime:0.000070s ]
INFO: Run Behavior\ParseTemplateBehavior [ RunTime:0.044114s ]
INFO: [ view_parse ] --END-- [ RunTime:0.044140s ]
INFO: [ view_filter ] --START--
INFO: Run Behavior\WriteHtmlCacheBehavior [ RunTime:0.000175s ]
INFO: [ view_filter ] --END-- [ RunTime:0.000193s ]
INFO: [ app_end ] --START--
INFO: Run Behavior\ShowPageTraceBehavior [ RunTime:0.000400s ]
INFO: [ app_end ] --END-- [ RunTime:0.000420s ]

[ 2018-07-20T17:35:37+08:00 ] 127.0.0.1 /Admin/Article/index.html
INFO: [ app_init ] --START--
INFO: Run Behavior\BuildLiteBehavior [ RunTime:0.000025s ]
INFO: [ app_init ] --END-- [ RunTime:0.000352s ]
INFO: [ app_begin ] --START--
INFO: Run Behavior\ReadHtmlCacheBehavior [ RunTime:0.000316s ]
INFO: [ app_begin ] --END-- [ RunTime:0.000340s ]
SQL: SHOW COLUMNS FROM `rg_setting` [ RunTime:0.0185s ]
SQL: SELECT `id`,`name`,`key`,`value`,`widget`,`tip`,`type`,`sort` FROM `rg_setting`  [ RunTime:0.0004s ]
SQL: SHOW COLUMNS FROM `rg_manager` [ RunTime:0.0141s ]
SQL: SELECT `id`,`user`,`pass`,`nickname`,`lastlogintime`,`lastloginip`,`logintimes` FROM `rg_manager` WHERE `id` = 1 LIMIT 1   [ RunTime:0.0003s ]
SQL: SHOW COLUMNS FROM `rg_article_cate` [ RunTime:0.0156s ]
SQL: SELECT `id`,`name_cn`,`name_en`,`path`,`fullpath`,`sort`,`thumb`,`is_able`,`is_show` FROM `rg_article_cate` WHERE `id` = 0 LIMIT 1   [ RunTime:0.0005s ]
SQL: SELECT * FROM `rg_article_cate` ORDER BY sort asc  [ RunTime:0.0004s ]
SQL: SHOW COLUMNS FROM `rg_article` [ RunTime:0.0142s ]
NOTIC: [8] Undefined index: cate_id D:\xampp\htdocs\tpcms\RAPP\Admin\Controller\ArticleController.class.php 第 16 行.
NOTIC: [8] Undefined index: title D:\xampp\htdocs\tpcms\RAPP\Admin\Controller\ArticleController.class.php 第 19 行.
NOTIC: [8] Undefined variable: where D:\xampp\htdocs\tpcms\RAPP\Admin\Controller\ArticleController.class.php 第 22 行.
SQL: SELECT COUNT(*) AS tp_count FROM `rg_article` LIMIT 1   [ RunTime:0.0003s ]
NOTIC: [8] Undefined variable: where D:\xampp\htdocs\tpcms\RAPP\Admin\Controller\ArticleController.class.php 第 26 行.
SQL: SELECT `id`,`cate_id`,`title`,`title_color`,`url`,`thumb`,`created_at`,`updated_at`,`click`,`body`,`keywords`,`description`,`sort`,`is_stick`,`extattr` FROM `rg_article` ORDER BY is_stick desc,sort,updated_at desc LIMIT 0,30   [ RunTime:0.0004s ]
SQL: SELECT `id`,`name_cn`,`name_en`,`path`,`fullpath`,`sort`,`thumb`,`is_able`,`is_show` FROM `rg_article_cate` WHERE `id` = 0 LIMIT 1   [ RunTime:0.0003s ]
SQL: SELECT * FROM `rg_article_cate` ORDER BY sort asc  [ RunTime:0.0003s ]
INFO: [ view_parse ] --START--
INFO: [ template_filter ] --START--
INFO: Run Behavior\ContentReplaceBehavior [ RunTime:0.000044s ]
INFO: [ template_filter ] --END-- [ RunTime:0.000062s ]
NOTIC: [8] Undefined index: cate_id D:\xampp\htdocs\tpcms\Runtime\Cache\Admin\8e35d541e8f27addc64a8b0f0e68393b.php 第 98 行.
NOTIC: [8] Undefined index: cate_id D:\xampp\htdocs\tpcms\Runtime\Cache\Admin\8e35d541e8f27addc64a8b0f0e68393b.php 第 107 行.
NOTIC: [8] Undefined index: cate_id D:\xampp\htdocs\tpcms\Runtime\Cache\Admin\8e35d541e8f27addc64a8b0f0e68393b.php 第 107 行.
NOTIC: [8] Undefined index: cate_id D:\xampp\htdocs\tpcms\Runtime\Cache\Admin\8e35d541e8f27addc64a8b0f0e68393b.php 第 107 行.
NOTIC: [8] Undefined index: title D:\xampp\htdocs\tpcms\Runtime\Cache\Admin\8e35d541e8f27addc64a8b0f0e68393b.php 第 112 行.
NOTIC: [8] Undefined index: pid D:\xampp\htdocs\tpcms\Runtime\Cache\Admin\8e35d541e8f27addc64a8b0f0e68393b.php 第 147 行.
NOTIC: [8] Undefined index: pid D:\xampp\htdocs\tpcms\Runtime\Cache\Admin\8e35d541e8f27addc64a8b0f0e68393b.php 第 147 行.
NOTIC: [8] Undefined index: pid D:\xampp\htdocs\tpcms\Runtime\Cache\Admin\8e35d541e8f27addc64a8b0f0e68393b.php 第 147 行.
NOTIC: [8] Undefined index: pid D:\xampp\htdocs\tpcms\Runtime\Cache\Admin\8e35d541e8f27addc64a8b0f0e68393b.php 第 147 行.
NOTIC: [8] Undefined index: pid D:\xampp\htdocs\tpcms\Runtime\Cache\Admin\8e35d541e8f27addc64a8b0f0e68393b.php 第 147 行.
NOTIC: [8] Undefined index: pid D:\xampp\htdocs\tpcms\Runtime\Cache\Admin\8e35d541e8f27addc64a8b0f0e68393b.php 第 147 行.
NOTIC: [8] Undefined index: pid D:\xampp\htdocs\tpcms\Runtime\Cache\Admin\8e35d541e8f27addc64a8b0f0e68393b.php 第 147 行.
NOTIC: [8] Undefined index: pid D:\xampp\htdocs\tpcms\Runtime\Cache\Admin\8e35d541e8f27addc64a8b0f0e68393b.php 第 147 行.
NOTIC: [8] Undefined index: pid D:\xampp\htdocs\tpcms\Runtime\Cache\Admin\8e35d541e8f27addc64a8b0f0e68393b.php 第 147 行.
INFO: Run Behavior\ParseTemplateBehavior [ RunTime:0.060826s ]
INFO: [ view_parse ] --END-- [ RunTime:0.060849s ]
INFO: [ view_filter ] --START--
INFO: Run Behavior\WriteHtmlCacheBehavior [ RunTime:0.000250s ]
INFO: [ view_filter ] --END-- [ RunTime:0.000282s ]
INFO: [ app_end ] --START--
INFO: Run Behavior\ShowPageTraceBehavior [ RunTime:0.000801s ]
INFO: [ app_end ] --END-- [ RunTime:0.000864s ]

[ 2018-07-20T17:35:41+08:00 ] 127.0.0.1 /Admin/ArticleCate/index.html
INFO: [ app_init ] --START--
INFO: Run Behavior\BuildLiteBehavior [ RunTime:0.000006s ]
INFO: [ app_init ] --END-- [ RunTime:0.000219s ]
INFO: [ app_begin ] --START--
INFO: Run Behavior\ReadHtmlCacheBehavior [ RunTime:0.000337s ]
INFO: [ app_begin ] --END-- [ RunTime:0.000365s ]
SQL: SHOW COLUMNS FROM `rg_setting` [ RunTime:0.0187s ]
SQL: SELECT `id`,`name`,`key`,`value`,`widget`,`tip`,`type`,`sort` FROM `rg_setting`  [ RunTime:0.0006s ]
SQL: SHOW COLUMNS FROM `rg_manager` [ RunTime:0.0164s ]
SQL: SELECT `id`,`user`,`pass`,`nickname`,`lastlogintime`,`lastloginip`,`logintimes` FROM `rg_manager` WHERE `id` = 1 LIMIT 1   [ RunTime:0.0004s ]
SQL: SHOW COLUMNS FROM `rg_article_cate` [ RunTime:0.0152s ]
SQL: SELECT `id`,`name_cn`,`name_en`,`path`,`fullpath`,`sort`,`thumb`,`is_able`,`is_show` FROM `rg_article_cate` WHERE `id` = 0 LIMIT 1   [ RunTime:0.0003s ]
SQL: SELECT * FROM `rg_article_cate` ORDER BY sort asc  [ RunTime:0.0003s ]
SQL: SHOW COLUMNS FROM `rg_article` [ RunTime:0.0159s ]
SQL: SELECT COUNT(*) AS tp_count FROM `rg_article` WHERE `cate_id` = 1 LIMIT 1   [ RunTime:0.0003s ]
NOTIC: [8] Only variables should be passed by reference D:\xampp\htdocs\tpcms\RAPP\Admin\Controller\ArticleCateController.class.php 第 12 行.
SQL: SELECT COUNT(*) AS tp_count FROM `rg_article` WHERE `cate_id` = 4 LIMIT 1   [ RunTime:0.0002s ]
NOTIC: [8] Only variables should be passed by reference D:\xampp\htdocs\tpcms\RAPP\Admin\Controller\ArticleCateController.class.php 第 12 行.
SQL: SELECT COUNT(*) AS tp_count FROM `rg_article` WHERE `cate_id` = 3 LIMIT 1   [ RunTime:0.0002s ]
NOTIC: [8] Only variables should be passed by reference D:\xampp\htdocs\tpcms\RAPP\Admin\Controller\ArticleCateController.class.php 第 12 行.
INFO: [ view_parse ] --START--
INFO: [ template_filter ] --START--
INFO: Run Behavior\ContentReplaceBehavior [ RunTime:0.000051s ]
INFO: [ template_filter ] --END-- [ RunTime:0.000070s ]
INFO: Run Behavior\ParseTemplateBehavior [ RunTime:0.059550s ]
INFO: [ view_parse ] --END-- [ RunTime:0.059626s ]
INFO: [ view_filter ] --START--
INFO: Run Behavior\WriteHtmlCacheBehavior [ RunTime:0.000568s ]
INFO: [ view_filter ] --END-- [ RunTime:0.000589s ]
INFO: [ app_end ] --START--
INFO: Run Behavior\ShowPageTraceBehavior [ RunTime:0.000626s ]
INFO: [ app_end ] --END-- [ RunTime:0.000657s ]

[ 2018-07-20T17:35:42+08:00 ] 127.0.0.1 /Admin/Guestbook/index.html
INFO: [ app_init ] --START--
INFO: Run Behavior\BuildLiteBehavior [ RunTime:0.000007s ]
INFO: [ app_init ] --END-- [ RunTime:0.000229s ]
INFO: [ app_begin ] --START--
INFO: Run Behavior\ReadHtmlCacheBehavior [ RunTime:0.000295s ]
INFO: [ app_begin ] --END-- [ RunTime:0.000318s ]
SQL: SHOW COLUMNS FROM `rg_setting` [ RunTime:0.0205s ]
SQL: SELECT `id`,`name`,`key`,`value`,`widget`,`tip`,`type`,`sort` FROM `rg_setting`  [ RunTime:0.0004s ]
SQL: SHOW COLUMNS FROM `rg_manager` [ RunTime:0.0148s ]
SQL: SELECT `id`,`user`,`pass`,`nickname`,`lastlogintime`,`lastloginip`,`logintimes` FROM `rg_manager` WHERE `id` = 1 LIMIT 1   [ RunTime:0.0003s ]
NOTIC: [8] Undefined index: time_begin D:\xampp\htdocs\tpcms\RAPP\Admin\Controller\GuestbookController.class.php 第 22 行.
NOTIC: [8] Undefined index: time_end D:\xampp\htdocs\tpcms\RAPP\Admin\Controller\GuestbookController.class.php 第 28 行.
SQL: SHOW COLUMNS FROM `rg_guestbook` [ RunTime:0.0156s ]
SQL: SELECT COUNT(*) AS tp_count FROM `rg_guestbook` LIMIT 1   [ RunTime:0.0004s ]
SQL: SELECT * FROM `rg_guestbook` ORDER BY id desc LIMIT 0,15   [ RunTime:0.0004s ]
INFO: [ view_parse ] --START--
INFO: [ template_filter ] --START--
INFO: Run Behavior\ContentReplaceBehavior [ RunTime:0.000040s ]
INFO: [ template_filter ] --END-- [ RunTime:0.000079s ]
NOTIC: [8] Undefined index: time_begin D:\xampp\htdocs\tpcms\Runtime\Cache\Admin\79fd8482efca6fb1916da8bf6ec38e85.php 第 119 行.
NOTIC: [8] Undefined index: time_end D:\xampp\htdocs\tpcms\Runtime\Cache\Admin\79fd8482efca6fb1916da8bf6ec38e85.php 第 150 行.
NOTIC: [8] Undefined index: body D:\xampp\htdocs\tpcms\Runtime\Cache\Admin\79fd8482efca6fb1916da8bf6ec38e85.php 第 167 行.
NOTIC: [8] Undefined index: phone D:\xampp\htdocs\tpcms\Runtime\Cache\Admin\79fd8482efca6fb1916da8bf6ec38e85.php 第 170 行.
INFO: Run Behavior\ParseTemplateBehavior [ RunTime:0.047704s ]
INFO: [ view_parse ] --END-- [ RunTime:0.047731s ]
INFO: [ view_filter ] --START--
INFO: Run Behavior\WriteHtmlCacheBehavior [ RunTime:0.000174s ]
INFO: [ view_filter ] --END-- [ RunTime:0.000190s ]
INFO: [ app_end ] --START--
INFO: Run Behavior\ShowPageTraceBehavior [ RunTime:0.000556s ]
INFO: [ app_end ] --END-- [ RunTime:0.000599s ]

[ 2018-07-20T17:35:42+08:00 ] 127.0.0.1 /Admin/Map/index.html
INFO: [ app_init ] --START--
INFO: Run Behavior\BuildLiteBehavior [ RunTime:0.000008s ]
INFO: [ app_init ] --END-- [ RunTime:0.000354s ]
INFO: [ app_begin ] --START--
INFO: Run Behavior\ReadHtmlCacheBehavior [ RunTime:0.000474s ]
INFO: [ app_begin ] --END-- [ RunTime:0.000498s ]
SQL: SHOW COLUMNS FROM `rg_setting` [ RunTime:0.0090s ]
SQL: SELECT `id`,`name`,`key`,`value`,`widget`,`tip`,`type`,`sort` FROM `rg_setting`  [ RunTime:0.0004s ]
SQL: SHOW COLUMNS FROM `rg_manager` [ RunTime:0.0130s ]
SQL: SELECT `id`,`user`,`pass`,`nickname`,`lastlogintime`,`lastloginip`,`logintimes` FROM `rg_manager` WHERE `id` = 1 LIMIT 1   [ RunTime:0.0004s ]
NOTIC: [8] Undefined index: title D:\xampp\htdocs\tpcms\RAPP\Admin\Controller\MapController.class.php 第 12 行.
SQL: SHOW COLUMNS FROM `rg_map` [ RunTime:0.0156s ]
SQL: SELECT COUNT(*) AS tp_count FROM `rg_map` LIMIT 1   [ RunTime:0.0004s ]
SQL: SELECT `id`,`title`,`lng`,`lat`,`zoom`,`description`,`address`,`phone`,`email`,`qq`,`created_at`,`updated_at` FROM `rg_map` ORDER BY `id` desc LIMIT 0,15   [ RunTime:0.0004s ]
INFO: [ view_parse ] --START--
INFO: [ template_filter ] --START--
INFO: Run Behavior\ContentReplaceBehavior [ RunTime:0.000035s ]
INFO: [ template_filter ] --END-- [ RunTime:0.000063s ]
NOTIC: [8] Undefined variable: cate_id D:\xampp\htdocs\tpcms\Runtime\Cache\Admin\30079805d006878407d32ef133b6b53b.php 第 99 行.
NOTIC: [8] Undefined index: title D:\xampp\htdocs\tpcms\Runtime\Cache\Admin\30079805d006878407d32ef133b6b53b.php 第 107 行.
INFO: Run Behavior\ParseTemplateBehavior [ RunTime:0.009258s ]
INFO: [ view_parse ] --END-- [ RunTime:0.009280s ]
INFO: [ view_filter ] --START--
INFO: Run Behavior\WriteHtmlCacheBehavior [ RunTime:0.000173s ]
INFO: [ view_filter ] --END-- [ RunTime:0.000189s ]
INFO: [ app_end ] --START--
INFO: Run Behavior\ShowPageTraceBehavior [ RunTime:0.000481s ]
INFO: [ app_end ] --END-- [ RunTime:0.000537s ]

[ 2018-07-20T17:35:43+08:00 ] 127.0.0.1 /Admin/Ad/index.html
INFO: [ app_init ] --START--
INFO: Run Behavior\BuildLiteBehavior [ RunTime:0.000021s ]
INFO: [ app_init ] --END-- [ RunTime:0.000384s ]
INFO: [ app_begin ] --START--
INFO: Run Behavior\ReadHtmlCacheBehavior [ RunTime:0.000448s ]
INFO: [ app_begin ] --END-- [ RunTime:0.000479s ]
SQL: SHOW COLUMNS FROM `rg_setting` [ RunTime:0.0268s ]
SQL: SELECT `id`,`name`,`key`,`value`,`widget`,`tip`,`type`,`sort` FROM `rg_setting`  [ RunTime:0.0005s ]
SQL: SHOW COLUMNS FROM `rg_manager` [ RunTime:0.0125s ]
SQL: SELECT `id`,`user`,`pass`,`nickname`,`lastlogintime`,`lastloginip`,`logintimes` FROM `rg_manager` WHERE `id` = 1 LIMIT 1   [ RunTime:0.0008s ]
SQL: SHOW COLUMNS FROM `rg_ad_cate` [ RunTime:0.0158s ]
SQL: SELECT * FROM `rg_ad_cate` ORDER BY sort asc,id desc  [ RunTime:0.0006s ]
NOTIC: [8] Undefined index: cate_id D:\xampp\htdocs\tpcms\RAPP\Admin\Controller\AdController.class.php 第 16 行.
SQL: SHOW COLUMNS FROM `rg_ad` [ RunTime:0.0133s ]
SQL: SELECT COUNT(*) AS tp_count FROM `rg_ad` LIMIT 1   [ RunTime:0.0003s ]
SQL: SELECT `id`,`cate_id`,`title`,`thumb`,`url`,`target`,`created_at`,`updated_at`,`end_at`,`sort` FROM `rg_ad` ORDER BY `sort`,`id` asc LIMIT 0,15   [ RunTime:0.0007s ]
INFO: [ view_parse ] --START--
INFO: [ template_filter ] --START--
INFO: Run Behavior\ContentReplaceBehavior [ RunTime:0.000082s ]
INFO: [ template_filter ] --END-- [ RunTime:0.000141s ]
NOTIC: [8] Undefined variable: cate_id D:\xampp\htdocs\tpcms\Runtime\Cache\Admin\8abb010ce00b50015ebc90874e798ac9.php 第 99 行.
NOTIC: [8] Undefined index: cate_id D:\xampp\htdocs\tpcms\Runtime\Cache\Admin\8abb010ce00b50015ebc90874e798ac9.php 第 109 行.
NOTIC: [8] Undefined index: cate_id D:\xampp\htdocs\tpcms\Runtime\Cache\Admin\8abb010ce00b50015ebc90874e798ac9.php 第 109 行.
NOTIC: [8] Undefined index: cate_id D:\xampp\htdocs\tpcms\Runtime\Cache\Admin\8abb010ce00b50015ebc90874e798ac9.php 第 109 行.
NOTIC: [8] Undefined index: cate_id D:\xampp\htdocs\tpcms\Runtime\Cache\Admin\8abb010ce00b50015ebc90874e798ac9.php 第 109 行.
NOTIC: [8] Undefined index: cate_id D:\xampp\htdocs\tpcms\Runtime\Cache\Admin\8abb010ce00b50015ebc90874e798ac9.php 第 109 行.
INFO: Run Behavior\ParseTemplateBehavior [ RunTime:0.050258s ]
INFO: [ view_parse ] --END-- [ RunTime:0.050296s ]
INFO: [ view_filter ] --START--
INFO: Run Behavior\WriteHtmlCacheBehavior [ RunTime:0.000406s ]
INFO: [ view_filter ] --END-- [ RunTime:0.000426s ]
INFO: [ app_end ] --START--
INFO: Run Behavior\ShowPageTraceBehavior [ RunTime:0.000489s ]
INFO: [ app_end ] --END-- [ RunTime:0.000510s ]

[ 2018-07-20T17:35:44+08:00 ] 127.0.0.1 /Admin/AdCate/index.html
INFO: [ app_init ] --START--
INFO: Run Behavior\BuildLiteBehavior [ RunTime:0.000007s ]
INFO: [ app_init ] --END-- [ RunTime:0.000221s ]
INFO: [ app_begin ] --START--
INFO: Run Behavior\ReadHtmlCacheBehavior [ RunTime:0.000508s ]
INFO: [ app_begin ] --END-- [ RunTime:0.000536s ]
SQL: SHOW COLUMNS FROM `rg_setting` [ RunTime:0.0169s ]
SQL: SELECT `id`,`name`,`key`,`value`,`widget`,`tip`,`type`,`sort` FROM `rg_setting`  [ RunTime:0.0007s ]
SQL: SHOW COLUMNS FROM `rg_manager` [ RunTime:0.0127s ]
SQL: SELECT `id`,`user`,`pass`,`nickname`,`lastlogintime`,`lastloginip`,`logintimes` FROM `rg_manager` WHERE `id` = 1 LIMIT 1   [ RunTime:0.0006s ]
SQL: SHOW COLUMNS FROM `rg_ad_cate` [ RunTime:0.0144s ]
SQL: SELECT COUNT(*) AS tp_count FROM `rg_ad_cate` LIMIT 1   [ RunTime:0.0003s ]
SQL: SELECT `id`,`name`,`sort`,`width`,`height` FROM `rg_ad_cate` ORDER BY sort asc,id desc LIMIT 0,15   [ RunTime:0.0010s ]
SQL: SHOW COLUMNS FROM `rg_ad` [ RunTime:0.0480s ]
SQL: SELECT COUNT(*) AS tp_count FROM `rg_ad` WHERE `cate_id` = 4 LIMIT 1   [ RunTime:0.0003s ]
SQL: SELECT COUNT(*) AS tp_count FROM `rg_ad` WHERE `cate_id` = 2 LIMIT 1   [ RunTime:0.0003s ]
SQL: SELECT COUNT(*) AS tp_count FROM `rg_ad` WHERE `cate_id` = 5 LIMIT 1   [ RunTime:0.0003s ]
SQL: SELECT COUNT(*) AS tp_count FROM `rg_ad` WHERE `cate_id` = 3 LIMIT 1   [ RunTime:0.0002s ]
SQL: SELECT COUNT(*) AS tp_count FROM `rg_ad` WHERE `cate_id` = 1 LIMIT 1   [ RunTime:0.0003s ]
INFO: [ view_parse ] --START--
INFO: [ template_filter ] --START--
INFO: Run Behavior\ContentReplaceBehavior [ RunTime:0.000036s ]
INFO: [ template_filter ] --END-- [ RunTime:0.000059s ]
INFO: Run Behavior\ParseTemplateBehavior [ RunTime:0.036318s ]
INFO: [ view_parse ] --END-- [ RunTime:0.036365s ]
INFO: [ view_filter ] --START--
INFO: Run Behavior\WriteHtmlCacheBehavior [ RunTime:0.000310s ]
INFO: [ view_filter ] --END-- [ RunTime:0.000328s ]
INFO: [ app_end ] --START--
INFO: Run Behavior\ShowPageTraceBehavior [ RunTime:0.000404s ]
INFO: [ app_end ] --END-- [ RunTime:0.000424s ]

[ 2018-07-20T17:35:45+08:00 ] 127.0.0.1 /Admin/Ad/index.html
INFO: [ app_init ] --START--
INFO: Run Behavior\BuildLiteBehavior [ RunTime:0.000006s ]
INFO: [ app_init ] --END-- [ RunTime:0.000259s ]
INFO: [ app_begin ] --START--
INFO: Run Behavior\ReadHtmlCacheBehavior [ RunTime:0.000297s ]
INFO: [ app_begin ] --END-- [ RunTime:0.000318s ]
SQL: SHOW COLUMNS FROM `rg_setting` [ RunTime:0.0173s ]
SQL: SELECT `id`,`name`,`key`,`value`,`widget`,`tip`,`type`,`sort` FROM `rg_setting`  [ RunTime:0.0003s ]
SQL: SHOW COLUMNS FROM `rg_manager` [ RunTime:0.0143s ]
SQL: SELECT `id`,`user`,`pass`,`nickname`,`lastlogintime`,`lastloginip`,`logintimes` FROM `rg_manager` WHERE `id` = 1 LIMIT 1   [ RunTime:0.0003s ]
SQL: SHOW COLUMNS FROM `rg_ad_cate` [ RunTime:0.0152s ]
SQL: SELECT * FROM `rg_ad_cate` ORDER BY sort asc,id desc  [ RunTime:0.0003s ]
NOTIC: [8] Undefined index: cate_id D:\xampp\htdocs\tpcms\RAPP\Admin\Controller\AdController.class.php 第 16 行.
SQL: SHOW COLUMNS FROM `rg_ad` [ RunTime:0.0154s ]
SQL: SELECT COUNT(*) AS tp_count FROM `rg_ad` LIMIT 1   [ RunTime:0.0002s ]
SQL: SELECT `id`,`cate_id`,`title`,`thumb`,`url`,`target`,`created_at`,`updated_at`,`end_at`,`sort` FROM `rg_ad` ORDER BY `sort`,`id` asc LIMIT 0,15   [ RunTime:0.0003s ]
INFO: [ view_parse ] --START--
INFO: [ template_filter ] --START--
INFO: Run Behavior\ContentReplaceBehavior [ RunTime:0.000061s ]
INFO: [ template_filter ] --END-- [ RunTime:0.000097s ]
NOTIC: [8] Undefined variable: cate_id D:\xampp\htdocs\tpcms\Runtime\Cache\Admin\8abb010ce00b50015ebc90874e798ac9.php 第 99 行.
NOTIC: [8] Undefined index: cate_id D:\xampp\htdocs\tpcms\Runtime\Cache\Admin\8abb010ce00b50015ebc90874e798ac9.php 第 109 行.
NOTIC: [8] Undefined index: cate_id D:\xampp\htdocs\tpcms\Runtime\Cache\Admin\8abb010ce00b50015ebc90874e798ac9.php 第 109 行.
NOTIC: [8] Undefined index: cate_id D:\xampp\htdocs\tpcms\Runtime\Cache\Admin\8abb010ce00b50015ebc90874e798ac9.php 第 109 行.
NOTIC: [8] Undefined index: cate_id D:\xampp\htdocs\tpcms\Runtime\Cache\Admin\8abb010ce00b50015ebc90874e798ac9.php 第 109 行.
NOTIC: [8] Undefined index: cate_id D:\xampp\htdocs\tpcms\Runtime\Cache\Admin\8abb010ce00b50015ebc90874e798ac9.php 第 109 行.
INFO: Run Behavior\ParseTemplateBehavior [ RunTime:0.047984s ]
INFO: [ view_parse ] --END-- [ RunTime:0.048006s ]
INFO: [ view_filter ] --START--
INFO: Run Behavior\WriteHtmlCacheBehavior [ RunTime:0.000177s ]
INFO: [ view_filter ] --END-- [ RunTime:0.000193s ]
INFO: [ app_end ] --START--
INFO: Run Behavior\ShowPageTraceBehavior [ RunTime:0.000329s ]
INFO: [ app_end ] --END-- [ RunTime:0.000350s ]

[ 2018-07-20T17:35:46+08:00 ] 127.0.0.1 /Admin/Article/index.html
INFO: [ app_init ] --START--
INFO: Run Behavior\BuildLiteBehavior [ RunTime:0.000005s ]
INFO: [ app_init ] --END-- [ RunTime:0.000242s ]
INFO: [ app_begin ] --START--
INFO: Run Behavior\ReadHtmlCacheBehavior [ RunTime:0.000382s ]
INFO: [ app_begin ] --END-- [ RunTime:0.000403s ]
SQL: SHOW COLUMNS FROM `rg_setting` [ RunTime:0.0212s ]
SQL: SELECT `id`,`name`,`key`,`value`,`widget`,`tip`,`type`,`sort` FROM `rg_setting`  [ RunTime:0.0003s ]
SQL: SHOW COLUMNS FROM `rg_manager` [ RunTime:0.0158s ]
SQL: SELECT `id`,`user`,`pass`,`nickname`,`lastlogintime`,`lastloginip`,`logintimes` FROM `rg_manager` WHERE `id` = 1 LIMIT 1   [ RunTime:0.0004s ]
SQL: SHOW COLUMNS FROM `rg_article_cate` [ RunTime:0.0177s ]
SQL: SELECT `id`,`name_cn`,`name_en`,`path`,`fullpath`,`sort`,`thumb`,`is_able`,`is_show` FROM `rg_article_cate` WHERE `id` = 0 LIMIT 1   [ RunTime:0.0003s ]
SQL: SELECT * FROM `rg_article_cate` ORDER BY sort asc  [ RunTime:0.0003s ]
SQL: SHOW COLUMNS FROM `rg_article` [ RunTime:0.0172s ]
NOTIC: [8] Undefined index: cate_id D:\xampp\htdocs\tpcms\RAPP\Admin\Controller\ArticleController.class.php 第 16 行.
NOTIC: [8] Undefined index: title D:\xampp\htdocs\tpcms\RAPP\Admin\Controller\ArticleController.class.php 第 19 行.
NOTIC: [8] Undefined variable: where D:\xampp\htdocs\tpcms\RAPP\Admin\Controller\ArticleController.class.php 第 22 行.
SQL: SELECT COUNT(*) AS tp_count FROM `rg_article` LIMIT 1   [ RunTime:0.0004s ]
NOTIC: [8] Undefined variable: where D:\xampp\htdocs\tpcms\RAPP\Admin\Controller\ArticleController.class.php 第 26 行.
SQL: SELECT `id`,`cate_id`,`title`,`title_color`,`url`,`thumb`,`created_at`,`updated_at`,`click`,`body`,`keywords`,`description`,`sort`,`is_stick`,`extattr` FROM `rg_article` ORDER BY is_stick desc,sort,updated_at desc LIMIT 0,30   [ RunTime:0.0005s ]
SQL: SELECT `id`,`name_cn`,`name_en`,`path`,`fullpath`,`sort`,`thumb`,`is_able`,`is_show` FROM `rg_article_cate` WHERE `id` = 0 LIMIT 1   [ RunTime:0.0003s ]
SQL: SELECT * FROM `rg_article_cate` ORDER BY sort asc  [ RunTime:0.0004s ]
INFO: [ view_parse ] --START--
INFO: [ template_filter ] --START--
INFO: Run Behavior\ContentReplaceBehavior [ RunTime:0.000046s ]
INFO: [ template_filter ] --END-- [ RunTime:0.000069s ]
NOTIC: [8] Undefined index: cate_id D:\xampp\htdocs\tpcms\Runtime\Cache\Admin\8e35d541e8f27addc64a8b0f0e68393b.php 第 98 行.
NOTIC: [8] Undefined index: cate_id D:\xampp\htdocs\tpcms\Runtime\Cache\Admin\8e35d541e8f27addc64a8b0f0e68393b.php 第 107 行.
NOTIC: [8] Undefined index: cate_id D:\xampp\htdocs\tpcms\Runtime\Cache\Admin\8e35d541e8f27addc64a8b0f0e68393b.php 第 107 行.
NOTIC: [8] Undefined index: cate_id D:\xampp\htdocs\tpcms\Runtime\Cache\Admin\8e35d541e8f27addc64a8b0f0e68393b.php 第 107 行.
NOTIC: [8] Undefined index: title D:\xampp\htdocs\tpcms\Runtime\Cache\Admin\8e35d541e8f27addc64a8b0f0e68393b.php 第 112 行.
NOTIC: [8] Undefined index: pid D:\xampp\htdocs\tpcms\Runtime\Cache\Admin\8e35d541e8f27addc64a8b0f0e68393b.php 第 147 行.
NOTIC: [8] Undefined index: pid D:\xampp\htdocs\tpcms\Runtime\Cache\Admin\8e35d541e8f27addc64a8b0f0e68393b.php 第 147 行.
NOTIC: [8] Undefined index: pid D:\xampp\htdocs\tpcms\Runtime\Cache\Admin\8e35d541e8f27addc64a8b0f0e68393b.php 第 147 行.
NOTIC: [8] Undefined index: pid D:\xampp\htdocs\tpcms\Runtime\Cache\Admin\8e35d541e8f27addc64a8b0f0e68393b.php 第 147 行.
NOTIC: [8] Undefined index: pid D:\xampp\htdocs\tpcms\Runtime\Cache\Admin\8e35d541e8f27addc64a8b0f0e68393b.php 第 147 行.
NOTIC: [8] Undefined index: pid D:\xampp\htdocs\tpcms\Runtime\Cache\Admin\8e35d541e8f27addc64a8b0f0e68393b.php 第 147 行.
NOTIC: [8] Undefined index: pid D:\xampp\htdocs\tpcms\Runtime\Cache\Admin\8e35d541e8f27addc64a8b0f0e68393b.php 第 147 行.
NOTIC: [8] Undefined index: pid D:\xampp\htdocs\tpcms\Runtime\Cache\Admin\8e35d541e8f27addc64a8b0f0e68393b.php 第 147 行.
NOTIC: [8] Undefined index: pid D:\xampp\htdocs\tpcms\Runtime\Cache\Admin\8e35d541e8f27addc64a8b0f0e68393b.php 第 147 行.
INFO: Run Behavior\ParseTemplateBehavior [ RunTime:0.068357s ]
INFO: [ view_parse ] --END-- [ RunTime:0.068380s ]
INFO: [ view_filter ] --START--
INFO: Run Behavior\WriteHtmlCacheBehavior [ RunTime:0.000682s ]
INFO: [ view_filter ] --END-- [ RunTime:0.000701s ]
INFO: [ app_end ] --START--
INFO: Run Behavior\ShowPageTraceBehavior [ RunTime:0.000842s ]
INFO: [ app_end ] --END-- [ RunTime:0.000933s ]

[ 2018-07-20T17:36:29+08:00 ] 127.0.0.1 /Admin/ArticleCate/index.html
INFO: [ app_init ] --START--
INFO: Run Behavior\BuildLiteBehavior [ RunTime:0.000006s ]
INFO: [ app_init ] --END-- [ RunTime:0.000218s ]
INFO: [ app_begin ] --START--
INFO: Run Behavior\ReadHtmlCacheBehavior [ RunTime:0.000306s ]
INFO: [ app_begin ] --END-- [ RunTime:0.000328s ]
SQL: SHOW COLUMNS FROM `rg_setting` [ RunTime:0.0181s ]
SQL: SELECT `id`,`name`,`key`,`value`,`widget`,`tip`,`type`,`sort` FROM `rg_setting`  [ RunTime:0.0004s ]
SQL: SHOW COLUMNS FROM `rg_manager` [ RunTime:0.0203s ]
SQL: SELECT `id`,`user`,`pass`,`nickname`,`lastlogintime`,`lastloginip`,`logintimes` FROM `rg_manager` WHERE `id` = 1 LIMIT 1   [ RunTime:0.0004s ]
SQL: SHOW COLUMNS FROM `rg_article_cate` [ RunTime:0.0181s ]
SQL: SELECT `id`,`name_cn`,`name_en`,`path`,`fullpath`,`sort`,`thumb`,`is_able`,`is_show` FROM `rg_article_cate` WHERE `id` = 0 LIMIT 1   [ RunTime:0.0003s ]
SQL: SELECT * FROM `rg_article_cate` ORDER BY sort asc  [ RunTime:0.0004s ]
SQL: SHOW COLUMNS FROM `rg_article` [ RunTime:0.0211s ]
SQL: SELECT COUNT(*) AS tp_count FROM `rg_article` WHERE `cate_id` = 1 LIMIT 1   [ RunTime:0.0005s ]
NOTIC: [8] Only variables should be passed by reference D:\xampp\htdocs\tpcms\RAPP\Admin\Controller\ArticleCateController.class.php 第 12 行.
SQL: SELECT COUNT(*) AS tp_count FROM `rg_article` WHERE `cate_id` = 4 LIMIT 1   [ RunTime:0.0002s ]
NOTIC: [8] Only variables should be passed by reference D:\xampp\htdocs\tpcms\RAPP\Admin\Controller\ArticleCateController.class.php 第 12 行.
SQL: SELECT COUNT(*) AS tp_count FROM `rg_article` WHERE `cate_id` = 3 LIMIT 1   [ RunTime:0.0002s ]
NOTIC: [8] Only variables should be passed by reference D:\xampp\htdocs\tpcms\RAPP\Admin\Controller\ArticleCateController.class.php 第 12 行.
INFO: [ view_parse ] --START--
INFO: [ template_filter ] --START--
INFO: Run Behavior\ContentReplaceBehavior [ RunTime:0.000058s ]
INFO: [ template_filter ] --END-- [ RunTime:0.000089s ]
INFO: Run Behavior\ParseTemplateBehavior [ RunTime:0.059483s ]
INFO: [ view_parse ] --END-- [ RunTime:0.059510s ]
INFO: [ view_filter ] --START--
INFO: Run Behavior\WriteHtmlCacheBehavior [ RunTime:0.000174s ]
INFO: [ view_filter ] --END-- [ RunTime:0.000190s ]
INFO: [ app_end ] --START--
INFO: Run Behavior\ShowPageTraceBehavior [ RunTime:0.000519s ]
INFO: [ app_end ] --END-- [ RunTime:0.000541s ]

[ 2018-07-20T17:36:32+08:00 ] 127.0.0.1 /Admin/ArticleCate/edit/id/4.html
INFO: [ app_init ] --START--
INFO: Run Behavior\BuildLiteBehavior [ RunTime:0.000006s ]
INFO: [ app_init ] --END-- [ RunTime:0.000220s ]
INFO: [ app_begin ] --START--
INFO: Run Behavior\ReadHtmlCacheBehavior [ RunTime:0.000289s ]
INFO: [ app_begin ] --END-- [ RunTime:0.000310s ]
SQL: SHOW COLUMNS FROM `rg_setting` [ RunTime:0.0186s ]
SQL: SELECT `id`,`name`,`key`,`value`,`widget`,`tip`,`type`,`sort` FROM `rg_setting`  [ RunTime:0.0004s ]
SQL: SHOW COLUMNS FROM `rg_manager` [ RunTime:0.0327s ]
SQL: SELECT `id`,`user`,`pass`,`nickname`,`lastlogintime`,`lastloginip`,`logintimes` FROM `rg_manager` WHERE `id` = 1 LIMIT 1   [ RunTime:0.0004s ]
SQL: SHOW COLUMNS FROM `rg_article_cate` [ RunTime:0.0156s ]
SQL: SELECT `id`,`name_cn`,`name_en`,`path`,`fullpath`,`sort`,`thumb`,`is_able`,`is_show` FROM `rg_article_cate` WHERE `id` = 4 LIMIT 1   [ RunTime:0.0003s ]
SQL: SHOW COLUMNS FROM `rg_picture` [ RunTime:0.0134s ]
SQL: SELECT `id`,`path`,`savename`,`name`,`width`,`height`,`ext`,`md5`,`sha1`,`status`,`addtime` FROM `rg_picture` WHERE `status` = 1 ORDER BY addtime desc LIMIT 0,4   [ RunTime:0.0005s ]
SQL: SHOW COLUMNS FROM `rg_article_attr` [ RunTime:0.0128s ]
SQL: SELECT * FROM `rg_article_attr` WHERE `cateid` = 4 ORDER BY sort,id  [ RunTime:0.0005s ]
INFO: [ view_parse ] --START--
INFO: [ template_filter ] --START--
INFO: Run Behavior\ContentReplaceBehavior [ RunTime:0.000063s ]
INFO: [ template_filter ] --END-- [ RunTime:0.000086s ]
INFO: Run Behavior\ParseTemplateBehavior [ RunTime:0.066749s ]
INFO: [ view_parse ] --END-- [ RunTime:0.066776s ]
INFO: [ view_filter ] --START--
INFO: Run Behavior\WriteHtmlCacheBehavior [ RunTime:0.000174s ]
INFO: [ view_filter ] --END-- [ RunTime:0.000190s ]
INFO: [ app_end ] --START--
INFO: Run Behavior\ShowPageTraceBehavior [ RunTime:0.000401s ]
INFO: [ app_end ] --END-- [ RunTime:0.000422s ]

[ 2018-07-20T17:36:46+08:00 ] 127.0.0.1 /Admin/Map/index.html
INFO: [ app_init ] --START--
INFO: Run Behavior\BuildLiteBehavior [ RunTime:0.000005s ]
INFO: [ app_init ] --END-- [ RunTime:0.000212s ]
INFO: [ app_begin ] --START--
INFO: Run Behavior\ReadHtmlCacheBehavior [ RunTime:0.000640s ]
INFO: [ app_begin ] --END-- [ RunTime:0.000698s ]
SQL: SHOW COLUMNS FROM `rg_setting` [ RunTime:0.0172s ]
SQL: SELECT `id`,`name`,`key`,`value`,`widget`,`tip`,`type`,`sort` FROM `rg_setting`  [ RunTime:0.0003s ]
SQL: SHOW COLUMNS FROM `rg_manager` [ RunTime:0.0142s ]
SQL: SELECT `id`,`user`,`pass`,`nickname`,`lastlogintime`,`lastloginip`,`logintimes` FROM `rg_manager` WHERE `id` = 1 LIMIT 1   [ RunTime:0.0004s ]
NOTIC: [8] Undefined index: title D:\xampp\htdocs\tpcms\RAPP\Admin\Controller\MapController.class.php 第 12 行.
SQL: SHOW COLUMNS FROM `rg_map` [ RunTime:0.0132s ]
SQL: SELECT COUNT(*) AS tp_count FROM `rg_map` LIMIT 1   [ RunTime:0.0003s ]
SQL: SELECT `id`,`title`,`lng`,`lat`,`zoom`,`description`,`address`,`phone`,`email`,`qq`,`created_at`,`updated_at` FROM `rg_map` ORDER BY `id` desc LIMIT 0,15   [ RunTime:0.0005s ]
INFO: [ view_parse ] --START--
INFO: [ template_filter ] --START--
INFO: Run Behavior\ContentReplaceBehavior [ RunTime:0.000032s ]
INFO: [ template_filter ] --END-- [ RunTime:0.000055s ]
NOTIC: [8] Undefined variable: cate_id D:\xampp\htdocs\tpcms\Runtime\Cache\Admin\30079805d006878407d32ef133b6b53b.php 第 99 行.
NOTIC: [8] Undefined index: title D:\xampp\htdocs\tpcms\Runtime\Cache\Admin\30079805d006878407d32ef133b6b53b.php 第 107 行.
INFO: Run Behavior\ParseTemplateBehavior [ RunTime:0.007688s ]
INFO: [ view_parse ] --END-- [ RunTime:0.007708s ]
INFO: [ view_filter ] --START--
INFO: Run Behavior\WriteHtmlCacheBehavior [ RunTime:0.000169s ]
INFO: [ view_filter ] --END-- [ RunTime:0.000184s ]
INFO: [ app_end ] --START--
INFO: Run Behavior\ShowPageTraceBehavior [ RunTime:0.000315s ]
INFO: [ app_end ] --END-- [ RunTime:0.000332s ]

[ 2018-07-20T17:36:48+08:00 ] 127.0.0.1 /Admin/Map/add.html?cate_id=
INFO: [ app_init ] --START--
INFO: Run Behavior\BuildLiteBehavior [ RunTime:0.000006s ]
INFO: [ app_init ] --END-- [ RunTime:0.000219s ]
INFO: [ app_begin ] --START--
INFO: Run Behavior\ReadHtmlCacheBehavior [ RunTime:0.000737s ]
INFO: [ app_begin ] --END-- [ RunTime:0.000780s ]
SQL: SHOW COLUMNS FROM `rg_setting` [ RunTime:0.0185s ]
SQL: SELECT `id`,`name`,`key`,`value`,`widget`,`tip`,`type`,`sort` FROM `rg_setting`  [ RunTime:0.0004s ]
SQL: SHOW COLUMNS FROM `rg_manager` [ RunTime:0.0175s ]
SQL: SELECT `id`,`user`,`pass`,`nickname`,`lastlogintime`,`lastloginip`,`logintimes` FROM `rg_manager` WHERE `id` = 1 LIMIT 1   [ RunTime:0.0004s ]
INFO: [ view_parse ] --START--
INFO: [ template_filter ] --START--
INFO: Run Behavior\ContentReplaceBehavior [ RunTime:0.000047s ]
INFO: [ template_filter ] --END-- [ RunTime:0.000066s ]
NOTIC: [8] Use of undefined constant editsize - assumed 'editsize' D:\xampp\htdocs\tpcms\Runtime\Cache\Admin\7351a1f5383c9ad0ff53eeba69379210.php 第 217 行.
INFO: Run Behavior\ParseTemplateBehavior [ RunTime:0.043598s ]
INFO: [ view_parse ] --END-- [ RunTime:0.043621s ]
INFO: [ view_filter ] --START--
INFO: Run Behavior\WriteHtmlCacheBehavior [ RunTime:0.000217s ]
INFO: [ view_filter ] --END-- [ RunTime:0.000236s ]
INFO: [ app_end ] --START--
INFO: Run Behavior\ShowPageTraceBehavior [ RunTime:0.000643s ]
INFO: [ app_end ] --END-- [ RunTime:0.000681s ]

[ 2018-07-20T17:37:00+08:00 ] 127.0.0.1 /Admin/Setting/index.html
INFO: [ app_init ] --START--
INFO: Run Behavior\BuildLiteBehavior [ RunTime:0.000013s ]
INFO: [ app_init ] --END-- [ RunTime:0.000232s ]
INFO: [ app_begin ] --START--
INFO: Run Behavior\ReadHtmlCacheBehavior [ RunTime:0.000283s ]
INFO: [ app_begin ] --END-- [ RunTime:0.000325s ]
SQL: SHOW COLUMNS FROM `rg_setting` [ RunTime:0.0203s ]
SQL: SELECT `id`,`name`,`key`,`value`,`widget`,`tip`,`type`,`sort` FROM `rg_setting`  [ RunTime:0.0007s ]
SQL: SHOW COLUMNS FROM `rg_manager` [ RunTime:0.0147s ]
SQL: SELECT `id`,`user`,`pass`,`nickname`,`lastlogintime`,`lastloginip`,`logintimes` FROM `rg_manager` WHERE `id` = 1 LIMIT 1   [ RunTime:0.0003s ]
SQL: SELECT * FROM `rg_setting` ORDER BY type,sort,id  [ RunTime:0.0004s ]
INFO: [ view_parse ] --START--
INFO: [ template_filter ] --START--
INFO: Run Behavior\ContentReplaceBehavior [ RunTime:0.000035s ]
INFO: [ template_filter ] --END-- [ RunTime:0.000054s ]
INFO: Run Behavior\ParseTemplateBehavior [ RunTime:0.007912s ]
INFO: [ view_parse ] --END-- [ RunTime:0.007939s ]
INFO: [ view_filter ] --START--
INFO: Run Behavior\WriteHtmlCacheBehavior [ RunTime:0.000255s ]
INFO: [ view_filter ] --END-- [ RunTime:0.000290s ]
INFO: [ app_end ] --START--
INFO: Run Behavior\ShowPageTraceBehavior [ RunTime:0.000469s ]
INFO: [ app_end ] --END-- [ RunTime:0.000493s ]

[ 2018-07-20T17:46:45+08:00 ] 127.0.0.1 /Admin/Index/index_index.html
INFO: [ app_init ] --START--
INFO: Run Behavior\BuildLiteBehavior [ RunTime:0.000006s ]
INFO: [ app_init ] --END-- [ RunTime:0.000279s ]
INFO: [ app_begin ] --START--
INFO: Run Behavior\ReadHtmlCacheBehavior [ RunTime:0.000375s ]
INFO: [ app_begin ] --END-- [ RunTime:0.000395s ]
SQL: SHOW COLUMNS FROM `rg_setting` [ RunTime:0.0162s ]
SQL: SELECT `id`,`name`,`key`,`value`,`widget`,`tip`,`type`,`sort` FROM `rg_setting`  [ RunTime:0.0003s ]
SQL: SHOW COLUMNS FROM `rg_manager` [ RunTime:0.0113s ]
SQL: SELECT `id`,`user`,`pass`,`nickname`,`lastlogintime`,`lastloginip`,`logintimes` FROM `rg_manager` WHERE `id` = 1 LIMIT 1   [ RunTime:0.0004s ]
SQL: SHOW COLUMNS FROM `rg_article` [ RunTime:0.0147s ]
SQL: SELECT COUNT(*) AS tp_count FROM `rg_article` LIMIT 1   [ RunTime:0.0003s ]
SQL: SHOW COLUMNS FROM `rg_guestbook` [ RunTime:0.0119s ]
SQL: SELECT COUNT(*) AS tp_count FROM `rg_guestbook` LIMIT 1   [ RunTime:0.0003s ]
SQL: SHOW COLUMNS FROM `rg_ad` [ RunTime:0.0101s ]
SQL: SELECT COUNT(*) AS tp_count FROM `rg_ad` LIMIT 1   [ RunTime:0.0003s ]
SQL: SHOW COLUMNS FROM `rg_manager` [ RunTime:0.0103s ]
SQL: SELECT COUNT(*) AS tp_count FROM `rg_manager` LIMIT 1   [ RunTime:0.0003s ]
INFO: [ view_parse ] --START--
INFO: [ template_filter ] --START--
INFO: Run Behavior\ContentReplaceBehavior [ RunTime:0.000030s ]
INFO: [ template_filter ] --END-- [ RunTime:0.000048s ]
INFO: Run Behavior\ParseTemplateBehavior [ RunTime:0.019979s ]
INFO: [ view_parse ] --END-- [ RunTime:0.020006s ]
INFO: [ view_filter ] --START--
INFO: Run Behavior\WriteHtmlCacheBehavior [ RunTime:0.000368s ]
INFO: [ view_filter ] --END-- [ RunTime:0.000386s ]
INFO: [ app_end ] --START--
INFO: Run Behavior\ShowPageTraceBehavior [ RunTime:0.000403s ]
INFO: [ app_end ] --END-- [ RunTime:0.000418s ]

[ 2018-07-20T17:46:46+08:00 ] 127.0.0.1 /Admin/Nav/index.html
INFO: [ app_init ] --START--
INFO: Run Behavior\BuildLiteBehavior [ RunTime:0.000005s ]
INFO: [ app_init ] --END-- [ RunTime:0.000288s ]
INFO: [ app_begin ] --START--
INFO: Run Behavior\ReadHtmlCacheBehavior [ RunTime:0.000365s ]
INFO: [ app_begin ] --END-- [ RunTime:0.000385s ]
SQL: SHOW COLUMNS FROM `rg_setting` [ RunTime:0.0165s ]
SQL: SELECT `id`,`name`,`key`,`value`,`widget`,`tip`,`type`,`sort` FROM `rg_setting`  [ RunTime:0.0005s ]
SQL: SHOW COLUMNS FROM `rg_manager` [ RunTime:0.0248s ]
SQL: SELECT `id`,`user`,`pass`,`nickname`,`lastlogintime`,`lastloginip`,`logintimes` FROM `rg_manager` WHERE `id` = 1 LIMIT 1   [ RunTime:0.0004s ]
SQL: SHOW COLUMNS FROM `rg_nav_cate` [ RunTime:0.0139s ]
SQL: SELECT `id`,`name_en`,`name_cn`,`path`,`fullpath`,`sort`,`url`,`target`,`is_show` FROM `rg_nav_cate` WHERE `id` = 0 LIMIT 1   [ RunTime:0.0003s ]
SQL: SELECT * FROM `rg_nav_cate` ORDER BY sort asc  [ RunTime:0.0004s ]
NOTIC: [8] Only variables should be passed by reference D:\xampp\htdocs\tpcms\RAPP\Admin\Controller\NavController.class.php 第 10 行.
NOTIC: [8] Only variables should be passed by reference D:\xampp\htdocs\tpcms\RAPP\Admin\Controller\NavController.class.php 第 10 行.
NOTIC: [8] Only variables should be passed by reference D:\xampp\htdocs\tpcms\RAPP\Admin\Controller\NavController.class.php 第 10 行.
NOTIC: [8] Only variables should be passed by reference D:\xampp\htdocs\tpcms\RAPP\Admin\Controller\NavController.class.php 第 10 行.
NOTIC: [8] Only variables should be passed by reference D:\xampp\htdocs\tpcms\RAPP\Admin\Controller\NavController.class.php 第 10 行.
NOTIC: [8] Only variables should be passed by reference D:\xampp\htdocs\tpcms\RAPP\Admin\Controller\NavController.class.php 第 10 行.
NOTIC: [8] Only variables should be passed by reference D:\xampp\htdocs\tpcms\RAPP\Admin\Controller\NavController.class.php 第 10 行.
NOTIC: [8] Only variables should be passed by reference D:\xampp\htdocs\tpcms\RAPP\Admin\Controller\NavController.class.php 第 10 行.
INFO: [ view_parse ] --START--
INFO: [ template_filter ] --START--
INFO: Run Behavior\ContentReplaceBehavior [ RunTime:0.000053s ]
INFO: [ template_filter ] --END-- [ RunTime:0.000076s ]
INFO: Run Behavior\ParseTemplateBehavior [ RunTime:0.048225s ]
INFO: [ view_parse ] --END-- [ RunTime:0.048251s ]
INFO: [ view_filter ] --START--
INFO: Run Behavior\WriteHtmlCacheBehavior [ RunTime:0.000258s ]
INFO: [ view_filter ] --END-- [ RunTime:0.000280s ]
INFO: [ app_end ] --START--
INFO: Run Behavior\ShowPageTraceBehavior [ RunTime:0.000527s ]
INFO: [ app_end ] --END-- [ RunTime:0.000580s ]

[ 2018-07-20T17:46:47+08:00 ] 127.0.0.1 /Admin/Article/index.html
INFO: [ app_init ] --START--
INFO: Run Behavior\BuildLiteBehavior [ RunTime:0.000008s ]
INFO: [ app_init ] --END-- [ RunTime:0.000278s ]
INFO: [ app_begin ] --START--
INFO: Run Behavior\ReadHtmlCacheBehavior [ RunTime:0.000338s ]
INFO: [ app_begin ] --END-- [ RunTime:0.000363s ]
SQL: SHOW COLUMNS FROM `rg_setting` [ RunTime:0.0227s ]
SQL: SELECT `id`,`name`,`key`,`value`,`widget`,`tip`,`type`,`sort` FROM `rg_setting`  [ RunTime:0.0006s ]
SQL: SHOW COLUMNS FROM `rg_manager` [ RunTime:0.0179s ]
SQL: SELECT `id`,`user`,`pass`,`nickname`,`lastlogintime`,`lastloginip`,`logintimes` FROM `rg_manager` WHERE `id` = 1 LIMIT 1   [ RunTime:0.0007s ]
SQL: SHOW COLUMNS FROM `rg_article_cate` [ RunTime:0.0166s ]
SQL: SELECT `id`,`name_cn`,`name_en`,`path`,`fullpath`,`sort`,`thumb`,`is_able`,`is_show` FROM `rg_article_cate` WHERE `id` = 0 LIMIT 1   [ RunTime:0.0004s ]
SQL: SELECT * FROM `rg_article_cate` ORDER BY sort asc  [ RunTime:0.0003s ]
SQL: SHOW COLUMNS FROM `rg_article` [ RunTime:0.0186s ]
NOTIC: [8] Undefined index: cate_id D:\xampp\htdocs\tpcms\RAPP\Admin\Controller\ArticleController.class.php 第 16 行.
NOTIC: [8] Undefined index: title D:\xampp\htdocs\tpcms\RAPP\Admin\Controller\ArticleController.class.php 第 19 行.
NOTIC: [8] Undefined variable: where D:\xampp\htdocs\tpcms\RAPP\Admin\Controller\ArticleController.class.php 第 22 行.
SQL: SELECT COUNT(*) AS tp_count FROM `rg_article` LIMIT 1   [ RunTime:0.0003s ]
NOTIC: [8] Undefined variable: where D:\xampp\htdocs\tpcms\RAPP\Admin\Controller\ArticleController.class.php 第 26 行.
SQL: SELECT `id`,`cate_id`,`title`,`title_color`,`url`,`thumb`,`created_at`,`updated_at`,`click`,`body`,`keywords`,`description`,`sort`,`is_stick`,`extattr` FROM `rg_article` ORDER BY is_stick desc,sort,updated_at desc LIMIT 0,30   [ RunTime:0.0009s ]
SQL: SELECT `id`,`name_cn`,`name_en`,`path`,`fullpath`,`sort`,`thumb`,`is_able`,`is_show` FROM `rg_article_cate` WHERE `id` = 0 LIMIT 1   [ RunTime:0.0003s ]
SQL: SELECT * FROM `rg_article_cate` ORDER BY sort asc  [ RunTime:0.0004s ]
INFO: [ view_parse ] --START--
INFO: [ template_filter ] --START--
INFO: Run Behavior\ContentReplaceBehavior [ RunTime:0.000059s ]
INFO: [ template_filter ] --END-- [ RunTime:0.000119s ]
NOTIC: [8] Undefined index: cate_id D:\xampp\htdocs\tpcms\Runtime\Cache\Admin\8e35d541e8f27addc64a8b0f0e68393b.php 第 98 行.
NOTIC: [8] Undefined index: cate_id D:\xampp\htdocs\tpcms\Runtime\Cache\Admin\8e35d541e8f27addc64a8b0f0e68393b.php 第 107 行.
NOTIC: [8] Undefined index: cate_id D:\xampp\htdocs\tpcms\Runtime\Cache\Admin\8e35d541e8f27addc64a8b0f0e68393b.php 第 107 行.
NOTIC: [8] Undefined index: cate_id D:\xampp\htdocs\tpcms\Runtime\Cache\Admin\8e35d541e8f27addc64a8b0f0e68393b.php 第 107 行.
NOTIC: [8] Undefined index: title D:\xampp\htdocs\tpcms\Runtime\Cache\Admin\8e35d541e8f27addc64a8b0f0e68393b.php 第 112 行.
NOTIC: [8] Undefined index: pid D:\xampp\htdocs\tpcms\Runtime\Cache\Admin\8e35d541e8f27addc64a8b0f0e68393b.php 第 147 行.
NOTIC: [8] Undefined index: pid D:\xampp\htdocs\tpcms\Runtime\Cache\Admin\8e35d541e8f27addc64a8b0f0e68393b.php 第 147 行.
NOTIC: [8] Undefined index: pid D:\xampp\htdocs\tpcms\Runtime\Cache\Admin\8e35d541e8f27addc64a8b0f0e68393b.php 第 147 行.
NOTIC: [8] Undefined index: pid D:\xampp\htdocs\tpcms\Runtime\Cache\Admin\8e35d541e8f27addc64a8b0f0e68393b.php 第 147 行.
NOTIC: [8] Undefined index: pid D:\xampp\htdocs\tpcms\Runtime\Cache\Admin\8e35d541e8f27addc64a8b0f0e68393b.php 第 147 行.
NOTIC: [8] Undefined index: pid D:\xampp\htdocs\tpcms\Runtime\Cache\Admin\8e35d541e8f27addc64a8b0f0e68393b.php 第 147 行.
NOTIC: [8] Undefined index: pid D:\xampp\htdocs\tpcms\Runtime\Cache\Admin\8e35d541e8f27addc64a8b0f0e68393b.php 第 147 行.
NOTIC: [8] Undefined index: pid D:\xampp\htdocs\tpcms\Runtime\Cache\Admin\8e35d541e8f27addc64a8b0f0e68393b.php 第 147 行.
NOTIC: [8] Undefined index: pid D:\xampp\htdocs\tpcms\Runtime\Cache\Admin\8e35d541e8f27addc64a8b0f0e68393b.php 第 147 行.
INFO: Run Behavior\ParseTemplateBehavior [ RunTime:0.080204s ]
INFO: [ view_parse ] --END-- [ RunTime:0.080226s ]
INFO: [ view_filter ] --START--
INFO: Run Behavior\WriteHtmlCacheBehavior [ RunTime:0.000182s ]
INFO: [ view_filter ] --END-- [ RunTime:0.000197s ]
INFO: [ app_end ] --START--
INFO: Run Behavior\ShowPageTraceBehavior [ RunTime:0.000665s ]
INFO: [ app_end ] --END-- [ RunTime:0.000726s ]

