[ 2018-07-21T15:13:21+08:00 ] 127.0.0.1 /Admin
INFO: [ app_init ] --START--
INFO: Run Behavior\BuildLiteBehavior [ RunTime:0.000006s ]
INFO: [ app_init ] --END-- [ RunTime:0.000222s ]
INFO: [ app_begin ] --START--
INFO: Run Behavior\ReadHtmlCacheBehavior [ RunTime:0.000302s ]
INFO: [ app_begin ] --END-- [ RunTime:0.000328s ]
SQL: SHOW COLUMNS FROM `rg_setting` [ RunTime:0.0150s ]
SQL: SELECT `id`,`name`,`key`,`value`,`widget`,`tip`,`type`,`sort` FROM `rg_setting`  [ RunTime:0.0003s ]
SQL: SHOW COLUMNS FROM `rg_manager` [ RunTime:0.0755s ]

[ 2018-07-21T15:13:22+08:00 ] 127.0.0.1 /Admin/Public/login.html
INFO: [ app_init ] --START--
INFO: Run Behavior\BuildLiteBehavior [ RunTime:0.000008s ]
INFO: [ app_init ] --END-- [ RunTime:0.000332s ]
INFO: [ app_begin ] --START--
INFO: Run Behavior\ReadHtmlCacheBehavior [ RunTime:0.000399s ]
INFO: [ app_begin ] --END-- [ RunTime:0.000431s ]
INFO: [ view_parse ] --START--
INFO: [ template_filter ] --START--
INFO: Run Behavior\ContentReplaceBehavior [ RunTime:0.000022s ]
INFO: [ template_filter ] --END-- [ RunTime:0.000046s ]
NOTIC: [8] Undefined variable: setting D:\xampp\htdocs\tpcms\Runtime\Cache\Admin\de250c16fd5f3af86313c026bd4ffe6b.php 第 5 行.
NOTIC: [8] Undefined variable: setting D:\xampp\htdocs\tpcms\Runtime\Cache\Admin\de250c16fd5f3af86313c026bd4ffe6b.php 第 13 行.
NOTIC: [8] Undefined variable: setting D:\xampp\htdocs\tpcms\Runtime\Cache\Admin\de250c16fd5f3af86313c026bd4ffe6b.php 第 17 行.
NOTIC: [8] Undefined variable: setting D:\xampp\htdocs\tpcms\Runtime\Cache\Admin\de250c16fd5f3af86313c026bd4ffe6b.php 第 20 行.
INFO: Run Behavior\ParseTemplateBehavior [ RunTime:0.063243s ]
INFO: [ view_parse ] --END-- [ RunTime:0.063270s ]
INFO: [ view_filter ] --START--
INFO: Run Behavior\WriteHtmlCacheBehavior [ RunTime:0.000235s ]
INFO: [ view_filter ] --END-- [ RunTime:0.000251s ]
INFO: [ app_end ] --START--
INFO: Run Behavior\ShowPageTraceBehavior [ RunTime:0.000311s ]
INFO: [ app_end ] --END-- [ RunTime:0.000326s ]

[ 2018-07-21T15:13:22+08:00 ] 127.0.0.1 /Admin/Public/verify/t/1532157202.html
INFO: [ app_init ] --START--
INFO: Run Behavior\BuildLiteBehavior [ RunTime:0.000006s ]
INFO: [ app_init ] --END-- [ RunTime:0.000273s ]
INFO: [ app_begin ] --START--
INFO: Run Behavior\ReadHtmlCacheBehavior [ RunTime:0.000473s ]
INFO: [ app_begin ] --END-- [ RunTime:0.000515s ]
INFO: [ app_end ] --START--
INFO: Run Behavior\ShowPageTraceBehavior [ RunTime:0.000633s ]
INFO: [ app_end ] --END-- [ RunTime:0.000676s ]

[ 2018-07-21T15:13:47+08:00 ] 127.0.0.1 /Admin/Public/login.html
INFO: [ app_init ] --START--
INFO: Run Behavior\BuildLiteBehavior [ RunTime:0.000005s ]
INFO: [ app_init ] --END-- [ RunTime:0.000207s ]
INFO: [ app_begin ] --START--
INFO: Run Behavior\ReadHtmlCacheBehavior [ RunTime:0.000277s ]
INFO: [ app_begin ] --END-- [ RunTime:0.000294s ]
SQL: SHOW COLUMNS FROM `rg_manager` [ RunTime:0.0153s ]
SQL: SELECT * FROM `rg_manager` WHERE `user` = 'master' LIMIT 1   [ RunTime:0.0003s ]
NOTIC: [8] Undefined index: validate D:\xampp\htdocs\tpcms\ThinkPHP\Library\Think\Model.class.php 第 1185 行.
NOTIC: [8] Undefined index: auto D:\xampp\htdocs\tpcms\ThinkPHP\Library\Think\Model.class.php 第 1128 行.
SQL: UPDATE `rg_manager` SET `lastlogintime`='1532157227',`lastloginip`='127.0.0.1',`logintimes`='1071' WHERE `id` = 1 [ RunTime:0.1096s ]

[ 2018-07-21T15:13:48+08:00 ] 127.0.0.1 /Admin/Index/index.html
INFO: [ app_init ] --START--
INFO: Run Behavior\BuildLiteBehavior [ RunTime:0.000010s ]
INFO: [ app_init ] --END-- [ RunTime:0.000391s ]
INFO: [ app_begin ] --START--
INFO: Run Behavior\ReadHtmlCacheBehavior [ RunTime:0.000428s ]
INFO: [ app_begin ] --END-- [ RunTime:0.000456s ]
SQL: SHOW COLUMNS FROM `rg_setting` [ RunTime:0.0454s ]
SQL: SELECT `id`,`name`,`key`,`value`,`widget`,`tip`,`type`,`sort` FROM `rg_setting`  [ RunTime:0.0004s ]
SQL: SHOW COLUMNS FROM `rg_manager` [ RunTime:0.0141s ]
SQL: SELECT `id`,`user`,`pass`,`nickname`,`lastlogintime`,`lastloginip`,`logintimes` FROM `rg_manager` WHERE `id` = 1 LIMIT 1   [ RunTime:0.0003s ]
SQL: SHOW COLUMNS FROM `rg_setting` [ RunTime:0.0112s ]
SQL: SELECT `key`,`value` FROM `rg_setting`  [ RunTime:0.0003s ]
INFO: [ view_parse ] --START--
INFO: [ template_filter ] --START--
INFO: Run Behavior\ContentReplaceBehavior [ RunTime:0.000053s ]
INFO: [ template_filter ] --END-- [ RunTime:0.000075s ]
INFO: Run Behavior\ParseTemplateBehavior [ RunTime:0.082654s ]
INFO: [ view_parse ] --END-- [ RunTime:0.082680s ]
INFO: [ view_filter ] --START--
INFO: Run Behavior\WriteHtmlCacheBehavior [ RunTime:0.000257s ]
INFO: [ view_filter ] --END-- [ RunTime:0.000274s ]
INFO: [ app_end ] --START--
INFO: Run Behavior\ShowPageTraceBehavior [ RunTime:0.000377s ]
INFO: [ app_end ] --END-- [ RunTime:0.000397s ]

[ 2018-07-21T15:13:49+08:00 ] 127.0.0.1 /Admin/Index/index_index.html
INFO: [ app_init ] --START--
INFO: Run Behavior\BuildLiteBehavior [ RunTime:0.000006s ]
INFO: [ app_init ] --END-- [ RunTime:0.000221s ]
INFO: [ app_begin ] --START--
INFO: Run Behavior\ReadHtmlCacheBehavior [ RunTime:0.000543s ]
INFO: [ app_begin ] --END-- [ RunTime:0.000582s ]
SQL: SHOW COLUMNS FROM `rg_setting` [ RunTime:0.0131s ]
SQL: SELECT `id`,`name`,`key`,`value`,`widget`,`tip`,`type`,`sort` FROM `rg_setting`  [ RunTime:0.0015s ]
SQL: SHOW COLUMNS FROM `rg_manager` [ RunTime:0.0158s ]
SQL: SELECT `id`,`user`,`pass`,`nickname`,`lastlogintime`,`lastloginip`,`logintimes` FROM `rg_manager` WHERE `id` = 1 LIMIT 1   [ RunTime:0.0006s ]
SQL: SHOW COLUMNS FROM `rg_article` [ RunTime:0.0980s ]
SQL: SELECT COUNT(*) AS tp_count FROM `rg_article` LIMIT 1   [ RunTime:0.0003s ]
SQL: SHOW COLUMNS FROM `rg_guestbook` [ RunTime:0.0428s ]
SQL: SELECT COUNT(*) AS tp_count FROM `rg_guestbook` LIMIT 1   [ RunTime:0.0003s ]
SQL: SHOW COLUMNS FROM `rg_ad` [ RunTime:0.0247s ]
SQL: SELECT COUNT(*) AS tp_count FROM `rg_ad` LIMIT 1   [ RunTime:0.0003s ]
SQL: SHOW COLUMNS FROM `rg_manager` [ RunTime:0.0148s ]
SQL: SELECT COUNT(*) AS tp_count FROM `rg_manager` LIMIT 1   [ RunTime:0.0003s ]
INFO: [ view_parse ] --START--
INFO: [ template_filter ] --START--
INFO: Run Behavior\ContentReplaceBehavior [ RunTime:0.000064s ]
INFO: [ template_filter ] --END-- [ RunTime:0.000090s ]
INFO: Run Behavior\ParseTemplateBehavior [ RunTime:0.065240s ]
INFO: [ view_parse ] --END-- [ RunTime:0.065266s ]
INFO: [ view_filter ] --START--
INFO: Run Behavior\WriteHtmlCacheBehavior [ RunTime:0.000185s ]
INFO: [ view_filter ] --END-- [ RunTime:0.000202s ]
INFO: [ app_end ] --START--
INFO: Run Behavior\ShowPageTraceBehavior [ RunTime:0.000344s ]
INFO: [ app_end ] --END-- [ RunTime:0.000362s ]

[ 2018-07-21T15:13:52+08:00 ] 127.0.0.1 /Admin/Nav/index.html
INFO: [ app_init ] --START--
INFO: Run Behavior\BuildLiteBehavior [ RunTime:0.000006s ]
INFO: [ app_init ] --END-- [ RunTime:0.000281s ]
INFO: [ app_begin ] --START--
INFO: Run Behavior\ReadHtmlCacheBehavior [ RunTime:0.000449s ]
INFO: [ app_begin ] --END-- [ RunTime:0.000469s ]
SQL: SHOW COLUMNS FROM `rg_setting` [ RunTime:0.0160s ]
SQL: SELECT `id`,`name`,`key`,`value`,`widget`,`tip`,`type`,`sort` FROM `rg_setting`  [ RunTime:0.0004s ]
SQL: SHOW COLUMNS FROM `rg_manager` [ RunTime:0.0113s ]
SQL: SELECT `id`,`user`,`pass`,`nickname`,`lastlogintime`,`lastloginip`,`logintimes` FROM `rg_manager` WHERE `id` = 1 LIMIT 1   [ RunTime:0.0004s ]
SQL: SHOW COLUMNS FROM `rg_nav_cate` [ RunTime:0.0471s ]
SQL: SELECT `id`,`name_en`,`name_cn`,`path`,`fullpath`,`sort`,`url`,`target`,`is_show` FROM `rg_nav_cate` WHERE `id` = 0 LIMIT 1   [ RunTime:0.0003s ]
SQL: SELECT * FROM `rg_nav_cate` ORDER BY sort asc  [ RunTime:0.0005s ]
NOTIC: [8] Only variables should be passed by reference D:\xampp\htdocs\tpcms\RAPP\Admin\Controller\NavController.class.php 第 10 行.
NOTIC: [8] Only variables should be passed by reference D:\xampp\htdocs\tpcms\RAPP\Admin\Controller\NavController.class.php 第 10 行.
NOTIC: [8] Only variables should be passed by reference D:\xampp\htdocs\tpcms\RAPP\Admin\Controller\NavController.class.php 第 10 行.
NOTIC: [8] Only variables should be passed by reference D:\xampp\htdocs\tpcms\RAPP\Admin\Controller\NavController.class.php 第 10 行.
NOTIC: [8] Only variables should be passed by reference D:\xampp\htdocs\tpcms\RAPP\Admin\Controller\NavController.class.php 第 10 行.
NOTIC: [8] Only variables should be passed by reference D:\xampp\htdocs\tpcms\RAPP\Admin\Controller\NavController.class.php 第 10 行.
NOTIC: [8] Only variables should be passed by reference D:\xampp\htdocs\tpcms\RAPP\Admin\Controller\NavController.class.php 第 10 行.
NOTIC: [8] Only variables should be passed by reference D:\xampp\htdocs\tpcms\RAPP\Admin\Controller\NavController.class.php 第 10 行.
INFO: [ view_parse ] --START--
INFO: [ template_filter ] --START--
INFO: Run Behavior\ContentReplaceBehavior [ RunTime:0.000052s ]
INFO: [ template_filter ] --END-- [ RunTime:0.000077s ]
INFO: Run Behavior\ParseTemplateBehavior [ RunTime:0.063899s ]
INFO: [ view_parse ] --END-- [ RunTime:0.063926s ]
INFO: [ view_filter ] --START--
INFO: Run Behavior\WriteHtmlCacheBehavior [ RunTime:0.000411s ]
INFO: [ view_filter ] --END-- [ RunTime:0.000448s ]
INFO: [ app_end ] --START--
INFO: Run Behavior\ShowPageTraceBehavior [ RunTime:0.000695s ]
INFO: [ app_end ] --END-- [ RunTime:0.000733s ]

[ 2018-07-21T15:14:17+08:00 ] 127.0.0.1 /Admin/Article/index.html
INFO: [ app_init ] --START--
INFO: Run Behavior\BuildLiteBehavior [ RunTime:0.000006s ]
INFO: [ app_init ] --END-- [ RunTime:0.000250s ]
INFO: [ app_begin ] --START--
INFO: Run Behavior\ReadHtmlCacheBehavior [ RunTime:0.000308s ]
INFO: [ app_begin ] --END-- [ RunTime:0.000330s ]
SQL: SHOW COLUMNS FROM `rg_setting` [ RunTime:0.0144s ]
SQL: SELECT `id`,`name`,`key`,`value`,`widget`,`tip`,`type`,`sort` FROM `rg_setting`  [ RunTime:0.0004s ]
SQL: SHOW COLUMNS FROM `rg_manager` [ RunTime:0.0117s ]
SQL: SELECT `id`,`user`,`pass`,`nickname`,`lastlogintime`,`lastloginip`,`logintimes` FROM `rg_manager` WHERE `id` = 1 LIMIT 1   [ RunTime:0.0005s ]
SQL: SHOW COLUMNS FROM `rg_article_cate` [ RunTime:0.0607s ]
SQL: SELECT `id`,`name_cn`,`name_en`,`path`,`fullpath`,`sort`,`thumb`,`is_able`,`is_show` FROM `rg_article_cate` WHERE `id` = 0 LIMIT 1   [ RunTime:0.0003s ]
SQL: SELECT * FROM `rg_article_cate` ORDER BY sort asc  [ RunTime:0.0003s ]
SQL: SHOW COLUMNS FROM `rg_article` [ RunTime:0.0130s ]
NOTIC: [8] Undefined index: cate_id D:\xampp\htdocs\tpcms\RAPP\Admin\Controller\ArticleController.class.php 第 16 行.
NOTIC: [8] Undefined index: title D:\xampp\htdocs\tpcms\RAPP\Admin\Controller\ArticleController.class.php 第 19 行.
NOTIC: [8] Undefined variable: where D:\xampp\htdocs\tpcms\RAPP\Admin\Controller\ArticleController.class.php 第 22 行.
SQL: SELECT COUNT(*) AS tp_count FROM `rg_article` LIMIT 1   [ RunTime:0.0004s ]
NOTIC: [8] Undefined variable: where D:\xampp\htdocs\tpcms\RAPP\Admin\Controller\ArticleController.class.php 第 26 行.
SQL: SELECT `id`,`cate_id`,`title`,`title_color`,`url`,`thumb`,`created_at`,`updated_at`,`click`,`body`,`keywords`,`description`,`sort`,`is_stick`,`extattr` FROM `rg_article` ORDER BY is_stick desc,sort,updated_at desc LIMIT 0,30   [ RunTime:0.0005s ]
SQL: SELECT `id`,`name_cn`,`name_en`,`path`,`fullpath`,`sort`,`thumb`,`is_able`,`is_show` FROM `rg_article_cate` WHERE `id` = 0 LIMIT 1   [ RunTime:0.0003s ]
SQL: SELECT * FROM `rg_article_cate` ORDER BY sort asc  [ RunTime:0.0003s ]
INFO: [ view_parse ] --START--
INFO: [ template_filter ] --START--
INFO: Run Behavior\ContentReplaceBehavior [ RunTime:0.000045s ]
INFO: [ template_filter ] --END-- [ RunTime:0.000068s ]
NOTIC: [8] Undefined index: cate_id D:\xampp\htdocs\tpcms\Runtime\Cache\Admin\8e35d541e8f27addc64a8b0f0e68393b.php 第 98 行.
NOTIC: [8] Undefined index: cate_id D:\xampp\htdocs\tpcms\Runtime\Cache\Admin\8e35d541e8f27addc64a8b0f0e68393b.php 第 107 行.
NOTIC: [8] Undefined index: cate_id D:\xampp\htdocs\tpcms\Runtime\Cache\Admin\8e35d541e8f27addc64a8b0f0e68393b.php 第 107 行.
NOTIC: [8] Undefined index: cate_id D:\xampp\htdocs\tpcms\Runtime\Cache\Admin\8e35d541e8f27addc64a8b0f0e68393b.php 第 107 行.
NOTIC: [8] Undefined index: title D:\xampp\htdocs\tpcms\Runtime\Cache\Admin\8e35d541e8f27addc64a8b0f0e68393b.php 第 112 行.
NOTIC: [8] Undefined index: pid D:\xampp\htdocs\tpcms\Runtime\Cache\Admin\8e35d541e8f27addc64a8b0f0e68393b.php 第 147 行.
NOTIC: [8] Undefined index: pid D:\xampp\htdocs\tpcms\Runtime\Cache\Admin\8e35d541e8f27addc64a8b0f0e68393b.php 第 147 行.
NOTIC: [8] Undefined index: pid D:\xampp\htdocs\tpcms\Runtime\Cache\Admin\8e35d541e8f27addc64a8b0f0e68393b.php 第 147 行.
NOTIC: [8] Undefined index: pid D:\xampp\htdocs\tpcms\Runtime\Cache\Admin\8e35d541e8f27addc64a8b0f0e68393b.php 第 147 行.
NOTIC: [8] Undefined index: pid D:\xampp\htdocs\tpcms\Runtime\Cache\Admin\8e35d541e8f27addc64a8b0f0e68393b.php 第 147 行.
NOTIC: [8] Undefined index: pid D:\xampp\htdocs\tpcms\Runtime\Cache\Admin\8e35d541e8f27addc64a8b0f0e68393b.php 第 147 行.
NOTIC: [8] Undefined index: pid D:\xampp\htdocs\tpcms\Runtime\Cache\Admin\8e35d541e8f27addc64a8b0f0e68393b.php 第 147 行.
NOTIC: [8] Undefined index: pid D:\xampp\htdocs\tpcms\Runtime\Cache\Admin\8e35d541e8f27addc64a8b0f0e68393b.php 第 147 行.
NOTIC: [8] Undefined index: pid D:\xampp\htdocs\tpcms\Runtime\Cache\Admin\8e35d541e8f27addc64a8b0f0e68393b.php 第 147 行.
INFO: Run Behavior\ParseTemplateBehavior [ RunTime:0.065078s ]
INFO: [ view_parse ] --END-- [ RunTime:0.065099s ]
INFO: [ view_filter ] --START--
INFO: Run Behavior\WriteHtmlCacheBehavior [ RunTime:0.000187s ]
INFO: [ view_filter ] --END-- [ RunTime:0.000204s ]
INFO: [ app_end ] --START--
INFO: Run Behavior\ShowPageTraceBehavior [ RunTime:0.000329s ]
INFO: [ app_end ] --END-- [ RunTime:0.000352s ]

[ 2018-07-21T16:04:39+08:00 ] 127.0.0.1 /Admin/Index/index_index.html
INFO: [ app_init ] --START--
INFO: Run Behavior\BuildLiteBehavior [ RunTime:0.000007s ]
INFO: [ app_init ] --END-- [ RunTime:0.000260s ]
INFO: [ app_begin ] --START--
INFO: Run Behavior\ReadHtmlCacheBehavior [ RunTime:0.000686s ]
INFO: [ app_begin ] --END-- [ RunTime:0.000727s ]
SQL: SHOW COLUMNS FROM `rg_setting` [ RunTime:0.0167s ]
SQL: SELECT `id`,`name`,`key`,`value`,`widget`,`tip`,`type`,`sort` FROM `rg_setting`  [ RunTime:0.0005s ]
SQL: SHOW COLUMNS FROM `rg_manager` [ RunTime:0.0205s ]
SQL: SELECT `id`,`user`,`pass`,`nickname`,`lastlogintime`,`lastloginip`,`logintimes` FROM `rg_manager` WHERE `id` = 1 LIMIT 1   [ RunTime:0.0009s ]
SQL: SHOW COLUMNS FROM `rg_article` [ RunTime:0.0148s ]
SQL: SELECT COUNT(*) AS tp_count FROM `rg_article` LIMIT 1   [ RunTime:0.0008s ]
SQL: SHOW COLUMNS FROM `rg_guestbook` [ RunTime:0.0134s ]
SQL: SELECT COUNT(*) AS tp_count FROM `rg_guestbook` LIMIT 1   [ RunTime:0.0004s ]
SQL: SHOW COLUMNS FROM `rg_ad` [ RunTime:0.0112s ]
SQL: SELECT COUNT(*) AS tp_count FROM `rg_ad` LIMIT 1   [ RunTime:0.0004s ]
SQL: SHOW COLUMNS FROM `rg_manager` [ RunTime:0.0125s ]
SQL: SELECT COUNT(*) AS tp_count FROM `rg_manager` LIMIT 1   [ RunTime:0.0003s ]
INFO: [ view_parse ] --START--
INFO: [ template_filter ] --START--
INFO: Run Behavior\ContentReplaceBehavior [ RunTime:0.000029s ]
INFO: [ template_filter ] --END-- [ RunTime:0.000050s ]
INFO: Run Behavior\ParseTemplateBehavior [ RunTime:0.006561s ]
INFO: [ view_parse ] --END-- [ RunTime:0.006584s ]
INFO: [ view_filter ] --START--
INFO: Run Behavior\WriteHtmlCacheBehavior [ RunTime:0.000251s ]
INFO: [ view_filter ] --END-- [ RunTime:0.000267s ]
INFO: [ app_end ] --START--
INFO: Run Behavior\ShowPageTraceBehavior [ RunTime:0.000389s ]
INFO: [ app_end ] --END-- [ RunTime:0.000407s ]

[ 2018-07-21T16:04:41+08:00 ] 127.0.0.1 /Admin/Nav/index.html
INFO: [ app_init ] --START--
INFO: Run Behavior\BuildLiteBehavior [ RunTime:0.000006s ]
INFO: [ app_init ] --END-- [ RunTime:0.000315s ]
INFO: [ app_begin ] --START--
INFO: Run Behavior\ReadHtmlCacheBehavior [ RunTime:0.000292s ]
INFO: [ app_begin ] --END-- [ RunTime:0.000313s ]
SQL: SHOW COLUMNS FROM `rg_setting` [ RunTime:0.0162s ]
SQL: SELECT `id`,`name`,`key`,`value`,`widget`,`tip`,`type`,`sort` FROM `rg_setting`  [ RunTime:0.0005s ]
SQL: SHOW COLUMNS FROM `rg_manager` [ RunTime:0.0122s ]
SQL: SELECT `id`,`user`,`pass`,`nickname`,`lastlogintime`,`lastloginip`,`logintimes` FROM `rg_manager` WHERE `id` = 1 LIMIT 1   [ RunTime:0.0005s ]
SQL: SHOW COLUMNS FROM `rg_nav_cate` [ RunTime:0.0124s ]
SQL: SELECT `id`,`name_en`,`name_cn`,`path`,`fullpath`,`sort`,`url`,`target`,`is_show` FROM `rg_nav_cate` WHERE `id` = 0 LIMIT 1   [ RunTime:0.0006s ]
SQL: SELECT * FROM `rg_nav_cate` ORDER BY sort asc  [ RunTime:0.0010s ]
NOTIC: [8] Only variables should be passed by reference D:\xampp\htdocs\tpcms\RAPP\Admin\Controller\NavController.class.php 第 10 行.
NOTIC: [8] Only variables should be passed by reference D:\xampp\htdocs\tpcms\RAPP\Admin\Controller\NavController.class.php 第 10 行.
NOTIC: [8] Only variables should be passed by reference D:\xampp\htdocs\tpcms\RAPP\Admin\Controller\NavController.class.php 第 10 行.
NOTIC: [8] Only variables should be passed by reference D:\xampp\htdocs\tpcms\RAPP\Admin\Controller\NavController.class.php 第 10 行.
NOTIC: [8] Only variables should be passed by reference D:\xampp\htdocs\tpcms\RAPP\Admin\Controller\NavController.class.php 第 10 行.
NOTIC: [8] Only variables should be passed by reference D:\xampp\htdocs\tpcms\RAPP\Admin\Controller\NavController.class.php 第 10 行.
NOTIC: [8] Only variables should be passed by reference D:\xampp\htdocs\tpcms\RAPP\Admin\Controller\NavController.class.php 第 10 行.
NOTIC: [8] Only variables should be passed by reference D:\xampp\htdocs\tpcms\RAPP\Admin\Controller\NavController.class.php 第 10 行.
INFO: [ view_parse ] --START--
INFO: [ template_filter ] --START--
INFO: Run Behavior\ContentReplaceBehavior [ RunTime:0.000050s ]
INFO: [ template_filter ] --END-- [ RunTime:0.000072s ]
INFO: Run Behavior\ParseTemplateBehavior [ RunTime:0.047188s ]
INFO: [ view_parse ] --END-- [ RunTime:0.047228s ]
INFO: [ view_filter ] --START--
INFO: Run Behavior\WriteHtmlCacheBehavior [ RunTime:0.000262s ]
INFO: [ view_filter ] --END-- [ RunTime:0.000280s ]
INFO: [ app_end ] --START--
INFO: Run Behavior\ShowPageTraceBehavior [ RunTime:0.000943s ]
INFO: [ app_end ] --END-- [ RunTime:0.001030s ]

[ 2018-07-21T16:04:46+08:00 ] 127.0.0.1 /Admin/Article/index.html
INFO: [ app_init ] --START--
INFO: Run Behavior\BuildLiteBehavior [ RunTime:0.000008s ]
INFO: [ app_init ] --END-- [ RunTime:0.000281s ]
INFO: [ app_begin ] --START--
INFO: Run Behavior\ReadHtmlCacheBehavior [ RunTime:0.000366s ]
INFO: [ app_begin ] --END-- [ RunTime:0.000392s ]
SQL: SHOW COLUMNS FROM `rg_setting` [ RunTime:0.0177s ]
SQL: SELECT `id`,`name`,`key`,`value`,`widget`,`tip`,`type`,`sort` FROM `rg_setting`  [ RunTime:0.0007s ]
SQL: SHOW COLUMNS FROM `rg_manager` [ RunTime:0.0132s ]
SQL: SELECT `id`,`user`,`pass`,`nickname`,`lastlogintime`,`lastloginip`,`logintimes` FROM `rg_manager` WHERE `id` = 1 LIMIT 1   [ RunTime:0.0003s ]
SQL: SHOW COLUMNS FROM `rg_article_cate` [ RunTime:0.0121s ]
SQL: SELECT `id`,`name_cn`,`name_en`,`path`,`fullpath`,`sort`,`thumb`,`is_able`,`is_show` FROM `rg_article_cate` WHERE `id` = 0 LIMIT 1   [ RunTime:0.0007s ]
SQL: SELECT * FROM `rg_article_cate` ORDER BY sort asc  [ RunTime:0.0009s ]
SQL: SHOW COLUMNS FROM `rg_article` [ RunTime:0.0120s ]
NOTIC: [8] Undefined index: cate_id D:\xampp\htdocs\tpcms\RAPP\Admin\Controller\ArticleController.class.php 第 16 行.
NOTIC: [8] Undefined index: title D:\xampp\htdocs\tpcms\RAPP\Admin\Controller\ArticleController.class.php 第 19 行.
NOTIC: [8] Undefined variable: where D:\xampp\htdocs\tpcms\RAPP\Admin\Controller\ArticleController.class.php 第 22 行.
SQL: SELECT COUNT(*) AS tp_count FROM `rg_article` LIMIT 1   [ RunTime:0.0004s ]
NOTIC: [8] Undefined variable: where D:\xampp\htdocs\tpcms\RAPP\Admin\Controller\ArticleController.class.php 第 26 行.
SQL: SELECT `id`,`cate_id`,`title`,`title_color`,`url`,`thumb`,`created_at`,`updated_at`,`click`,`body`,`keywords`,`description`,`sort`,`is_stick`,`extattr` FROM `rg_article` ORDER BY is_stick desc,sort,updated_at desc LIMIT 0,30   [ RunTime:0.0006s ]
SQL: SELECT `id`,`name_cn`,`name_en`,`path`,`fullpath`,`sort`,`thumb`,`is_able`,`is_show` FROM `rg_article_cate` WHERE `id` = 0 LIMIT 1   [ RunTime:0.0003s ]
SQL: SELECT * FROM `rg_article_cate` ORDER BY sort asc  [ RunTime:0.0004s ]
INFO: [ view_parse ] --START--
INFO: [ template_filter ] --START--
INFO: Run Behavior\ContentReplaceBehavior [ RunTime:0.000045s ]
INFO: [ template_filter ] --END-- [ RunTime:0.000067s ]
NOTIC: [8] Undefined index: cate_id D:\xampp\htdocs\tpcms\Runtime\Cache\Admin\8e35d541e8f27addc64a8b0f0e68393b.php 第 98 行.
NOTIC: [8] Undefined index: cate_id D:\xampp\htdocs\tpcms\Runtime\Cache\Admin\8e35d541e8f27addc64a8b0f0e68393b.php 第 107 行.
NOTIC: [8] Undefined index: cate_id D:\xampp\htdocs\tpcms\Runtime\Cache\Admin\8e35d541e8f27addc64a8b0f0e68393b.php 第 107 行.
NOTIC: [8] Undefined index: cate_id D:\xampp\htdocs\tpcms\Runtime\Cache\Admin\8e35d541e8f27addc64a8b0f0e68393b.php 第 107 行.
NOTIC: [8] Undefined index: title D:\xampp\htdocs\tpcms\Runtime\Cache\Admin\8e35d541e8f27addc64a8b0f0e68393b.php 第 112 行.
NOTIC: [8] Undefined index: pid D:\xampp\htdocs\tpcms\Runtime\Cache\Admin\8e35d541e8f27addc64a8b0f0e68393b.php 第 147 行.
NOTIC: [8] Undefined index: pid D:\xampp\htdocs\tpcms\Runtime\Cache\Admin\8e35d541e8f27addc64a8b0f0e68393b.php 第 147 行.
NOTIC: [8] Undefined index: pid D:\xampp\htdocs\tpcms\Runtime\Cache\Admin\8e35d541e8f27addc64a8b0f0e68393b.php 第 147 行.
NOTIC: [8] Undefined index: pid D:\xampp\htdocs\tpcms\Runtime\Cache\Admin\8e35d541e8f27addc64a8b0f0e68393b.php 第 147 行.
NOTIC: [8] Undefined index: pid D:\xampp\htdocs\tpcms\Runtime\Cache\Admin\8e35d541e8f27addc64a8b0f0e68393b.php 第 147 行.
NOTIC: [8] Undefined index: pid D:\xampp\htdocs\tpcms\Runtime\Cache\Admin\8e35d541e8f27addc64a8b0f0e68393b.php 第 147 行.
NOTIC: [8] Undefined index: pid D:\xampp\htdocs\tpcms\Runtime\Cache\Admin\8e35d541e8f27addc64a8b0f0e68393b.php 第 147 行.
NOTIC: [8] Undefined index: pid D:\xampp\htdocs\tpcms\Runtime\Cache\Admin\8e35d541e8f27addc64a8b0f0e68393b.php 第 147 行.
NOTIC: [8] Undefined index: pid D:\xampp\htdocs\tpcms\Runtime\Cache\Admin\8e35d541e8f27addc64a8b0f0e68393b.php 第 147 行.
INFO: Run Behavior\ParseTemplateBehavior [ RunTime:0.067084s ]
INFO: [ view_parse ] --END-- [ RunTime:0.067122s ]
INFO: [ view_filter ] --START--
INFO: Run Behavior\WriteHtmlCacheBehavior [ RunTime:0.000219s ]
INFO: [ view_filter ] --END-- [ RunTime:0.000234s ]
INFO: [ app_end ] --START--
INFO: Run Behavior\ShowPageTraceBehavior [ RunTime:0.000638s ]
INFO: [ app_end ] --END-- [ RunTime:0.000658s ]

[ 2018-07-21T16:04:50+08:00 ] 127.0.0.1 /Admin/ArticleCate/index.html
INFO: [ app_init ] --START--
INFO: Run Behavior\BuildLiteBehavior [ RunTime:0.000007s ]
INFO: [ app_init ] --END-- [ RunTime:0.000278s ]
INFO: [ app_begin ] --START--
INFO: Run Behavior\ReadHtmlCacheBehavior [ RunTime:0.000316s ]
INFO: [ app_begin ] --END-- [ RunTime:0.000339s ]
SQL: SHOW COLUMNS FROM `rg_setting` [ RunTime:0.0164s ]
SQL: SELECT `id`,`name`,`key`,`value`,`widget`,`tip`,`type`,`sort` FROM `rg_setting`  [ RunTime:0.0004s ]
SQL: SHOW COLUMNS FROM `rg_manager` [ RunTime:0.0115s ]
SQL: SELECT `id`,`user`,`pass`,`nickname`,`lastlogintime`,`lastloginip`,`logintimes` FROM `rg_manager` WHERE `id` = 1 LIMIT 1   [ RunTime:0.0006s ]
SQL: SHOW COLUMNS FROM `rg_article_cate` [ RunTime:0.0131s ]
SQL: SELECT `id`,`name_cn`,`name_en`,`path`,`fullpath`,`sort`,`thumb`,`is_able`,`is_show` FROM `rg_article_cate` WHERE `id` = 0 LIMIT 1   [ RunTime:0.0004s ]
SQL: SELECT * FROM `rg_article_cate` ORDER BY sort asc  [ RunTime:0.0005s ]
SQL: SHOW COLUMNS FROM `rg_article` [ RunTime:0.0123s ]
SQL: SELECT COUNT(*) AS tp_count FROM `rg_article` WHERE `cate_id` = 1 LIMIT 1   [ RunTime:0.0004s ]
NOTIC: [8] Only variables should be passed by reference D:\xampp\htdocs\tpcms\RAPP\Admin\Controller\ArticleCateController.class.php 第 12 行.
SQL: SELECT COUNT(*) AS tp_count FROM `rg_article` WHERE `cate_id` = 4 LIMIT 1   [ RunTime:0.0003s ]
NOTIC: [8] Only variables should be passed by reference D:\xampp\htdocs\tpcms\RAPP\Admin\Controller\ArticleCateController.class.php 第 12 行.
SQL: SELECT COUNT(*) AS tp_count FROM `rg_article` WHERE `cate_id` = 3 LIMIT 1   [ RunTime:0.0003s ]
NOTIC: [8] Only variables should be passed by reference D:\xampp\htdocs\tpcms\RAPP\Admin\Controller\ArticleCateController.class.php 第 12 行.
INFO: [ view_parse ] --START--
INFO: [ template_filter ] --START--
INFO: Run Behavior\ContentReplaceBehavior [ RunTime:0.000049s ]
INFO: [ template_filter ] --END-- [ RunTime:0.000072s ]
INFO: Run Behavior\ParseTemplateBehavior [ RunTime:0.084244s ]
INFO: [ view_parse ] --END-- [ RunTime:0.084344s ]
INFO: [ view_filter ] --START--
INFO: Run Behavior\WriteHtmlCacheBehavior [ RunTime:0.000314s ]
INFO: [ view_filter ] --END-- [ RunTime:0.000330s ]
INFO: [ app_end ] --START--
INFO: Run Behavior\ShowPageTraceBehavior [ RunTime:0.000709s ]
INFO: [ app_end ] --END-- [ RunTime:0.000784s ]

[ 2018-07-21T16:04:58+08:00 ] 127.0.0.1 /Admin/Article/index.html?cate_id=4
INFO: [ app_init ] --START--
INFO: Run Behavior\BuildLiteBehavior [ RunTime:0.000005s ]
INFO: [ app_init ] --END-- [ RunTime:0.000206s ]
INFO: [ app_begin ] --START--
INFO: Run Behavior\ReadHtmlCacheBehavior [ RunTime:0.000275s ]
INFO: [ app_begin ] --END-- [ RunTime:0.000294s ]
SQL: SHOW COLUMNS FROM `rg_setting` [ RunTime:0.0152s ]
SQL: SELECT `id`,`name`,`key`,`value`,`widget`,`tip`,`type`,`sort` FROM `rg_setting`  [ RunTime:0.0004s ]
SQL: SHOW COLUMNS FROM `rg_manager` [ RunTime:0.0139s ]
SQL: SELECT `id`,`user`,`pass`,`nickname`,`lastlogintime`,`lastloginip`,`logintimes` FROM `rg_manager` WHERE `id` = 1 LIMIT 1   [ RunTime:0.0004s ]
SQL: SHOW COLUMNS FROM `rg_article_cate` [ RunTime:0.0128s ]
SQL: SELECT `id`,`name_cn`,`name_en`,`path`,`fullpath`,`sort`,`thumb`,`is_able`,`is_show` FROM `rg_article_cate` WHERE `id` = 0 LIMIT 1   [ RunTime:0.0004s ]
SQL: SELECT * FROM `rg_article_cate` ORDER BY sort asc  [ RunTime:0.0003s ]
SQL: SHOW COLUMNS FROM `rg_article` [ RunTime:0.0122s ]
NOTIC: [8] Undefined index: title D:\xampp\htdocs\tpcms\RAPP\Admin\Controller\ArticleController.class.php 第 19 行.
SQL: SELECT COUNT(*) AS tp_count FROM `rg_article` WHERE `cate_id` = 4 LIMIT 1   [ RunTime:0.0003s ]
SQL: SELECT `id`,`cate_id`,`title`,`title_color`,`url`,`thumb`,`created_at`,`updated_at`,`click`,`body`,`keywords`,`description`,`sort`,`is_stick`,`extattr` FROM `rg_article` WHERE `cate_id` = 4 ORDER BY is_stick desc,sort,updated_at desc LIMIT 0,30   [ RunTime:0.0003s ]
SQL: SELECT `id`,`name_cn`,`name_en`,`path`,`fullpath`,`sort`,`thumb`,`is_able`,`is_show` FROM `rg_article_cate` WHERE `id` = 0 LIMIT 1   [ RunTime:0.0002s ]
SQL: SELECT * FROM `rg_article_cate` ORDER BY sort asc  [ RunTime:0.0003s ]
INFO: [ view_parse ] --START--
INFO: [ template_filter ] --START--
INFO: Run Behavior\ContentReplaceBehavior [ RunTime:0.000044s ]
INFO: [ template_filter ] --END-- [ RunTime:0.000062s ]
NOTIC: [8] Undefined index: title D:\xampp\htdocs\tpcms\Runtime\Cache\Admin\8e35d541e8f27addc64a8b0f0e68393b.php 第 112 行.
NOTIC: [8] Undefined index: pid D:\xampp\htdocs\tpcms\Runtime\Cache\Admin\8e35d541e8f27addc64a8b0f0e68393b.php 第 147 行.
NOTIC: [8] Undefined index: pid D:\xampp\htdocs\tpcms\Runtime\Cache\Admin\8e35d541e8f27addc64a8b0f0e68393b.php 第 147 行.
NOTIC: [8] Undefined index: pid D:\xampp\htdocs\tpcms\Runtime\Cache\Admin\8e35d541e8f27addc64a8b0f0e68393b.php 第 147 行.
INFO: Run Behavior\ParseTemplateBehavior [ RunTime:0.052813s ]
INFO: [ view_parse ] --END-- [ RunTime:0.052832s ]
INFO: [ view_filter ] --START--
INFO: Run Behavior\WriteHtmlCacheBehavior [ RunTime:0.000169s ]
INFO: [ view_filter ] --END-- [ RunTime:0.000184s ]
INFO: [ app_end ] --START--
INFO: Run Behavior\ShowPageTraceBehavior [ RunTime:0.000383s ]
INFO: [ app_end ] --END-- [ RunTime:0.000401s ]

[ 2018-07-21T16:05:00+08:00 ] 127.0.0.1 /Admin/Article/index.html?cate_id=3
INFO: [ app_init ] --START--
INFO: Run Behavior\BuildLiteBehavior [ RunTime:0.000006s ]
INFO: [ app_init ] --END-- [ RunTime:0.000239s ]
INFO: [ app_begin ] --START--
INFO: Run Behavior\ReadHtmlCacheBehavior [ RunTime:0.000278s ]
INFO: [ app_begin ] --END-- [ RunTime:0.000297s ]
SQL: SHOW COLUMNS FROM `rg_setting` [ RunTime:0.0147s ]
SQL: SELECT `id`,`name`,`key`,`value`,`widget`,`tip`,`type`,`sort` FROM `rg_setting`  [ RunTime:0.0004s ]
SQL: SHOW COLUMNS FROM `rg_manager` [ RunTime:0.0119s ]
SQL: SELECT `id`,`user`,`pass`,`nickname`,`lastlogintime`,`lastloginip`,`logintimes` FROM `rg_manager` WHERE `id` = 1 LIMIT 1   [ RunTime:0.0004s ]
SQL: SHOW COLUMNS FROM `rg_article_cate` [ RunTime:0.0107s ]
SQL: SELECT `id`,`name_cn`,`name_en`,`path`,`fullpath`,`sort`,`thumb`,`is_able`,`is_show` FROM `rg_article_cate` WHERE `id` = 0 LIMIT 1   [ RunTime:0.0004s ]
SQL: SELECT * FROM `rg_article_cate` ORDER BY sort asc  [ RunTime:0.0004s ]
SQL: SHOW COLUMNS FROM `rg_article` [ RunTime:0.0125s ]
NOTIC: [8] Undefined index: title D:\xampp\htdocs\tpcms\RAPP\Admin\Controller\ArticleController.class.php 第 19 行.
SQL: SELECT COUNT(*) AS tp_count FROM `rg_article` WHERE `cate_id` = 3 LIMIT 1   [ RunTime:0.0004s ]
SQL: SELECT `id`,`cate_id`,`title`,`title_color`,`url`,`thumb`,`created_at`,`updated_at`,`click`,`body`,`keywords`,`description`,`sort`,`is_stick`,`extattr` FROM `rg_article` WHERE `cate_id` = 3 ORDER BY is_stick desc,sort,updated_at desc LIMIT 0,30   [ RunTime:0.0005s ]
SQL: SELECT `id`,`name_cn`,`name_en`,`path`,`fullpath`,`sort`,`thumb`,`is_able`,`is_show` FROM `rg_article_cate` WHERE `id` = 0 LIMIT 1   [ RunTime:0.0002s ]
SQL: SELECT * FROM `rg_article_cate` ORDER BY sort asc  [ RunTime:0.0003s ]
INFO: [ view_parse ] --START--
INFO: [ template_filter ] --START--
INFO: Run Behavior\ContentReplaceBehavior [ RunTime:0.000044s ]
INFO: [ template_filter ] --END-- [ RunTime:0.000063s ]
NOTIC: [8] Undefined index: title D:\xampp\htdocs\tpcms\Runtime\Cache\Admin\8e35d541e8f27addc64a8b0f0e68393b.php 第 112 行.
NOTIC: [8] Undefined index: pid D:\xampp\htdocs\tpcms\Runtime\Cache\Admin\8e35d541e8f27addc64a8b0f0e68393b.php 第 147 行.
NOTIC: [8] Undefined index: pid D:\xampp\htdocs\tpcms\Runtime\Cache\Admin\8e35d541e8f27addc64a8b0f0e68393b.php 第 147 行.
NOTIC: [8] Undefined index: pid D:\xampp\htdocs\tpcms\Runtime\Cache\Admin\8e35d541e8f27addc64a8b0f0e68393b.php 第 147 行.
NOTIC: [8] Undefined index: pid D:\xampp\htdocs\tpcms\Runtime\Cache\Admin\8e35d541e8f27addc64a8b0f0e68393b.php 第 147 行.
NOTIC: [8] Undefined index: pid D:\xampp\htdocs\tpcms\Runtime\Cache\Admin\8e35d541e8f27addc64a8b0f0e68393b.php 第 147 行.
NOTIC: [8] Undefined index: pid D:\xampp\htdocs\tpcms\Runtime\Cache\Admin\8e35d541e8f27addc64a8b0f0e68393b.php 第 147 行.
INFO: Run Behavior\ParseTemplateBehavior [ RunTime:0.053085s ]
INFO: [ view_parse ] --END-- [ RunTime:0.053105s ]
INFO: [ view_filter ] --START--
INFO: Run Behavior\WriteHtmlCacheBehavior [ RunTime:0.000209s ]
INFO: [ view_filter ] --END-- [ RunTime:0.000247s ]
INFO: [ app_end ] --START--
INFO: Run Behavior\ShowPageTraceBehavior [ RunTime:0.000666s ]
INFO: [ app_end ] --END-- [ RunTime:0.000702s ]

[ 2018-07-21T16:05:03+08:00 ] 127.0.0.1 /Admin/Guestbook/index.html
INFO: [ app_init ] --START--
INFO: Run Behavior\BuildLiteBehavior [ RunTime:0.000007s ]
INFO: [ app_init ] --END-- [ RunTime:0.000246s ]
INFO: [ app_begin ] --START--
INFO: Run Behavior\ReadHtmlCacheBehavior [ RunTime:0.000360s ]
INFO: [ app_begin ] --END-- [ RunTime:0.000389s ]
SQL: SHOW COLUMNS FROM `rg_setting` [ RunTime:0.0174s ]
SQL: SELECT `id`,`name`,`key`,`value`,`widget`,`tip`,`type`,`sort` FROM `rg_setting`  [ RunTime:0.0004s ]
SQL: SHOW COLUMNS FROM `rg_manager` [ RunTime:0.0133s ]
SQL: SELECT `id`,`user`,`pass`,`nickname`,`lastlogintime`,`lastloginip`,`logintimes` FROM `rg_manager` WHERE `id` = 1 LIMIT 1   [ RunTime:0.0004s ]
NOTIC: [8] Undefined index: time_begin D:\xampp\htdocs\tpcms\RAPP\Admin\Controller\GuestbookController.class.php 第 22 行.
NOTIC: [8] Undefined index: time_end D:\xampp\htdocs\tpcms\RAPP\Admin\Controller\GuestbookController.class.php 第 28 行.
SQL: SHOW COLUMNS FROM `rg_guestbook` [ RunTime:0.0129s ]
SQL: SELECT COUNT(*) AS tp_count FROM `rg_guestbook` LIMIT 1   [ RunTime:0.0004s ]
SQL: SELECT * FROM `rg_guestbook` ORDER BY id desc LIMIT 0,15   [ RunTime:0.0004s ]
INFO: [ view_parse ] --START--
INFO: [ template_filter ] --START--
INFO: Run Behavior\ContentReplaceBehavior [ RunTime:0.000038s ]
INFO: [ template_filter ] --END-- [ RunTime:0.000060s ]
NOTIC: [8] Undefined index: time_begin D:\xampp\htdocs\tpcms\Runtime\Cache\Admin\79fd8482efca6fb1916da8bf6ec38e85.php 第 119 行.
NOTIC: [8] Undefined index: time_end D:\xampp\htdocs\tpcms\Runtime\Cache\Admin\79fd8482efca6fb1916da8bf6ec38e85.php 第 150 行.
NOTIC: [8] Undefined index: body D:\xampp\htdocs\tpcms\Runtime\Cache\Admin\79fd8482efca6fb1916da8bf6ec38e85.php 第 167 行.
NOTIC: [8] Undefined index: phone D:\xampp\htdocs\tpcms\Runtime\Cache\Admin\79fd8482efca6fb1916da8bf6ec38e85.php 第 170 行.
INFO: Run Behavior\ParseTemplateBehavior [ RunTime:0.087892s ]
INFO: [ view_parse ] --END-- [ RunTime:0.087918s ]
INFO: [ view_filter ] --START--
INFO: Run Behavior\WriteHtmlCacheBehavior [ RunTime:0.000274s ]
INFO: [ view_filter ] --END-- [ RunTime:0.000304s ]
INFO: [ app_end ] --START--
INFO: Run Behavior\ShowPageTraceBehavior [ RunTime:0.000680s ]
INFO: [ app_end ] --END-- [ RunTime:0.000730s ]

[ 2018-07-21T16:05:12+08:00 ] 127.0.0.1 /Admin/Map/index.html
INFO: [ app_init ] --START--
INFO: Run Behavior\BuildLiteBehavior [ RunTime:0.000015s ]
INFO: [ app_init ] --END-- [ RunTime:0.000284s ]
INFO: [ app_begin ] --START--
INFO: Run Behavior\ReadHtmlCacheBehavior [ RunTime:0.000312s ]
INFO: [ app_begin ] --END-- [ RunTime:0.000333s ]
SQL: SHOW COLUMNS FROM `rg_setting` [ RunTime:0.0160s ]
SQL: SELECT `id`,`name`,`key`,`value`,`widget`,`tip`,`type`,`sort` FROM `rg_setting`  [ RunTime:0.0004s ]
SQL: SHOW COLUMNS FROM `rg_manager` [ RunTime:0.0118s ]
SQL: SELECT `id`,`user`,`pass`,`nickname`,`lastlogintime`,`lastloginip`,`logintimes` FROM `rg_manager` WHERE `id` = 1 LIMIT 1   [ RunTime:0.0004s ]
NOTIC: [8] Undefined index: title D:\xampp\htdocs\tpcms\RAPP\Admin\Controller\MapController.class.php 第 12 行.
SQL: SHOW COLUMNS FROM `rg_map` [ RunTime:0.0413s ]
SQL: SELECT COUNT(*) AS tp_count FROM `rg_map` LIMIT 1   [ RunTime:0.0003s ]
SQL: SELECT `id`,`title`,`lng`,`lat`,`zoom`,`description`,`address`,`phone`,`email`,`qq`,`created_at`,`updated_at` FROM `rg_map` ORDER BY `id` desc LIMIT 0,15   [ RunTime:0.0004s ]
INFO: [ view_parse ] --START--
INFO: [ template_filter ] --START--
INFO: Run Behavior\ContentReplaceBehavior [ RunTime:0.000048s ]
INFO: [ template_filter ] --END-- [ RunTime:0.000095s ]
NOTIC: [8] Undefined variable: cate_id D:\xampp\htdocs\tpcms\Runtime\Cache\Admin\30079805d006878407d32ef133b6b53b.php 第 99 行.
NOTIC: [8] Undefined index: title D:\xampp\htdocs\tpcms\Runtime\Cache\Admin\30079805d006878407d32ef133b6b53b.php 第 107 行.
INFO: Run Behavior\ParseTemplateBehavior [ RunTime:0.047181s ]
INFO: [ view_parse ] --END-- [ RunTime:0.047203s ]
INFO: [ view_filter ] --START--
INFO: Run Behavior\WriteHtmlCacheBehavior [ RunTime:0.000197s ]
INFO: [ view_filter ] --END-- [ RunTime:0.000211s ]
INFO: [ app_end ] --START--
INFO: Run Behavior\ShowPageTraceBehavior [ RunTime:0.000317s ]
INFO: [ app_end ] --END-- [ RunTime:0.000333s ]

[ 2018-07-21T16:05:14+08:00 ] 127.0.0.1 /Admin/Map/add.html?cate_id=
INFO: [ app_init ] --START--
INFO: Run Behavior\BuildLiteBehavior [ RunTime:0.000006s ]
INFO: [ app_init ] --END-- [ RunTime:0.000274s ]
INFO: [ app_begin ] --START--
INFO: Run Behavior\ReadHtmlCacheBehavior [ RunTime:0.000368s ]
INFO: [ app_begin ] --END-- [ RunTime:0.000397s ]
SQL: SHOW COLUMNS FROM `rg_setting` [ RunTime:0.0174s ]
SQL: SELECT `id`,`name`,`key`,`value`,`widget`,`tip`,`type`,`sort` FROM `rg_setting`  [ RunTime:0.0005s ]
SQL: SHOW COLUMNS FROM `rg_manager` [ RunTime:0.0153s ]
SQL: SELECT `id`,`user`,`pass`,`nickname`,`lastlogintime`,`lastloginip`,`logintimes` FROM `rg_manager` WHERE `id` = 1 LIMIT 1   [ RunTime:0.0004s ]
INFO: [ view_parse ] --START--
INFO: [ template_filter ] --START--
INFO: Run Behavior\ContentReplaceBehavior [ RunTime:0.000041s ]
INFO: [ template_filter ] --END-- [ RunTime:0.000063s ]
NOTIC: [8] Use of undefined constant editsize - assumed 'editsize' D:\xampp\htdocs\tpcms\Runtime\Cache\Admin\7351a1f5383c9ad0ff53eeba69379210.php 第 217 行.
INFO: Run Behavior\ParseTemplateBehavior [ RunTime:0.126049s ]
INFO: [ view_parse ] --END-- [ RunTime:0.126071s ]
INFO: [ view_filter ] --START--
INFO: Run Behavior\WriteHtmlCacheBehavior [ RunTime:0.000168s ]
INFO: [ view_filter ] --END-- [ RunTime:0.000184s ]
INFO: [ app_end ] --START--
INFO: Run Behavior\ShowPageTraceBehavior [ RunTime:0.000446s ]
INFO: [ app_end ] --END-- [ RunTime:0.000465s ]

[ 2018-07-21T16:05:23+08:00 ] 127.0.0.1 /Admin/Ad/index.html
INFO: [ app_init ] --START--
INFO: Run Behavior\BuildLiteBehavior [ RunTime:0.000006s ]
INFO: [ app_init ] --END-- [ RunTime:0.000257s ]
INFO: [ app_begin ] --START--
INFO: Run Behavior\ReadHtmlCacheBehavior [ RunTime:0.000381s ]
INFO: [ app_begin ] --END-- [ RunTime:0.000402s ]
SQL: SHOW COLUMNS FROM `rg_setting` [ RunTime:0.0161s ]
SQL: SELECT `id`,`name`,`key`,`value`,`widget`,`tip`,`type`,`sort` FROM `rg_setting`  [ RunTime:0.0005s ]
SQL: SHOW COLUMNS FROM `rg_manager` [ RunTime:0.0118s ]
SQL: SELECT `id`,`user`,`pass`,`nickname`,`lastlogintime`,`lastloginip`,`logintimes` FROM `rg_manager` WHERE `id` = 1 LIMIT 1   [ RunTime:0.0005s ]
SQL: SHOW COLUMNS FROM `rg_ad_cate` [ RunTime:0.0383s ]
SQL: SELECT * FROM `rg_ad_cate` ORDER BY sort asc,id desc  [ RunTime:0.0008s ]
NOTIC: [8] Undefined index: cate_id D:\xampp\htdocs\tpcms\RAPP\Admin\Controller\AdController.class.php 第 16 行.
SQL: SHOW COLUMNS FROM `rg_ad` [ RunTime:0.0139s ]
SQL: SELECT COUNT(*) AS tp_count FROM `rg_ad` LIMIT 1   [ RunTime:0.0006s ]
SQL: SELECT `id`,`cate_id`,`title`,`thumb`,`url`,`target`,`created_at`,`updated_at`,`end_at`,`sort` FROM `rg_ad` ORDER BY `sort`,`id` asc LIMIT 0,15   [ RunTime:0.0007s ]
INFO: [ view_parse ] --START--
INFO: [ template_filter ] --START--
INFO: Run Behavior\ContentReplaceBehavior [ RunTime:0.000045s ]
INFO: [ template_filter ] --END-- [ RunTime:0.000069s ]
NOTIC: [8] Undefined variable: cate_id D:\xampp\htdocs\tpcms\Runtime\Cache\Admin\8abb010ce00b50015ebc90874e798ac9.php 第 99 行.
NOTIC: [8] Undefined index: cate_id D:\xampp\htdocs\tpcms\Runtime\Cache\Admin\8abb010ce00b50015ebc90874e798ac9.php 第 109 行.
NOTIC: [8] Undefined index: cate_id D:\xampp\htdocs\tpcms\Runtime\Cache\Admin\8abb010ce00b50015ebc90874e798ac9.php 第 109 行.
NOTIC: [8] Undefined index: cate_id D:\xampp\htdocs\tpcms\Runtime\Cache\Admin\8abb010ce00b50015ebc90874e798ac9.php 第 109 行.
NOTIC: [8] Undefined index: cate_id D:\xampp\htdocs\tpcms\Runtime\Cache\Admin\8abb010ce00b50015ebc90874e798ac9.php 第 109 行.
NOTIC: [8] Undefined index: cate_id D:\xampp\htdocs\tpcms\Runtime\Cache\Admin\8abb010ce00b50015ebc90874e798ac9.php 第 109 行.
INFO: Run Behavior\ParseTemplateBehavior [ RunTime:0.085342s ]
INFO: [ view_parse ] --END-- [ RunTime:0.085391s ]
INFO: [ view_filter ] --START--
INFO: Run Behavior\WriteHtmlCacheBehavior [ RunTime:0.000937s ]
INFO: [ view_filter ] --END-- [ RunTime:0.001074s ]
INFO: [ app_end ] --START--
INFO: Run Behavior\ShowPageTraceBehavior [ RunTime:0.000647s ]
INFO: [ app_end ] --END-- [ RunTime:0.000687s ]

[ 2018-07-21T16:05:24+08:00 ] 127.0.0.1 /Admin/AdCate/index.html
INFO: [ app_init ] --START--
INFO: Run Behavior\BuildLiteBehavior [ RunTime:0.000008s ]
INFO: [ app_init ] --END-- [ RunTime:0.000233s ]
INFO: [ app_begin ] --START--
INFO: Run Behavior\ReadHtmlCacheBehavior [ RunTime:0.000377s ]
INFO: [ app_begin ] --END-- [ RunTime:0.000399s ]
SQL: SHOW COLUMNS FROM `rg_setting` [ RunTime:0.0160s ]
SQL: SELECT `id`,`name`,`key`,`value`,`widget`,`tip`,`type`,`sort` FROM `rg_setting`  [ RunTime:0.0004s ]
SQL: SHOW COLUMNS FROM `rg_manager` [ RunTime:0.0115s ]
SQL: SELECT `id`,`user`,`pass`,`nickname`,`lastlogintime`,`lastloginip`,`logintimes` FROM `rg_manager` WHERE `id` = 1 LIMIT 1   [ RunTime:0.0004s ]
SQL: SHOW COLUMNS FROM `rg_ad_cate` [ RunTime:0.0127s ]
SQL: SELECT COUNT(*) AS tp_count FROM `rg_ad_cate` LIMIT 1   [ RunTime:0.0003s ]
SQL: SELECT `id`,`name`,`sort`,`width`,`height` FROM `rg_ad_cate` ORDER BY sort asc,id desc LIMIT 0,15   [ RunTime:0.0006s ]
SQL: SHOW COLUMNS FROM `rg_ad` [ RunTime:0.0121s ]
SQL: SELECT COUNT(*) AS tp_count FROM `rg_ad` WHERE `cate_id` = 4 LIMIT 1   [ RunTime:0.0003s ]
SQL: SELECT COUNT(*) AS tp_count FROM `rg_ad` WHERE `cate_id` = 2 LIMIT 1   [ RunTime:0.0002s ]
SQL: SELECT COUNT(*) AS tp_count FROM `rg_ad` WHERE `cate_id` = 5 LIMIT 1   [ RunTime:0.0002s ]
SQL: SELECT COUNT(*) AS tp_count FROM `rg_ad` WHERE `cate_id` = 3 LIMIT 1   [ RunTime:0.0002s ]
SQL: SELECT COUNT(*) AS tp_count FROM `rg_ad` WHERE `cate_id` = 1 LIMIT 1   [ RunTime:0.0002s ]
INFO: [ view_parse ] --START--
INFO: [ template_filter ] --START--
INFO: Run Behavior\ContentReplaceBehavior [ RunTime:0.000035s ]
INFO: [ template_filter ] --END-- [ RunTime:0.000059s ]
INFO: Run Behavior\ParseTemplateBehavior [ RunTime:0.058784s ]
INFO: [ view_parse ] --END-- [ RunTime:0.058809s ]
INFO: [ view_filter ] --START--
INFO: Run Behavior\WriteHtmlCacheBehavior [ RunTime:0.000245s ]
INFO: [ view_filter ] --END-- [ RunTime:0.000274s ]
INFO: [ app_end ] --START--
INFO: Run Behavior\ShowPageTraceBehavior [ RunTime:0.000401s ]
INFO: [ app_end ] --END-- [ RunTime:0.000421s ]

[ 2018-07-21T16:05:27+08:00 ] 127.0.0.1 /Admin/Backup/index.html
INFO: [ app_init ] --START--
INFO: Run Behavior\BuildLiteBehavior [ RunTime:0.000007s ]
INFO: [ app_init ] --END-- [ RunTime:0.000267s ]
INFO: [ app_begin ] --START--
INFO: Run Behavior\ReadHtmlCacheBehavior [ RunTime:0.000338s ]
INFO: [ app_begin ] --END-- [ RunTime:0.000363s ]
SQL: SHOW COLUMNS FROM `rg_setting` [ RunTime:0.0148s ]
SQL: SELECT `id`,`name`,`key`,`value`,`widget`,`tip`,`type`,`sort` FROM `rg_setting`  [ RunTime:0.0004s ]
SQL: SHOW COLUMNS FROM `rg_manager` [ RunTime:0.0109s ]
SQL: SELECT `id`,`user`,`pass`,`nickname`,`lastlogintime`,`lastloginip`,`logintimes` FROM `rg_manager` WHERE `id` = 1 LIMIT 1   [ RunTime:0.0003s ]
SQL: SHOW TABLE STATUS [ RunTime:0.3026s ]
INFO: [ view_parse ] --START--
INFO: [ template_filter ] --START--
INFO: Run Behavior\ContentReplaceBehavior [ RunTime:0.000047s ]
INFO: [ template_filter ] --END-- [ RunTime:0.000075s ]
NOTIC: [8] Undefined variable: vo D:\xampp\htdocs\tpcms\Runtime\Cache\Admin\84e94c53446744812472a1eb635dd3e1.php 第 123 行.
NOTIC: [8] Undefined variable: vo D:\xampp\htdocs\tpcms\Runtime\Cache\Admin\84e94c53446744812472a1eb635dd3e1.php 第 123 行.
NOTIC: [8] Undefined variable: vo D:\xampp\htdocs\tpcms\Runtime\Cache\Admin\84e94c53446744812472a1eb635dd3e1.php 第 123 行.
NOTIC: [8] Undefined variable: vo D:\xampp\htdocs\tpcms\Runtime\Cache\Admin\84e94c53446744812472a1eb635dd3e1.php 第 123 行.
NOTIC: [8] Undefined variable: vo D:\xampp\htdocs\tpcms\Runtime\Cache\Admin\84e94c53446744812472a1eb635dd3e1.php 第 123 行.
NOTIC: [8] Undefined variable: vo D:\xampp\htdocs\tpcms\Runtime\Cache\Admin\84e94c53446744812472a1eb635dd3e1.php 第 123 行.
NOTIC: [8] Undefined variable: vo D:\xampp\htdocs\tpcms\Runtime\Cache\Admin\84e94c53446744812472a1eb635dd3e1.php 第 123 行.
NOTIC: [8] Undefined variable: vo D:\xampp\htdocs\tpcms\Runtime\Cache\Admin\84e94c53446744812472a1eb635dd3e1.php 第 123 行.
NOTIC: [8] Undefined variable: vo D:\xampp\htdocs\tpcms\Runtime\Cache\Admin\84e94c53446744812472a1eb635dd3e1.php 第 123 行.
NOTIC: [8] Undefined variable: vo D:\xampp\htdocs\tpcms\Runtime\Cache\Admin\84e94c53446744812472a1eb635dd3e1.php 第 123 行.
NOTIC: [8] Undefined variable: vo D:\xampp\htdocs\tpcms\Runtime\Cache\Admin\84e94c53446744812472a1eb635dd3e1.php 第 123 行.
NOTIC: [8] Undefined variable: vo D:\xampp\htdocs\tpcms\Runtime\Cache\Admin\84e94c53446744812472a1eb635dd3e1.php 第 123 行.
NOTIC: [8] Undefined variable: vo D:\xampp\htdocs\tpcms\Runtime\Cache\Admin\84e94c53446744812472a1eb635dd3e1.php 第 123 行.
NOTIC: [8] Undefined variable: vo D:\xampp\htdocs\tpcms\Runtime\Cache\Admin\84e94c53446744812472a1eb635dd3e1.php 第 123 行.
NOTIC: [8] Undefined variable: vo D:\xampp\htdocs\tpcms\Runtime\Cache\Admin\84e94c53446744812472a1eb635dd3e1.php 第 123 行.
NOTIC: [8] Undefined variable: vo D:\xampp\htdocs\tpcms\Runtime\Cache\Admin\84e94c53446744812472a1eb635dd3e1.php 第 123 行.
NOTIC: [8] Undefined variable: vo D:\xampp\htdocs\tpcms\Runtime\Cache\Admin\84e94c53446744812472a1eb635dd3e1.php 第 123 行.
NOTIC: [8] Undefined variable: vo D:\xampp\htdocs\tpcms\Runtime\Cache\Admin\84e94c53446744812472a1eb635dd3e1.php 第 123 行.
NOTIC: [8] Undefined variable: vo D:\xampp\htdocs\tpcms\Runtime\Cache\Admin\84e94c53446744812472a1eb635dd3e1.php 第 123 行.
NOTIC: [8] Undefined variable: vo D:\xampp\htdocs\tpcms\Runtime\Cache\Admin\84e94c53446744812472a1eb635dd3e1.php 第 123 行.
INFO: Run Behavior\ParseTemplateBehavior [ RunTime:0.068423s ]
INFO: [ view_parse ] --END-- [ RunTime:0.068453s ]
INFO: [ view_filter ] --START--
INFO: Run Behavior\WriteHtmlCacheBehavior [ RunTime:0.000169s ]
INFO: [ view_filter ] --END-- [ RunTime:0.000184s ]
INFO: [ app_end ] --START--
INFO: Run Behavior\ShowPageTraceBehavior [ RunTime:0.000613s ]
INFO: [ app_end ] --END-- [ RunTime:0.000634s ]

[ 2018-07-21T16:05:37+08:00 ] 127.0.0.1 /Admin/Backup/reback.html
INFO: [ app_init ] --START--
INFO: Run Behavior\BuildLiteBehavior [ RunTime:0.000005s ]
INFO: [ app_init ] --END-- [ RunTime:0.000226s ]
INFO: [ app_begin ] --START--
INFO: Run Behavior\ReadHtmlCacheBehavior [ RunTime:0.000316s ]
INFO: [ app_begin ] --END-- [ RunTime:0.000355s ]
SQL: SHOW COLUMNS FROM `rg_setting` [ RunTime:0.0638s ]
SQL: SELECT `id`,`name`,`key`,`value`,`widget`,`tip`,`type`,`sort` FROM `rg_setting`  [ RunTime:0.0005s ]
SQL: SHOW COLUMNS FROM `rg_manager` [ RunTime:0.0125s ]
SQL: SELECT `id`,`user`,`pass`,`nickname`,`lastlogintime`,`lastloginip`,`logintimes` FROM `rg_manager` WHERE `id` = 1 LIMIT 1   [ RunTime:0.0003s ]
INFO: [ view_parse ] --START--
INFO: [ template_filter ] --START--
INFO: Run Behavior\ContentReplaceBehavior [ RunTime:0.000034s ]
INFO: [ template_filter ] --END-- [ RunTime:0.000057s ]
INFO: Run Behavior\ParseTemplateBehavior [ RunTime:0.066620s ]
INFO: [ view_parse ] --END-- [ RunTime:0.066647s ]
INFO: [ view_filter ] --START--
INFO: Run Behavior\WriteHtmlCacheBehavior [ RunTime:0.000240s ]
INFO: [ view_filter ] --END-- [ RunTime:0.000279s ]
INFO: [ app_end ] --START--
INFO: Run Behavior\ShowPageTraceBehavior [ RunTime:0.000664s ]
INFO: [ app_end ] --END-- [ RunTime:0.000722s ]

[ 2018-07-21T16:05:40+08:00 ] 127.0.0.1 /Admin/Setting/index.html
INFO: [ app_init ] --START--
INFO: Run Behavior\BuildLiteBehavior [ RunTime:0.000005s ]
INFO: [ app_init ] --END-- [ RunTime:0.000208s ]
INFO: [ app_begin ] --START--
INFO: Run Behavior\ReadHtmlCacheBehavior [ RunTime:0.000977s ]
INFO: [ app_begin ] --END-- [ RunTime:0.001052s ]
SQL: SHOW COLUMNS FROM `rg_setting` [ RunTime:0.0159s ]
SQL: SELECT `id`,`name`,`key`,`value`,`widget`,`tip`,`type`,`sort` FROM `rg_setting`  [ RunTime:0.0007s ]
SQL: SHOW COLUMNS FROM `rg_manager` [ RunTime:0.0123s ]
SQL: SELECT `id`,`user`,`pass`,`nickname`,`lastlogintime`,`lastloginip`,`logintimes` FROM `rg_manager` WHERE `id` = 1 LIMIT 1   [ RunTime:0.0006s ]
SQL: SELECT * FROM `rg_setting` ORDER BY type,sort,id  [ RunTime:0.0005s ]
INFO: [ view_parse ] --START--
INFO: [ template_filter ] --START--
INFO: Run Behavior\ContentReplaceBehavior [ RunTime:0.000039s ]
INFO: [ template_filter ] --END-- [ RunTime:0.000068s ]
INFO: Run Behavior\ParseTemplateBehavior [ RunTime:0.075189s ]
INFO: [ view_parse ] --END-- [ RunTime:0.075221s ]
INFO: [ view_filter ] --START--
INFO: Run Behavior\WriteHtmlCacheBehavior [ RunTime:0.000175s ]
INFO: [ view_filter ] --END-- [ RunTime:0.000191s ]
INFO: [ app_end ] --START--
INFO: Run Behavior\ShowPageTraceBehavior [ RunTime:0.000515s ]
INFO: [ app_end ] --END-- [ RunTime:0.000535s ]

[ 2018-07-21T16:05:44+08:00 ] 127.0.0.1 /Admin/Setting/add.html
INFO: [ app_init ] --START--
INFO: Run Behavior\BuildLiteBehavior [ RunTime:0.000006s ]
INFO: [ app_init ] --END-- [ RunTime:0.000241s ]
INFO: [ app_begin ] --START--
INFO: Run Behavior\ReadHtmlCacheBehavior [ RunTime:0.000334s ]
INFO: [ app_begin ] --END-- [ RunTime:0.000355s ]
SQL: SHOW COLUMNS FROM `rg_setting` [ RunTime:0.0256s ]
SQL: SELECT `id`,`name`,`key`,`value`,`widget`,`tip`,`type`,`sort` FROM `rg_setting`  [ RunTime:0.0004s ]
SQL: SHOW COLUMNS FROM `rg_manager` [ RunTime:0.0112s ]
SQL: SELECT `id`,`user`,`pass`,`nickname`,`lastlogintime`,`lastloginip`,`logintimes` FROM `rg_manager` WHERE `id` = 1 LIMIT 1   [ RunTime:0.0003s ]
INFO: [ view_parse ] --START--
INFO: [ template_filter ] --START--
INFO: Run Behavior\ContentReplaceBehavior [ RunTime:0.000030s ]
INFO: [ template_filter ] --END-- [ RunTime:0.000054s ]
NOTIC: [8] Undefined variable: page D:\xampp\htdocs\tpcms\Runtime\Cache\Admin\6afb025dd1efcb04522557639f1bf11a.php 第 103 行.
NOTIC: [8] Undefined variable: page D:\xampp\htdocs\tpcms\Runtime\Cache\Admin\6afb025dd1efcb04522557639f1bf11a.php 第 109 行.
NOTIC: [8] Undefined variable: page D:\xampp\htdocs\tpcms\Runtime\Cache\Admin\6afb025dd1efcb04522557639f1bf11a.php 第 115 行.
NOTIC: [8] Undefined variable: page D:\xampp\htdocs\tpcms\Runtime\Cache\Admin\6afb025dd1efcb04522557639f1bf11a.php 第 129 行.
INFO: Run Behavior\ParseTemplateBehavior [ RunTime:0.061944s ]
INFO: [ view_parse ] --END-- [ RunTime:0.061973s ]
INFO: [ view_filter ] --START--
INFO: Run Behavior\WriteHtmlCacheBehavior [ RunTime:0.000316s ]
INFO: [ view_filter ] --END-- [ RunTime:0.000334s ]
INFO: [ app_end ] --START--
INFO: Run Behavior\ShowPageTraceBehavior [ RunTime:0.000354s ]
INFO: [ app_end ] --END-- [ RunTime:0.000371s ]

[ 2018-07-21T16:05:52+08:00 ] 127.0.0.1 /Admin/Manager/index.html
INFO: [ app_init ] --START--
INFO: Run Behavior\BuildLiteBehavior [ RunTime:0.000006s ]
INFO: [ app_init ] --END-- [ RunTime:0.000220s ]
INFO: [ app_begin ] --START--
INFO: Run Behavior\ReadHtmlCacheBehavior [ RunTime:0.000443s ]
INFO: [ app_begin ] --END-- [ RunTime:0.000497s ]
SQL: SHOW COLUMNS FROM `rg_setting` [ RunTime:0.0143s ]
SQL: SELECT `id`,`name`,`key`,`value`,`widget`,`tip`,`type`,`sort` FROM `rg_setting`  [ RunTime:0.0004s ]
SQL: SHOW COLUMNS FROM `rg_manager` [ RunTime:0.0123s ]
SQL: SELECT `id`,`user`,`pass`,`nickname`,`lastlogintime`,`lastloginip`,`logintimes` FROM `rg_manager` WHERE `id` = 1 LIMIT 1   [ RunTime:0.0003s ]
NOTIC: [8] Use of undefined constant Manager - assumed 'Manager' D:\xampp\htdocs\tpcms\RAPP\Admin\Controller\ManagerController.class.php 第 21 行.
SQL: SELECT `id`,`user`,`pass`,`nickname`,`lastlogintime`,`lastloginip`,`logintimes` FROM `rg_manager`  [ RunTime:0.0003s ]
SQL: SHOW COLUMNS FROM `rg_auth_group_access` [ RunTime:0.0147s ]
SQL: SELECT `title` FROM `rg_auth_group_access` INNER JOIN rg_auth_group ON rg_auth_group.id=rg_auth_group_access.group_id  WHERE `uid` = '1'  [ RunTime:0.0540s ]
SQL: SELECT `title` FROM `rg_auth_group_access` INNER JOIN rg_auth_group ON rg_auth_group.id=rg_auth_group_access.group_id  WHERE `uid` = '4'  [ RunTime:0.0004s ]
NOTIC: [2] Invalid argument supplied for foreach() D:\xampp\htdocs\tpcms\RAPP\Admin\Controller\ManagerController.class.php 第 27 行.
NOTIC: [2] implode(): Invalid arguments passed D:\xampp\htdocs\tpcms\RAPP\Admin\Controller\ManagerController.class.php 第 30 行.
SQL: SELECT `title` FROM `rg_auth_group_access` INNER JOIN rg_auth_group ON rg_auth_group.id=rg_auth_group_access.group_id  WHERE `uid` = '5'  [ RunTime:0.0004s ]
SQL: SELECT `title` FROM `rg_auth_group_access` INNER JOIN rg_auth_group ON rg_auth_group.id=rg_auth_group_access.group_id  WHERE `uid` = '7'  [ RunTime:0.0004s ]
NOTIC: [2] Invalid argument supplied for foreach() D:\xampp\htdocs\tpcms\RAPP\Admin\Controller\ManagerController.class.php 第 27 行.
NOTIC: [2] implode(): Invalid arguments passed D:\xampp\htdocs\tpcms\RAPP\Admin\Controller\ManagerController.class.php 第 30 行.
INFO: [ view_parse ] --START--
INFO: [ template_filter ] --START--
INFO: Run Behavior\ContentReplaceBehavior [ RunTime:0.000034s ]
INFO: [ template_filter ] --END-- [ RunTime:0.000072s ]
INFO: Run Behavior\ParseTemplateBehavior [ RunTime:0.049988s ]
INFO: [ view_parse ] --END-- [ RunTime:0.050028s ]
INFO: [ view_filter ] --START--
INFO: Run Behavior\WriteHtmlCacheBehavior [ RunTime:0.000225s ]
INFO: [ view_filter ] --END-- [ RunTime:0.000241s ]
INFO: [ app_end ] --START--
INFO: Run Behavior\ShowPageTraceBehavior [ RunTime:0.000574s ]
INFO: [ app_end ] --END-- [ RunTime:0.000593s ]

[ 2018-07-21T16:11:53+08:00 ] 127.0.0.1 /Admin/Nav/index.html
INFO: [ app_init ] --START--
INFO: Run Behavior\BuildLiteBehavior [ RunTime:0.000005s ]
INFO: [ app_init ] --END-- [ RunTime:0.000252s ]
INFO: [ app_begin ] --START--
INFO: Run Behavior\ReadHtmlCacheBehavior [ RunTime:0.000672s ]
INFO: [ app_begin ] --END-- [ RunTime:0.000730s ]
SQL: SHOW COLUMNS FROM `rg_setting` [ RunTime:0.0174s ]
SQL: SELECT `id`,`name`,`key`,`value`,`widget`,`tip`,`type`,`sort` FROM `rg_setting`  [ RunTime:0.0004s ]
SQL: SHOW COLUMNS FROM `rg_manager` [ RunTime:0.0132s ]
SQL: SELECT `id`,`user`,`pass`,`nickname`,`lastlogintime`,`lastloginip`,`logintimes` FROM `rg_manager` WHERE `id` = 1 LIMIT 1   [ RunTime:0.0004s ]
SQL: SHOW COLUMNS FROM `rg_nav_cate` [ RunTime:0.0136s ]
SQL: SELECT `id`,`name_en`,`name_cn`,`path`,`fullpath`,`sort`,`url`,`target`,`is_show` FROM `rg_nav_cate` WHERE `id` = 0 LIMIT 1   [ RunTime:0.0004s ]
SQL: SELECT * FROM `rg_nav_cate` ORDER BY sort asc  [ RunTime:0.0004s ]
NOTIC: [8] Only variables should be passed by reference D:\xampp\htdocs\tpcms\RAPP\Admin\Controller\NavController.class.php 第 10 行.
NOTIC: [8] Only variables should be passed by reference D:\xampp\htdocs\tpcms\RAPP\Admin\Controller\NavController.class.php 第 10 行.
NOTIC: [8] Only variables should be passed by reference D:\xampp\htdocs\tpcms\RAPP\Admin\Controller\NavController.class.php 第 10 行.
NOTIC: [8] Only variables should be passed by reference D:\xampp\htdocs\tpcms\RAPP\Admin\Controller\NavController.class.php 第 10 行.
NOTIC: [8] Only variables should be passed by reference D:\xampp\htdocs\tpcms\RAPP\Admin\Controller\NavController.class.php 第 10 行.
NOTIC: [8] Only variables should be passed by reference D:\xampp\htdocs\tpcms\RAPP\Admin\Controller\NavController.class.php 第 10 行.
NOTIC: [8] Only variables should be passed by reference D:\xampp\htdocs\tpcms\RAPP\Admin\Controller\NavController.class.php 第 10 行.
NOTIC: [8] Only variables should be passed by reference D:\xampp\htdocs\tpcms\RAPP\Admin\Controller\NavController.class.php 第 10 行.
INFO: [ view_parse ] --START--
INFO: [ template_filter ] --START--
INFO: Run Behavior\ContentReplaceBehavior [ RunTime:0.000052s ]
INFO: [ template_filter ] --END-- [ RunTime:0.000077s ]
INFO: Run Behavior\ParseTemplateBehavior [ RunTime:0.046903s ]
INFO: [ view_parse ] --END-- [ RunTime:0.046931s ]
INFO: [ view_filter ] --START--
INFO: Run Behavior\WriteHtmlCacheBehavior [ RunTime:0.000255s ]
INFO: [ view_filter ] --END-- [ RunTime:0.000271s ]
INFO: [ app_end ] --START--
INFO: Run Behavior\ShowPageTraceBehavior [ RunTime:0.000511s ]
INFO: [ app_end ] --END-- [ RunTime:0.000533s ]

[ 2018-07-21T16:11:55+08:00 ] 127.0.0.1 /Admin/ArticleCate/index.html
INFO: [ app_init ] --START--
INFO: Run Behavior\BuildLiteBehavior [ RunTime:0.000006s ]
INFO: [ app_init ] --END-- [ RunTime:0.000272s ]
INFO: [ app_begin ] --START--
INFO: Run Behavior\ReadHtmlCacheBehavior [ RunTime:0.000363s ]
INFO: [ app_begin ] --END-- [ RunTime:0.000389s ]
SQL: SHOW COLUMNS FROM `rg_setting` [ RunTime:0.0166s ]
SQL: SELECT `id`,`name`,`key`,`value`,`widget`,`tip`,`type`,`sort` FROM `rg_setting`  [ RunTime:0.0004s ]
SQL: SHOW COLUMNS FROM `rg_manager` [ RunTime:0.0137s ]
SQL: SELECT `id`,`user`,`pass`,`nickname`,`lastlogintime`,`lastloginip`,`logintimes` FROM `rg_manager` WHERE `id` = 1 LIMIT 1   [ RunTime:0.0003s ]
SQL: SHOW COLUMNS FROM `rg_article_cate` [ RunTime:0.0140s ]
SQL: SELECT `id`,`name_cn`,`name_en`,`path`,`fullpath`,`sort`,`thumb`,`is_able`,`is_show` FROM `rg_article_cate` WHERE `id` = 0 LIMIT 1   [ RunTime:0.0004s ]
SQL: SELECT * FROM `rg_article_cate` ORDER BY sort asc  [ RunTime:0.0004s ]
SQL: SHOW COLUMNS FROM `rg_article` [ RunTime:0.0127s ]
SQL: SELECT COUNT(*) AS tp_count FROM `rg_article` WHERE `cate_id` = 1 LIMIT 1   [ RunTime:0.0004s ]
NOTIC: [8] Only variables should be passed by reference D:\xampp\htdocs\tpcms\RAPP\Admin\Controller\ArticleCateController.class.php 第 12 行.
SQL: SELECT COUNT(*) AS tp_count FROM `rg_article` WHERE `cate_id` = 4 LIMIT 1   [ RunTime:0.0003s ]
NOTIC: [8] Only variables should be passed by reference D:\xampp\htdocs\tpcms\RAPP\Admin\Controller\ArticleCateController.class.php 第 12 行.
SQL: SELECT COUNT(*) AS tp_count FROM `rg_article` WHERE `cate_id` = 3 LIMIT 1   [ RunTime:0.0003s ]
NOTIC: [8] Only variables should be passed by reference D:\xampp\htdocs\tpcms\RAPP\Admin\Controller\ArticleCateController.class.php 第 12 行.
INFO: [ view_parse ] --START--
INFO: [ template_filter ] --START--
INFO: Run Behavior\ContentReplaceBehavior [ RunTime:0.000050s ]
INFO: [ template_filter ] --END-- [ RunTime:0.000073s ]
INFO: Run Behavior\ParseTemplateBehavior [ RunTime:0.049248s ]
INFO: [ view_parse ] --END-- [ RunTime:0.049277s ]
INFO: [ view_filter ] --START--
INFO: Run Behavior\WriteHtmlCacheBehavior [ RunTime:0.000401s ]
INFO: [ view_filter ] --END-- [ RunTime:0.000436s ]
INFO: [ app_end ] --START--
INFO: Run Behavior\ShowPageTraceBehavior [ RunTime:0.000758s ]
INFO: [ app_end ] --END-- [ RunTime:0.000810s ]

[ 2018-07-21T16:11:55+08:00 ] 127.0.0.1 /Admin/Article/index.html
INFO: [ app_init ] --START--
INFO: Run Behavior\BuildLiteBehavior [ RunTime:0.000006s ]
INFO: [ app_init ] --END-- [ RunTime:0.000223s ]
INFO: [ app_begin ] --START--
INFO: Run Behavior\ReadHtmlCacheBehavior [ RunTime:0.000287s ]
INFO: [ app_begin ] --END-- [ RunTime:0.000306s ]
SQL: SHOW COLUMNS FROM `rg_setting` [ RunTime:0.0099s ]
SQL: SELECT `id`,`name`,`key`,`value`,`widget`,`tip`,`type`,`sort` FROM `rg_setting`  [ RunTime:0.0003s ]
SQL: SHOW COLUMNS FROM `rg_manager` [ RunTime:0.0119s ]
SQL: SELECT `id`,`user`,`pass`,`nickname`,`lastlogintime`,`lastloginip`,`logintimes` FROM `rg_manager` WHERE `id` = 1 LIMIT 1   [ RunTime:0.0003s ]
SQL: SHOW COLUMNS FROM `rg_article_cate` [ RunTime:0.0093s ]
SQL: SELECT `id`,`name_cn`,`name_en`,`path`,`fullpath`,`sort`,`thumb`,`is_able`,`is_show` FROM `rg_article_cate` WHERE `id` = 0 LIMIT 1   [ RunTime:0.0003s ]
SQL: SELECT * FROM `rg_article_cate` ORDER BY sort asc  [ RunTime:0.0003s ]
SQL: SHOW COLUMNS FROM `rg_article` [ RunTime:0.0090s ]
NOTIC: [8] Undefined index: cate_id D:\xampp\htdocs\tpcms\RAPP\Admin\Controller\ArticleController.class.php 第 16 行.
NOTIC: [8] Undefined index: title D:\xampp\htdocs\tpcms\RAPP\Admin\Controller\ArticleController.class.php 第 19 行.
NOTIC: [8] Undefined variable: where D:\xampp\htdocs\tpcms\RAPP\Admin\Controller\ArticleController.class.php 第 22 行.
SQL: SELECT COUNT(*) AS tp_count FROM `rg_article` LIMIT 1   [ RunTime:0.0003s ]
NOTIC: [8] Undefined variable: where D:\xampp\htdocs\tpcms\RAPP\Admin\Controller\ArticleController.class.php 第 26 行.
SQL: SELECT `id`,`cate_id`,`title`,`title_color`,`url`,`thumb`,`created_at`,`updated_at`,`click`,`body`,`keywords`,`description`,`sort`,`is_stick`,`extattr` FROM `rg_article` ORDER BY is_stick desc,sort,updated_at desc LIMIT 0,30   [ RunTime:0.0004s ]
SQL: SELECT `id`,`name_cn`,`name_en`,`path`,`fullpath`,`sort`,`thumb`,`is_able`,`is_show` FROM `rg_article_cate` WHERE `id` = 0 LIMIT 1   [ RunTime:0.0003s ]
SQL: SELECT * FROM `rg_article_cate` ORDER BY sort asc  [ RunTime:0.0003s ]
INFO: [ view_parse ] --START--
INFO: [ template_filter ] --START--
INFO: Run Behavior\ContentReplaceBehavior [ RunTime:0.000044s ]
INFO: [ template_filter ] --END-- [ RunTime:0.000063s ]
NOTIC: [8] Undefined index: cate_id D:\xampp\htdocs\tpcms\Runtime\Cache\Admin\8e35d541e8f27addc64a8b0f0e68393b.php 第 98 行.
NOTIC: [8] Undefined index: cate_id D:\xampp\htdocs\tpcms\Runtime\Cache\Admin\8e35d541e8f27addc64a8b0f0e68393b.php 第 107 行.
NOTIC: [8] Undefined index: cate_id D:\xampp\htdocs\tpcms\Runtime\Cache\Admin\8e35d541e8f27addc64a8b0f0e68393b.php 第 107 行.
NOTIC: [8] Undefined index: cate_id D:\xampp\htdocs\tpcms\Runtime\Cache\Admin\8e35d541e8f27addc64a8b0f0e68393b.php 第 107 行.
NOTIC: [8] Undefined index: title D:\xampp\htdocs\tpcms\Runtime\Cache\Admin\8e35d541e8f27addc64a8b0f0e68393b.php 第 112 行.
NOTIC: [8] Undefined index: pid D:\xampp\htdocs\tpcms\Runtime\Cache\Admin\8e35d541e8f27addc64a8b0f0e68393b.php 第 147 行.
NOTIC: [8] Undefined index: pid D:\xampp\htdocs\tpcms\Runtime\Cache\Admin\8e35d541e8f27addc64a8b0f0e68393b.php 第 147 行.
NOTIC: [8] Undefined index: pid D:\xampp\htdocs\tpcms\Runtime\Cache\Admin\8e35d541e8f27addc64a8b0f0e68393b.php 第 147 行.
NOTIC: [8] Undefined index: pid D:\xampp\htdocs\tpcms\Runtime\Cache\Admin\8e35d541e8f27addc64a8b0f0e68393b.php 第 147 行.
NOTIC: [8] Undefined index: pid D:\xampp\htdocs\tpcms\Runtime\Cache\Admin\8e35d541e8f27addc64a8b0f0e68393b.php 第 147 行.
NOTIC: [8] Undefined index: pid D:\xampp\htdocs\tpcms\Runtime\Cache\Admin\8e35d541e8f27addc64a8b0f0e68393b.php 第 147 行.
NOTIC: [8] Undefined index: pid D:\xampp\htdocs\tpcms\Runtime\Cache\Admin\8e35d541e8f27addc64a8b0f0e68393b.php 第 147 行.
NOTIC: [8] Undefined index: pid D:\xampp\htdocs\tpcms\Runtime\Cache\Admin\8e35d541e8f27addc64a8b0f0e68393b.php 第 147 行.
NOTIC: [8] Undefined index: pid D:\xampp\htdocs\tpcms\Runtime\Cache\Admin\8e35d541e8f27addc64a8b0f0e68393b.php 第 147 行.
INFO: Run Behavior\ParseTemplateBehavior [ RunTime:0.053613s ]
INFO: [ view_parse ] --END-- [ RunTime:0.053639s ]
INFO: [ view_filter ] --START--
INFO: Run Behavior\WriteHtmlCacheBehavior [ RunTime:0.000167s ]
INFO: [ view_filter ] --END-- [ RunTime:0.000183s ]
INFO: [ app_end ] --START--
INFO: Run Behavior\ShowPageTraceBehavior [ RunTime:0.000752s ]
INFO: [ app_end ] --END-- [ RunTime:0.000778s ]

[ 2018-07-21T16:11:57+08:00 ] 127.0.0.1 /Admin/Guestbook/index.html
INFO: [ app_init ] --START--
INFO: Run Behavior\BuildLiteBehavior [ RunTime:0.000007s ]
INFO: [ app_init ] --END-- [ RunTime:0.000277s ]
INFO: [ app_begin ] --START--
INFO: Run Behavior\ReadHtmlCacheBehavior [ RunTime:0.000373s ]
INFO: [ app_begin ] --END-- [ RunTime:0.000399s ]
SQL: SHOW COLUMNS FROM `rg_setting` [ RunTime:0.0147s ]
SQL: SELECT `id`,`name`,`key`,`value`,`widget`,`tip`,`type`,`sort` FROM `rg_setting`  [ RunTime:0.0007s ]
SQL: SHOW COLUMNS FROM `rg_manager` [ RunTime:0.0111s ]
SQL: SELECT `id`,`user`,`pass`,`nickname`,`lastlogintime`,`lastloginip`,`logintimes` FROM `rg_manager` WHERE `id` = 1 LIMIT 1   [ RunTime:0.0004s ]
NOTIC: [8] Undefined index: time_begin D:\xampp\htdocs\tpcms\RAPP\Admin\Controller\GuestbookController.class.php 第 22 行.
NOTIC: [8] Undefined index: time_end D:\xampp\htdocs\tpcms\RAPP\Admin\Controller\GuestbookController.class.php 第 28 行.
SQL: SHOW COLUMNS FROM `rg_guestbook` [ RunTime:0.0127s ]
SQL: SELECT COUNT(*) AS tp_count FROM `rg_guestbook` LIMIT 1   [ RunTime:0.0003s ]
SQL: SELECT * FROM `rg_guestbook` ORDER BY id desc LIMIT 0,15   [ RunTime:0.0003s ]
INFO: [ view_parse ] --START--
INFO: [ template_filter ] --START--
INFO: Run Behavior\ContentReplaceBehavior [ RunTime:0.000058s ]
INFO: [ template_filter ] --END-- [ RunTime:0.000085s ]
NOTIC: [8] Undefined index: time_begin D:\xampp\htdocs\tpcms\Runtime\Cache\Admin\79fd8482efca6fb1916da8bf6ec38e85.php 第 119 行.
NOTIC: [8] Undefined index: time_end D:\xampp\htdocs\tpcms\Runtime\Cache\Admin\79fd8482efca6fb1916da8bf6ec38e85.php 第 150 行.
NOTIC: [8] Undefined index: body D:\xampp\htdocs\tpcms\Runtime\Cache\Admin\79fd8482efca6fb1916da8bf6ec38e85.php 第 167 行.
NOTIC: [8] Undefined index: phone D:\xampp\htdocs\tpcms\Runtime\Cache\Admin\79fd8482efca6fb1916da8bf6ec38e85.php 第 170 行.
INFO: Run Behavior\ParseTemplateBehavior [ RunTime:0.045270s ]
INFO: [ view_parse ] --END-- [ RunTime:0.045291s ]
INFO: [ view_filter ] --START--
INFO: Run Behavior\WriteHtmlCacheBehavior [ RunTime:0.000166s ]
INFO: [ view_filter ] --END-- [ RunTime:0.000181s ]
INFO: [ app_end ] --START--
INFO: Run Behavior\ShowPageTraceBehavior [ RunTime:0.000507s ]
INFO: [ app_end ] --END-- [ RunTime:0.000541s ]

[ 2018-07-21T16:11:58+08:00 ] 127.0.0.1 /Admin/Map/index.html
INFO: [ app_init ] --START--
INFO: Run Behavior\BuildLiteBehavior [ RunTime:0.000007s ]
INFO: [ app_init ] --END-- [ RunTime:0.000291s ]
INFO: [ app_begin ] --START--
INFO: Run Behavior\ReadHtmlCacheBehavior [ RunTime:0.000333s ]
INFO: [ app_begin ] --END-- [ RunTime:0.000354s ]
SQL: SHOW COLUMNS FROM `rg_setting` [ RunTime:0.0167s ]
SQL: SELECT `id`,`name`,`key`,`value`,`widget`,`tip`,`type`,`sort` FROM `rg_setting`  [ RunTime:0.0003s ]
SQL: SHOW COLUMNS FROM `rg_manager` [ RunTime:0.0130s ]
SQL: SELECT `id`,`user`,`pass`,`nickname`,`lastlogintime`,`lastloginip`,`logintimes` FROM `rg_manager` WHERE `id` = 1 LIMIT 1   [ RunTime:0.0003s ]
NOTIC: [8] Undefined index: title D:\xampp\htdocs\tpcms\RAPP\Admin\Controller\MapController.class.php 第 12 行.
SQL: SHOW COLUMNS FROM `rg_map` [ RunTime:0.0149s ]
SQL: SELECT COUNT(*) AS tp_count FROM `rg_map` LIMIT 1   [ RunTime:0.0003s ]
SQL: SELECT `id`,`title`,`lng`,`lat`,`zoom`,`description`,`address`,`phone`,`email`,`qq`,`created_at`,`updated_at` FROM `rg_map` ORDER BY `id` desc LIMIT 0,15   [ RunTime:0.0003s ]
INFO: [ view_parse ] --START--
INFO: [ template_filter ] --START--
INFO: Run Behavior\ContentReplaceBehavior [ RunTime:0.000051s ]
INFO: [ template_filter ] --END-- [ RunTime:0.000104s ]
NOTIC: [8] Undefined variable: cate_id D:\xampp\htdocs\tpcms\Runtime\Cache\Admin\30079805d006878407d32ef133b6b53b.php 第 99 行.
NOTIC: [8] Undefined index: title D:\xampp\htdocs\tpcms\Runtime\Cache\Admin\30079805d006878407d32ef133b6b53b.php 第 107 行.
INFO: Run Behavior\ParseTemplateBehavior [ RunTime:0.008526s ]
INFO: [ view_parse ] --END-- [ RunTime:0.008547s ]
INFO: [ view_filter ] --START--
INFO: Run Behavior\WriteHtmlCacheBehavior [ RunTime:0.000170s ]
INFO: [ view_filter ] --END-- [ RunTime:0.000186s ]
INFO: [ app_end ] --START--
INFO: Run Behavior\ShowPageTraceBehavior [ RunTime:0.000309s ]
INFO: [ app_end ] --END-- [ RunTime:0.000326s ]

[ 2018-07-21T16:11:59+08:00 ] 127.0.0.1 /Admin/Guestbook/index.html
INFO: [ app_init ] --START--
INFO: Run Behavior\BuildLiteBehavior [ RunTime:0.000014s ]
INFO: [ app_init ] --END-- [ RunTime:0.000252s ]
INFO: [ app_begin ] --START--
INFO: Run Behavior\ReadHtmlCacheBehavior [ RunTime:0.000295s ]
INFO: [ app_begin ] --END-- [ RunTime:0.000316s ]
SQL: SHOW COLUMNS FROM `rg_setting` [ RunTime:0.0161s ]
SQL: SELECT `id`,`name`,`key`,`value`,`widget`,`tip`,`type`,`sort` FROM `rg_setting`  [ RunTime:0.0005s ]
SQL: SHOW COLUMNS FROM `rg_manager` [ RunTime:0.0122s ]
SQL: SELECT `id`,`user`,`pass`,`nickname`,`lastlogintime`,`lastloginip`,`logintimes` FROM `rg_manager` WHERE `id` = 1 LIMIT 1   [ RunTime:0.0006s ]
NOTIC: [8] Undefined index: time_begin D:\xampp\htdocs\tpcms\RAPP\Admin\Controller\GuestbookController.class.php 第 22 行.
NOTIC: [8] Undefined index: time_end D:\xampp\htdocs\tpcms\RAPP\Admin\Controller\GuestbookController.class.php 第 28 行.
SQL: SHOW COLUMNS FROM `rg_guestbook` [ RunTime:0.0115s ]
SQL: SELECT COUNT(*) AS tp_count FROM `rg_guestbook` LIMIT 1   [ RunTime:0.0004s ]
SQL: SELECT * FROM `rg_guestbook` ORDER BY id desc LIMIT 0,15   [ RunTime:0.0004s ]
INFO: [ view_parse ] --START--
INFO: [ template_filter ] --START--
INFO: Run Behavior\ContentReplaceBehavior [ RunTime:0.000037s ]
INFO: [ template_filter ] --END-- [ RunTime:0.000061s ]
NOTIC: [8] Undefined index: time_begin D:\xampp\htdocs\tpcms\Runtime\Cache\Admin\79fd8482efca6fb1916da8bf6ec38e85.php 第 119 行.
NOTIC: [8] Undefined index: time_end D:\xampp\htdocs\tpcms\Runtime\Cache\Admin\79fd8482efca6fb1916da8bf6ec38e85.php 第 150 行.
NOTIC: [8] Undefined index: body D:\xampp\htdocs\tpcms\Runtime\Cache\Admin\79fd8482efca6fb1916da8bf6ec38e85.php 第 167 行.
NOTIC: [8] Undefined index: phone D:\xampp\htdocs\tpcms\Runtime\Cache\Admin\79fd8482efca6fb1916da8bf6ec38e85.php 第 170 行.
INFO: Run Behavior\ParseTemplateBehavior [ RunTime:0.043338s ]
INFO: [ view_parse ] --END-- [ RunTime:0.043359s ]
INFO: [ view_filter ] --START--
INFO: Run Behavior\WriteHtmlCacheBehavior [ RunTime:0.000201s ]
INFO: [ view_filter ] --END-- [ RunTime:0.000217s ]
INFO: [ app_end ] --START--
INFO: Run Behavior\ShowPageTraceBehavior [ RunTime:0.000323s ]
INFO: [ app_end ] --END-- [ RunTime:0.000344s ]

[ 2018-07-21T16:12:02+08:00 ] 127.0.0.1 /Admin/Article/index.html
INFO: [ app_init ] --START--
INFO: Run Behavior\BuildLiteBehavior [ RunTime:0.000005s ]
INFO: [ app_init ] --END-- [ RunTime:0.000208s ]
INFO: [ app_begin ] --START--
INFO: Run Behavior\ReadHtmlCacheBehavior [ RunTime:0.000276s ]
INFO: [ app_begin ] --END-- [ RunTime:0.000296s ]
SQL: SHOW COLUMNS FROM `rg_setting` [ RunTime:0.0165s ]
SQL: SELECT `id`,`name`,`key`,`value`,`widget`,`tip`,`type`,`sort` FROM `rg_setting`  [ RunTime:0.0004s ]
SQL: SHOW COLUMNS FROM `rg_manager` [ RunTime:0.0111s ]
SQL: SELECT `id`,`user`,`pass`,`nickname`,`lastlogintime`,`lastloginip`,`logintimes` FROM `rg_manager` WHERE `id` = 1 LIMIT 1   [ RunTime:0.0004s ]
SQL: SHOW COLUMNS FROM `rg_article_cate` [ RunTime:0.0124s ]
SQL: SELECT `id`,`name_cn`,`name_en`,`path`,`fullpath`,`sort`,`thumb`,`is_able`,`is_show` FROM `rg_article_cate` WHERE `id` = 0 LIMIT 1   [ RunTime:0.0004s ]
SQL: SELECT * FROM `rg_article_cate` ORDER BY sort asc  [ RunTime:0.0004s ]
SQL: SHOW COLUMNS FROM `rg_article` [ RunTime:0.0142s ]
NOTIC: [8] Undefined index: cate_id D:\xampp\htdocs\tpcms\RAPP\Admin\Controller\ArticleController.class.php 第 16 行.
NOTIC: [8] Undefined index: title D:\xampp\htdocs\tpcms\RAPP\Admin\Controller\ArticleController.class.php 第 19 行.
NOTIC: [8] Undefined variable: where D:\xampp\htdocs\tpcms\RAPP\Admin\Controller\ArticleController.class.php 第 22 行.
SQL: SELECT COUNT(*) AS tp_count FROM `rg_article` LIMIT 1   [ RunTime:0.0003s ]
NOTIC: [8] Undefined variable: where D:\xampp\htdocs\tpcms\RAPP\Admin\Controller\ArticleController.class.php 第 26 行.
SQL: SELECT `id`,`cate_id`,`title`,`title_color`,`url`,`thumb`,`created_at`,`updated_at`,`click`,`body`,`keywords`,`description`,`sort`,`is_stick`,`extattr` FROM `rg_article` ORDER BY is_stick desc,sort,updated_at desc LIMIT 0,30   [ RunTime:0.0007s ]
SQL: SELECT `id`,`name_cn`,`name_en`,`path`,`fullpath`,`sort`,`thumb`,`is_able`,`is_show` FROM `rg_article_cate` WHERE `id` = 0 LIMIT 1   [ RunTime:0.0003s ]
SQL: SELECT * FROM `rg_article_cate` ORDER BY sort asc  [ RunTime:0.0003s ]
INFO: [ view_parse ] --START--
INFO: [ template_filter ] --START--
INFO: Run Behavior\ContentReplaceBehavior [ RunTime:0.000063s ]
INFO: [ template_filter ] --END-- [ RunTime:0.000113s ]
NOTIC: [8] Undefined index: cate_id D:\xampp\htdocs\tpcms\Runtime\Cache\Admin\8e35d541e8f27addc64a8b0f0e68393b.php 第 98 行.
NOTIC: [8] Undefined index: cate_id D:\xampp\htdocs\tpcms\Runtime\Cache\Admin\8e35d541e8f27addc64a8b0f0e68393b.php 第 107 行.
NOTIC: [8] Undefined index: cate_id D:\xampp\htdocs\tpcms\Runtime\Cache\Admin\8e35d541e8f27addc64a8b0f0e68393b.php 第 107 行.
NOTIC: [8] Undefined index: cate_id D:\xampp\htdocs\tpcms\Runtime\Cache\Admin\8e35d541e8f27addc64a8b0f0e68393b.php 第 107 行.
NOTIC: [8] Undefined index: title D:\xampp\htdocs\tpcms\Runtime\Cache\Admin\8e35d541e8f27addc64a8b0f0e68393b.php 第 112 行.
NOTIC: [8] Undefined index: pid D:\xampp\htdocs\tpcms\Runtime\Cache\Admin\8e35d541e8f27addc64a8b0f0e68393b.php 第 147 行.
NOTIC: [8] Undefined index: pid D:\xampp\htdocs\tpcms\Runtime\Cache\Admin\8e35d541e8f27addc64a8b0f0e68393b.php 第 147 行.
NOTIC: [8] Undefined index: pid D:\xampp\htdocs\tpcms\Runtime\Cache\Admin\8e35d541e8f27addc64a8b0f0e68393b.php 第 147 行.
NOTIC: [8] Undefined index: pid D:\xampp\htdocs\tpcms\Runtime\Cache\Admin\8e35d541e8f27addc64a8b0f0e68393b.php 第 147 行.
NOTIC: [8] Undefined index: pid D:\xampp\htdocs\tpcms\Runtime\Cache\Admin\8e35d541e8f27addc64a8b0f0e68393b.php 第 147 行.
NOTIC: [8] Undefined index: pid D:\xampp\htdocs\tpcms\Runtime\Cache\Admin\8e35d541e8f27addc64a8b0f0e68393b.php 第 147 行.
NOTIC: [8] Undefined index: pid D:\xampp\htdocs\tpcms\Runtime\Cache\Admin\8e35d541e8f27addc64a8b0f0e68393b.php 第 147 行.
NOTIC: [8] Undefined index: pid D:\xampp\htdocs\tpcms\Runtime\Cache\Admin\8e35d541e8f27addc64a8b0f0e68393b.php 第 147 行.
NOTIC: [8] Undefined index: pid D:\xampp\htdocs\tpcms\Runtime\Cache\Admin\8e35d541e8f27addc64a8b0f0e68393b.php 第 147 行.
INFO: Run Behavior\ParseTemplateBehavior [ RunTime:0.059885s ]
INFO: [ view_parse ] --END-- [ RunTime:0.059906s ]
INFO: [ view_filter ] --START--
INFO: Run Behavior\WriteHtmlCacheBehavior [ RunTime:0.000194s ]
INFO: [ view_filter ] --END-- [ RunTime:0.000244s ]
INFO: [ app_end ] --START--
INFO: Run Behavior\ShowPageTraceBehavior [ RunTime:0.000655s ]
INFO: [ app_end ] --END-- [ RunTime:0.000701s ]

[ 2018-07-21T16:12:05+08:00 ] 127.0.0.1 /Admin/Article/index.html?cate_id=4&title=
INFO: [ app_init ] --START--
INFO: Run Behavior\BuildLiteBehavior [ RunTime:0.000016s ]
INFO: [ app_init ] --END-- [ RunTime:0.000523s ]
INFO: [ app_begin ] --START--
INFO: Run Behavior\ReadHtmlCacheBehavior [ RunTime:0.000290s ]
INFO: [ app_begin ] --END-- [ RunTime:0.000310s ]
SQL: SHOW COLUMNS FROM `rg_setting` [ RunTime:0.0160s ]
SQL: SELECT `id`,`name`,`key`,`value`,`widget`,`tip`,`type`,`sort` FROM `rg_setting`  [ RunTime:0.0004s ]
SQL: SHOW COLUMNS FROM `rg_manager` [ RunTime:0.0110s ]
SQL: SELECT `id`,`user`,`pass`,`nickname`,`lastlogintime`,`lastloginip`,`logintimes` FROM `rg_manager` WHERE `id` = 1 LIMIT 1   [ RunTime:0.0004s ]
SQL: SHOW COLUMNS FROM `rg_article_cate` [ RunTime:0.0118s ]
SQL: SELECT `id`,`name_cn`,`name_en`,`path`,`fullpath`,`sort`,`thumb`,`is_able`,`is_show` FROM `rg_article_cate` WHERE `id` = 0 LIMIT 1   [ RunTime:0.0004s ]
SQL: SELECT * FROM `rg_article_cate` ORDER BY sort asc  [ RunTime:0.0004s ]
SQL: SHOW COLUMNS FROM `rg_article` [ RunTime:0.0115s ]
SQL: SELECT COUNT(*) AS tp_count FROM `rg_article` WHERE `cate_id` = 4 LIMIT 1   [ RunTime:0.0003s ]
SQL: SELECT `id`,`cate_id`,`title`,`title_color`,`url`,`thumb`,`created_at`,`updated_at`,`click`,`body`,`keywords`,`description`,`sort`,`is_stick`,`extattr` FROM `rg_article` WHERE `cate_id` = 4 ORDER BY is_stick desc,sort,updated_at desc LIMIT 0,30   [ RunTime:0.0003s ]
SQL: SELECT `id`,`name_cn`,`name_en`,`path`,`fullpath`,`sort`,`thumb`,`is_able`,`is_show` FROM `rg_article_cate` WHERE `id` = 0 LIMIT 1   [ RunTime:0.0002s ]
SQL: SELECT * FROM `rg_article_cate` ORDER BY sort asc  [ RunTime:0.0003s ]
INFO: [ view_parse ] --START--
INFO: [ template_filter ] --START--
INFO: Run Behavior\ContentReplaceBehavior [ RunTime:0.000046s ]
INFO: [ template_filter ] --END-- [ RunTime:0.000063s ]
NOTIC: [8] Undefined index: pid D:\xampp\htdocs\tpcms\Runtime\Cache\Admin\8e35d541e8f27addc64a8b0f0e68393b.php 第 147 行.
NOTIC: [8] Undefined index: pid D:\xampp\htdocs\tpcms\Runtime\Cache\Admin\8e35d541e8f27addc64a8b0f0e68393b.php 第 147 行.
NOTIC: [8] Undefined index: pid D:\xampp\htdocs\tpcms\Runtime\Cache\Admin\8e35d541e8f27addc64a8b0f0e68393b.php 第 147 行.
INFO: Run Behavior\ParseTemplateBehavior [ RunTime:0.047904s ]
INFO: [ view_parse ] --END-- [ RunTime:0.047925s ]
INFO: [ view_filter ] --START--
INFO: Run Behavior\WriteHtmlCacheBehavior [ RunTime:0.000203s ]
INFO: [ view_filter ] --END-- [ RunTime:0.000218s ]
INFO: [ app_end ] --START--
INFO: Run Behavior\ShowPageTraceBehavior [ RunTime:0.000517s ]
INFO: [ app_end ] --END-- [ RunTime:0.000536s ]

[ 2018-07-21T16:12:06+08:00 ] 127.0.0.1 /Admin/Article/index.html?cate_id=1&title=
INFO: [ app_init ] --START--
INFO: Run Behavior\BuildLiteBehavior [ RunTime:0.000006s ]
INFO: [ app_init ] --END-- [ RunTime:0.000220s ]
INFO: [ app_begin ] --START--
INFO: Run Behavior\ReadHtmlCacheBehavior [ RunTime:0.000287s ]
INFO: [ app_begin ] --END-- [ RunTime:0.000306s ]
SQL: SHOW COLUMNS FROM `rg_setting` [ RunTime:0.0145s ]
SQL: SELECT `id`,`name`,`key`,`value`,`widget`,`tip`,`type`,`sort` FROM `rg_setting`  [ RunTime:0.0004s ]
SQL: SHOW COLUMNS FROM `rg_manager` [ RunTime:0.0105s ]
SQL: SELECT `id`,`user`,`pass`,`nickname`,`lastlogintime`,`lastloginip`,`logintimes` FROM `rg_manager` WHERE `id` = 1 LIMIT 1   [ RunTime:0.0003s ]
SQL: SHOW COLUMNS FROM `rg_article_cate` [ RunTime:0.0109s ]
SQL: SELECT `id`,`name_cn`,`name_en`,`path`,`fullpath`,`sort`,`thumb`,`is_able`,`is_show` FROM `rg_article_cate` WHERE `id` = 0 LIMIT 1   [ RunTime:0.0003s ]
SQL: SELECT * FROM `rg_article_cate` ORDER BY sort asc  [ RunTime:0.0004s ]
SQL: SHOW COLUMNS FROM `rg_article` [ RunTime:0.0111s ]
SQL: SELECT COUNT(*) AS tp_count FROM `rg_article` WHERE `cate_id` = 1 LIMIT 1   [ RunTime:0.0004s ]
SQL: SELECT `id`,`cate_id`,`title`,`title_color`,`url`,`thumb`,`created_at`,`updated_at`,`click`,`body`,`keywords`,`description`,`sort`,`is_stick`,`extattr` FROM `rg_article` WHERE `cate_id` = 1 ORDER BY is_stick desc,sort,updated_at desc LIMIT 0,30   [ RunTime:0.0004s ]
SQL: SELECT `id`,`name_cn`,`name_en`,`path`,`fullpath`,`sort`,`thumb`,`is_able`,`is_show` FROM `rg_article_cate` WHERE `id` = 0 LIMIT 1   [ RunTime:0.0003s ]
SQL: SELECT * FROM `rg_article_cate` ORDER BY sort asc  [ RunTime:0.0003s ]
INFO: [ view_parse ] --START--
INFO: [ template_filter ] --START--
INFO: Run Behavior\ContentReplaceBehavior [ RunTime:0.000045s ]
INFO: [ template_filter ] --END-- [ RunTime:0.000066s ]
INFO: Run Behavior\ParseTemplateBehavior [ RunTime:0.050535s ]
INFO: [ view_parse ] --END-- [ RunTime:0.050577s ]
INFO: [ view_filter ] --START--
INFO: Run Behavior\WriteHtmlCacheBehavior [ RunTime:0.000226s ]
INFO: [ view_filter ] --END-- [ RunTime:0.000268s ]
INFO: [ app_end ] --START--
INFO: Run Behavior\ShowPageTraceBehavior [ RunTime:0.000299s ]
INFO: [ app_end ] --END-- [ RunTime:0.000315s ]

[ 2018-07-21T16:12:07+08:00 ] 127.0.0.1 /Admin/Article/index.html?cate_id=3&title=
INFO: [ app_init ] --START--
INFO: Run Behavior\BuildLiteBehavior [ RunTime:0.000006s ]
INFO: [ app_init ] --END-- [ RunTime:0.000221s ]
INFO: [ app_begin ] --START--
INFO: Run Behavior\ReadHtmlCacheBehavior [ RunTime:0.000295s ]
INFO: [ app_begin ] --END-- [ RunTime:0.000317s ]
SQL: SHOW COLUMNS FROM `rg_setting` [ RunTime:0.0150s ]
SQL: SELECT `id`,`name`,`key`,`value`,`widget`,`tip`,`type`,`sort` FROM `rg_setting`  [ RunTime:0.0004s ]
SQL: SHOW COLUMNS FROM `rg_manager` [ RunTime:0.0103s ]
SQL: SELECT `id`,`user`,`pass`,`nickname`,`lastlogintime`,`lastloginip`,`logintimes` FROM `rg_manager` WHERE `id` = 1 LIMIT 1   [ RunTime:0.0004s ]
SQL: SHOW COLUMNS FROM `rg_article_cate` [ RunTime:0.0104s ]
SQL: SELECT `id`,`name_cn`,`name_en`,`path`,`fullpath`,`sort`,`thumb`,`is_able`,`is_show` FROM `rg_article_cate` WHERE `id` = 0 LIMIT 1   [ RunTime:0.0004s ]
SQL: SELECT * FROM `rg_article_cate` ORDER BY sort asc  [ RunTime:0.0004s ]
SQL: SHOW COLUMNS FROM `rg_article` [ RunTime:0.0106s ]
SQL: SELECT COUNT(*) AS tp_count FROM `rg_article` WHERE `cate_id` = 3 LIMIT 1   [ RunTime:0.0003s ]
SQL: SELECT `id`,`cate_id`,`title`,`title_color`,`url`,`thumb`,`created_at`,`updated_at`,`click`,`body`,`keywords`,`description`,`sort`,`is_stick`,`extattr` FROM `rg_article` WHERE `cate_id` = 3 ORDER BY is_stick desc,sort,updated_at desc LIMIT 0,30   [ RunTime:0.0003s ]
SQL: SELECT `id`,`name_cn`,`name_en`,`path`,`fullpath`,`sort`,`thumb`,`is_able`,`is_show` FROM `rg_article_cate` WHERE `id` = 0 LIMIT 1   [ RunTime:0.0003s ]
SQL: SELECT * FROM `rg_article_cate` ORDER BY sort asc  [ RunTime:0.0003s ]
INFO: [ view_parse ] --START--
INFO: [ template_filter ] --START--
INFO: Run Behavior\ContentReplaceBehavior [ RunTime:0.000047s ]
INFO: [ template_filter ] --END-- [ RunTime:0.000067s ]
NOTIC: [8] Undefined index: pid D:\xampp\htdocs\tpcms\Runtime\Cache\Admin\8e35d541e8f27addc64a8b0f0e68393b.php 第 147 行.
NOTIC: [8] Undefined index: pid D:\xampp\htdocs\tpcms\Runtime\Cache\Admin\8e35d541e8f27addc64a8b0f0e68393b.php 第 147 行.
NOTIC: [8] Undefined index: pid D:\xampp\htdocs\tpcms\Runtime\Cache\Admin\8e35d541e8f27addc64a8b0f0e68393b.php 第 147 行.
NOTIC: [8] Undefined index: pid D:\xampp\htdocs\tpcms\Runtime\Cache\Admin\8e35d541e8f27addc64a8b0f0e68393b.php 第 147 行.
NOTIC: [8] Undefined index: pid D:\xampp\htdocs\tpcms\Runtime\Cache\Admin\8e35d541e8f27addc64a8b0f0e68393b.php 第 147 行.
NOTIC: [8] Undefined index: pid D:\xampp\htdocs\tpcms\Runtime\Cache\Admin\8e35d541e8f27addc64a8b0f0e68393b.php 第 147 行.
INFO: Run Behavior\ParseTemplateBehavior [ RunTime:0.051567s ]
INFO: [ view_parse ] --END-- [ RunTime:0.051591s ]
INFO: [ view_filter ] --START--
INFO: Run Behavior\WriteHtmlCacheBehavior [ RunTime:0.000373s ]
INFO: [ view_filter ] --END-- [ RunTime:0.000390s ]
INFO: [ app_end ] --START--
INFO: Run Behavior\ShowPageTraceBehavior [ RunTime:0.000560s ]
INFO: [ app_end ] --END-- [ RunTime:0.000595s ]

[ 2018-07-21T16:12:10+08:00 ] 127.0.0.1 /Admin/Article/edit/id/72/jump_url/AcWGdfbC9mt25q_h8oIeKgj6XsB65obGYzSXpvfaLkP2JscnJMwADMwADMwADM.html
INFO: [ app_init ] --START--
INFO: Run Behavior\BuildLiteBehavior [ RunTime:0.000007s ]
INFO: [ app_init ] --END-- [ RunTime:0.000230s ]
INFO: [ app_begin ] --START--
INFO: Run Behavior\ReadHtmlCacheBehavior [ RunTime:0.000306s ]
INFO: [ app_begin ] --END-- [ RunTime:0.000330s ]
SQL: SHOW COLUMNS FROM `rg_setting` [ RunTime:0.0181s ]
SQL: SELECT `id`,`name`,`key`,`value`,`widget`,`tip`,`type`,`sort` FROM `rg_setting`  [ RunTime:0.0004s ]
SQL: SHOW COLUMNS FROM `rg_manager` [ RunTime:0.0123s ]
SQL: SELECT `id`,`user`,`pass`,`nickname`,`lastlogintime`,`lastloginip`,`logintimes` FROM `rg_manager` WHERE `id` = 1 LIMIT 1   [ RunTime:0.0003s ]
SQL: SHOW COLUMNS FROM `rg_article_cate` [ RunTime:0.0125s ]
SQL: SELECT `id`,`name_cn`,`name_en`,`path`,`fullpath`,`sort`,`thumb`,`is_able`,`is_show` FROM `rg_article_cate` WHERE `id` = 0 LIMIT 1   [ RunTime:0.0005s ]
SQL: SELECT * FROM `rg_article_cate` ORDER BY sort asc  [ RunTime:0.0004s ]
SQL: SHOW COLUMNS FROM `rg_article` [ RunTime:0.0179s ]
SQL: SELECT `id`,`cate_id`,`title`,`title_color`,`url`,`thumb`,`created_at`,`updated_at`,`click`,`body`,`keywords`,`description`,`sort`,`is_stick`,`extattr` FROM `rg_article` WHERE `id` = 72 LIMIT 1   [ RunTime:0.0006s ]
SQL: SHOW COLUMNS FROM `rg_article_attr` [ RunTime:0.0118s ]
SQL: SELECT * FROM `rg_article_attr` WHERE `cateid` = 3 ORDER BY sort,id  [ RunTime:0.0004s ]
SQL: SHOW COLUMNS FROM `rg_picture` [ RunTime:0.0130s ]
SQL: SELECT `id`,`path`,`savename`,`name`,`width`,`height`,`ext`,`md5`,`sha1`,`status`,`addtime` FROM `rg_picture` WHERE `status` = 1 ORDER BY addtime desc LIMIT 0,4   [ RunTime:0.0004s ]
INFO: [ view_parse ] --START--
INFO: [ template_filter ] --START--
INFO: Run Behavior\ContentReplaceBehavior [ RunTime:0.000072s ]
INFO: [ template_filter ] --END-- [ RunTime:0.000096s ]
NOTIC: [8] Use of undefined constant editsize - assumed 'editsize' D:\xampp\htdocs\tpcms\Runtime\Cache\Admin\4cd1948798d841bb75f0e5ee2a9eeaaa.php 第 289 行.
INFO: Run Behavior\ParseTemplateBehavior [ RunTime:0.118822s ]
INFO: [ view_parse ] --END-- [ RunTime:0.118843s ]
INFO: [ view_filter ] --START--
INFO: Run Behavior\WriteHtmlCacheBehavior [ RunTime:0.000171s ]
INFO: [ view_filter ] --END-- [ RunTime:0.000186s ]
INFO: [ app_end ] --START--
INFO: Run Behavior\ShowPageTraceBehavior [ RunTime:0.000320s ]
INFO: [ app_end ] --END-- [ RunTime:0.000355s ]

[ 2018-07-21T16:12:10+08:00 ] 127.0.0.1 /Admin/Article/edit/id/72/jump_url/$page.thumb
INFO: [ app_init ] --START--
INFO: Run Behavior\BuildLiteBehavior [ RunTime:0.000006s ]
INFO: [ app_init ] --END-- [ RunTime:0.000217s ]
INFO: [ app_begin ] --START--
INFO: Run Behavior\ReadHtmlCacheBehavior [ RunTime:0.000294s ]
INFO: [ app_begin ] --END-- [ RunTime:0.000315s ]
SQL: SHOW COLUMNS FROM `rg_setting` [ RunTime:0.0183s ]
SQL: SELECT `id`,`name`,`key`,`value`,`widget`,`tip`,`type`,`sort` FROM `rg_setting`  [ RunTime:0.0004s ]
SQL: SHOW COLUMNS FROM `rg_manager` [ RunTime:0.0135s ]
SQL: SELECT `id`,`user`,`pass`,`nickname`,`lastlogintime`,`lastloginip`,`logintimes` FROM `rg_manager` WHERE `id` = 1 LIMIT 1   [ RunTime:0.0003s ]
SQL: SHOW COLUMNS FROM `rg_article_cate` [ RunTime:0.0145s ]
SQL: SELECT `id`,`name_cn`,`name_en`,`path`,`fullpath`,`sort`,`thumb`,`is_able`,`is_show` FROM `rg_article_cate` WHERE `id` = 0 LIMIT 1   [ RunTime:0.0005s ]
SQL: SELECT * FROM `rg_article_cate` ORDER BY sort asc  [ RunTime:0.0004s ]
SQL: SHOW COLUMNS FROM `rg_article` [ RunTime:0.0120s ]
SQL: SELECT `id`,`cate_id`,`title`,`title_color`,`url`,`thumb`,`created_at`,`updated_at`,`click`,`body`,`keywords`,`description`,`sort`,`is_stick`,`extattr` FROM `rg_article` WHERE `id` = 72 LIMIT 1   [ RunTime:0.0004s ]
SQL: SHOW COLUMNS FROM `rg_article_attr` [ RunTime:0.0103s ]
SQL: SELECT * FROM `rg_article_attr` WHERE `cateid` = 3 ORDER BY sort,id  [ RunTime:0.0003s ]
SQL: SHOW COLUMNS FROM `rg_picture` [ RunTime:0.0094s ]
SQL: SELECT `id`,`path`,`savename`,`name`,`width`,`height`,`ext`,`md5`,`sha1`,`status`,`addtime` FROM `rg_picture` WHERE `status` = 1 ORDER BY addtime desc LIMIT 0,4   [ RunTime:0.0004s ]
INFO: [ view_parse ] --START--
INFO: [ template_filter ] --START--
INFO: Run Behavior\ContentReplaceBehavior [ RunTime:0.000162s ]
INFO: [ template_filter ] --END-- [ RunTime:0.000205s ]
NOTIC: [8] Use of undefined constant editsize - assumed 'editsize' D:\xampp\htdocs\tpcms\Runtime\Cache\Admin\4cd1948798d841bb75f0e5ee2a9eeaaa.php 第 289 行.
INFO: Run Behavior\ParseTemplateBehavior [ RunTime:0.080019s ]
INFO: [ view_parse ] --END-- [ RunTime:0.080040s ]
INFO: [ view_filter ] --START--
INFO: Run Behavior\WriteHtmlCacheBehavior [ RunTime:0.000311s ]
INFO: [ view_filter ] --END-- [ RunTime:0.000326s ]
INFO: [ app_end ] --START--
INFO: Run Behavior\ShowPageTraceBehavior [ RunTime:0.000550s ]
INFO: [ app_end ] --END-- [ RunTime:0.000574s ]

[ 2018-07-21T16:12:21+08:00 ] 127.0.0.1 /Admin/Common/upload_pic_one.html
INFO: [ app_init ] --START--
INFO: Run Behavior\BuildLiteBehavior [ RunTime:0.000017s ]
INFO: [ app_init ] --END-- [ RunTime:0.000545s ]
INFO: [ app_begin ] --START--
INFO: Run Behavior\ReadHtmlCacheBehavior [ RunTime:0.000403s ]
INFO: [ app_begin ] --END-- [ RunTime:0.000428s ]
SQL: SHOW COLUMNS FROM `rg_setting` [ RunTime:0.0156s ]
SQL: SELECT `id`,`name`,`key`,`value`,`widget`,`tip`,`type`,`sort` FROM `rg_setting`  [ RunTime:0.0003s ]
SQL: SHOW COLUMNS FROM `rg_manager` [ RunTime:0.0138s ]
SQL: SELECT `id`,`user`,`pass`,`nickname`,`lastlogintime`,`lastloginip`,`logintimes` FROM `rg_manager` WHERE `id` = 1 LIMIT 1   [ RunTime:0.0003s ]
SQL: SHOW COLUMNS FROM `rg_picture` [ RunTime:0.0122s ]
NOTIC: [8] Undefined index: file_upload_driver D:\xampp\htdocs\tpcms\RAPP\Admin\Controller\CommonController.class.php 第 148 行.
NOTIC: [8] Undefined index: upload__config D:\xampp\htdocs\tpcms\RAPP\Admin\Controller\CommonController.class.php 第 153 行.
SQL: SELECT `id`,`path`,`savename`,`name`,`width`,`height`,`ext`,`md5`,`sha1`,`status`,`addtime` FROM `rg_picture` WHERE `md5` = '4613a41290fcfae6121f9a967b771e7d' AND `sha1` = '6f8a3e2c778a3a714a843714accca2a0a810921c' AND `status` = 1 LIMIT 1   [ RunTime:0.0006s ]

[ 2018-07-21T16:20:38+08:00 ] 127.0.0.1 /Admin/ArticleCate/index.html
INFO: [ app_init ] --START--
INFO: Run Behavior\BuildLiteBehavior [ RunTime:0.000007s ]
INFO: [ app_init ] --END-- [ RunTime:0.000365s ]
INFO: [ app_begin ] --START--
INFO: Run Behavior\ReadHtmlCacheBehavior [ RunTime:0.000492s ]
INFO: [ app_begin ] --END-- [ RunTime:0.000514s ]
SQL: SHOW COLUMNS FROM `rg_setting` [ RunTime:0.0176s ]
SQL: SELECT `id`,`name`,`key`,`value`,`widget`,`tip`,`type`,`sort` FROM `rg_setting`  [ RunTime:0.0004s ]
SQL: SHOW COLUMNS FROM `rg_manager` [ RunTime:0.0148s ]
SQL: SELECT `id`,`user`,`pass`,`nickname`,`lastlogintime`,`lastloginip`,`logintimes` FROM `rg_manager` WHERE `id` = 1 LIMIT 1   [ RunTime:0.0003s ]
SQL: SHOW COLUMNS FROM `rg_article_cate` [ RunTime:0.0155s ]
SQL: SELECT `id`,`name_cn`,`name_en`,`path`,`fullpath`,`sort`,`thumb`,`is_able`,`is_show` FROM `rg_article_cate` WHERE `id` = 0 LIMIT 1   [ RunTime:0.0004s ]
SQL: SELECT * FROM `rg_article_cate` ORDER BY sort asc  [ RunTime:0.0004s ]
SQL: SHOW COLUMNS FROM `rg_article` [ RunTime:0.0149s ]
SQL: SELECT COUNT(*) AS tp_count FROM `rg_article` WHERE `cate_id` = 1 LIMIT 1   [ RunTime:0.0003s ]
NOTIC: [8] Only variables should be passed by reference D:\xampp\htdocs\tpcms\RAPP\Admin\Controller\ArticleCateController.class.php 第 12 行.
SQL: SELECT COUNT(*) AS tp_count FROM `rg_article` WHERE `cate_id` = 4 LIMIT 1   [ RunTime:0.0002s ]
NOTIC: [8] Only variables should be passed by reference D:\xampp\htdocs\tpcms\RAPP\Admin\Controller\ArticleCateController.class.php 第 12 行.
SQL: SELECT COUNT(*) AS tp_count FROM `rg_article` WHERE `cate_id` = 3 LIMIT 1   [ RunTime:0.0003s ]
NOTIC: [8] Only variables should be passed by reference D:\xampp\htdocs\tpcms\RAPP\Admin\Controller\ArticleCateController.class.php 第 12 行.
INFO: [ view_parse ] --START--
INFO: [ template_filter ] --START--
INFO: Run Behavior\ContentReplaceBehavior [ RunTime:0.000135s ]
INFO: [ template_filter ] --END-- [ RunTime:0.000162s ]
INFO: Run Behavior\ParseTemplateBehavior [ RunTime:0.054856s ]
INFO: [ view_parse ] --END-- [ RunTime:0.054916s ]
INFO: [ view_filter ] --START--
INFO: Run Behavior\WriteHtmlCacheBehavior [ RunTime:0.000488s ]
INFO: [ view_filter ] --END-- [ RunTime:0.000528s ]
INFO: [ app_end ] --START--
INFO: Run Behavior\ShowPageTraceBehavior [ RunTime:0.000702s ]
INFO: [ app_end ] --END-- [ RunTime:0.000749s ]

