[ 2018-07-30T18:01:12+08:00 ] 127.0.0.1 /Admin
INFO: [ app_init ] --START--
INFO: Run Behavior\BuildLiteBehavior [ RunTime:0.000017s ]
INFO: [ app_init ] --END-- [ RunTime:0.064525s ]
INFO: [ app_begin ] --START--
INFO: Run Behavior\ReadHtmlCacheBehavior [ RunTime:0.047053s ]
INFO: [ app_begin ] --END-- [ RunTime:0.047126s ]
SQL: SHOW COLUMNS FROM `rg_setting` [ RunTime:0.3224s ]
SQL: SELECT `id`,`name`,`key`,`value`,`widget`,`tip`,`type`,`sort` FROM `rg_setting`  [ RunTime:0.0006s ]
SQL: SHOW COLUMNS FROM `rg_manager` [ RunTime:0.1286s ]

[ 2018-07-30T18:01:12+08:00 ] 127.0.0.1 /Admin/Public/login.html
INFO: [ app_init ] --START--
INFO: Run Behavior\BuildLiteBehavior [ RunTime:0.000006s ]
INFO: [ app_init ] --END-- [ RunTime:0.000210s ]
INFO: [ app_begin ] --START--
INFO: Run Behavior\ReadHtmlCacheBehavior [ RunTime:0.000432s ]
INFO: [ app_begin ] --END-- [ RunTime:0.000473s ]
INFO: [ view_parse ] --START--
INFO: [ template_filter ] --START--
INFO: Run Behavior\ContentReplaceBehavior [ RunTime:0.000067s ]
INFO: [ template_filter ] --END-- [ RunTime:0.000092s ]
NOTIC: [8] Undefined variable: setting D:\xampp\htdocs\tpcms\Runtime\Cache\Admin\de250c16fd5f3af86313c026bd4ffe6b.php 第 5 行.
NOTIC: [8] Undefined variable: setting D:\xampp\htdocs\tpcms\Runtime\Cache\Admin\de250c16fd5f3af86313c026bd4ffe6b.php 第 13 行.
NOTIC: [8] Undefined variable: setting D:\xampp\htdocs\tpcms\Runtime\Cache\Admin\de250c16fd5f3af86313c026bd4ffe6b.php 第 17 行.
NOTIC: [8] Undefined variable: setting D:\xampp\htdocs\tpcms\Runtime\Cache\Admin\de250c16fd5f3af86313c026bd4ffe6b.php 第 20 行.
INFO: Run Behavior\ParseTemplateBehavior [ RunTime:0.361151s ]
INFO: [ view_parse ] --END-- [ RunTime:0.361176s ]
INFO: [ view_filter ] --START--
INFO: Run Behavior\WriteHtmlCacheBehavior [ RunTime:0.054229s ]
INFO: [ view_filter ] --END-- [ RunTime:0.054257s ]
INFO: [ app_end ] --START--
INFO: Run Behavior\ShowPageTraceBehavior [ RunTime:0.036660s ]
INFO: [ app_end ] --END-- [ RunTime:0.036708s ]

[ 2018-07-30T18:01:13+08:00 ] 127.0.0.1 /Admin/Public/verify/t/1532944872.html
INFO: [ app_init ] --START--
INFO: Run Behavior\BuildLiteBehavior [ RunTime:0.000008s ]
INFO: [ app_init ] --END-- [ RunTime:0.000305s ]
INFO: [ app_begin ] --START--
INFO: Run Behavior\ReadHtmlCacheBehavior [ RunTime:0.000647s ]
INFO: [ app_begin ] --END-- [ RunTime:0.000700s ]
INFO: [ app_end ] --START--
INFO: Run Behavior\ShowPageTraceBehavior [ RunTime:0.000590s ]
INFO: [ app_end ] --END-- [ RunTime:0.000633s ]

[ 2018-07-30T18:01:23+08:00 ] 127.0.0.1 /Admin/Public/login.html
INFO: [ app_init ] --START--
INFO: Run Behavior\BuildLiteBehavior [ RunTime:0.000007s ]
INFO: [ app_init ] --END-- [ RunTime:0.000336s ]
INFO: [ app_begin ] --START--
INFO: Run Behavior\ReadHtmlCacheBehavior [ RunTime:0.000451s ]
INFO: [ app_begin ] --END-- [ RunTime:0.000483s ]
SQL: SHOW COLUMNS FROM `rg_manager` [ RunTime:0.0283s ]
SQL: SELECT * FROM `rg_manager` WHERE `user` = 'master' LIMIT 1   [ RunTime:0.0013s ]
NOTIC: [8] Undefined index: validate D:\xampp\htdocs\tpcms\ThinkPHP\Library\Think\Model.class.php 第 1185 行.
NOTIC: [8] Undefined index: auto D:\xampp\htdocs\tpcms\ThinkPHP\Library\Think\Model.class.php 第 1128 行.
SQL: UPDATE `rg_manager` SET `lastlogintime`='1532944883',`lastloginip`='127.0.0.1',`logintimes`='1075' WHERE `id` = 1 [ RunTime:0.0844s ]

[ 2018-07-30T18:01:24+08:00 ] 127.0.0.1 /Admin/Index/index.html
INFO: [ app_init ] --START--
INFO: Run Behavior\BuildLiteBehavior [ RunTime:0.000011s ]
INFO: [ app_init ] --END-- [ RunTime:0.000424s ]
INFO: [ app_begin ] --START--
INFO: Run Behavior\ReadHtmlCacheBehavior [ RunTime:0.001144s ]
INFO: [ app_begin ] --END-- [ RunTime:0.001254s ]
SQL: SHOW COLUMNS FROM `rg_setting` [ RunTime:0.0258s ]
SQL: SELECT `id`,`name`,`key`,`value`,`widget`,`tip`,`type`,`sort` FROM `rg_setting`  [ RunTime:0.0006s ]
SQL: SHOW COLUMNS FROM `rg_manager` [ RunTime:0.0462s ]
SQL: SELECT `id`,`user`,`pass`,`nickname`,`lastlogintime`,`lastloginip`,`logintimes` FROM `rg_manager` WHERE `id` = 1 LIMIT 1   [ RunTime:0.0004s ]
SQL: SHOW COLUMNS FROM `rg_user` [ RunTime:0.0586s ]
SQL: INSERT INTO `rg_user` (`nickname`) VALUES ('🐲') [ RunTime:0.0672s ]
SQL: SHOW COLUMNS FROM `rg_setting` [ RunTime:0.0117s ]
SQL: SELECT `key`,`value` FROM `rg_setting`  [ RunTime:0.0003s ]
INFO: [ view_parse ] --START--
INFO: [ template_filter ] --START--
INFO: Run Behavior\ContentReplaceBehavior [ RunTime:0.000059s ]
INFO: [ template_filter ] --END-- [ RunTime:0.000087s ]
INFO: Run Behavior\ParseTemplateBehavior [ RunTime:0.108101s ]
INFO: [ view_parse ] --END-- [ RunTime:0.108126s ]
INFO: [ view_filter ] --START--
INFO: Run Behavior\WriteHtmlCacheBehavior [ RunTime:0.000181s ]
INFO: [ view_filter ] --END-- [ RunTime:0.000198s ]
INFO: [ app_end ] --START--
INFO: Run Behavior\ShowPageTraceBehavior [ RunTime:0.000408s ]
INFO: [ app_end ] --END-- [ RunTime:0.000428s ]

[ 2018-07-30T18:01:25+08:00 ] 127.0.0.1 /Admin/Index/index_index.html
INFO: [ app_init ] --START--
INFO: Run Behavior\BuildLiteBehavior [ RunTime:0.000006s ]
INFO: [ app_init ] --END-- [ RunTime:0.000246s ]
INFO: [ app_begin ] --START--
INFO: Run Behavior\ReadHtmlCacheBehavior [ RunTime:0.000291s ]
INFO: [ app_begin ] --END-- [ RunTime:0.000311s ]
SQL: SHOW COLUMNS FROM `rg_setting` [ RunTime:0.0767s ]
SQL: SELECT `id`,`name`,`key`,`value`,`widget`,`tip`,`type`,`sort` FROM `rg_setting`  [ RunTime:0.0014s ]
SQL: SHOW COLUMNS FROM `rg_manager` [ RunTime:0.0639s ]
SQL: SELECT `id`,`user`,`pass`,`nickname`,`lastlogintime`,`lastloginip`,`logintimes` FROM `rg_manager` WHERE `id` = 1 LIMIT 1   [ RunTime:0.0003s ]
SQL: SHOW COLUMNS FROM `rg_article` [ RunTime:0.0662s ]
SQL: SELECT COUNT(*) AS tp_count FROM `rg_article` LIMIT 1   [ RunTime:0.0009s ]
SQL: SHOW COLUMNS FROM `rg_guestbook` [ RunTime:0.0709s ]
SQL: SELECT COUNT(*) AS tp_count FROM `rg_guestbook` LIMIT 1   [ RunTime:0.0004s ]
SQL: SHOW COLUMNS FROM `rg_ad` [ RunTime:0.0400s ]
SQL: SELECT COUNT(*) AS tp_count FROM `rg_ad` LIMIT 1   [ RunTime:0.0002s ]
SQL: SHOW COLUMNS FROM `rg_manager` [ RunTime:0.0132s ]
SQL: SELECT COUNT(*) AS tp_count FROM `rg_manager` LIMIT 1   [ RunTime:0.0003s ]
INFO: [ view_parse ] --START--
INFO: [ template_filter ] --START--
INFO: Run Behavior\ContentReplaceBehavior [ RunTime:0.000028s ]
INFO: [ template_filter ] --END-- [ RunTime:0.000052s ]
INFO: Run Behavior\ParseTemplateBehavior [ RunTime:0.070072s ]
INFO: [ view_parse ] --END-- [ RunTime:0.070102s ]
INFO: [ view_filter ] --START--
INFO: Run Behavior\WriteHtmlCacheBehavior [ RunTime:0.000181s ]
INFO: [ view_filter ] --END-- [ RunTime:0.000197s ]
INFO: [ app_end ] --START--
INFO: Run Behavior\ShowPageTraceBehavior [ RunTime:0.000328s ]
INFO: [ app_end ] --END-- [ RunTime:0.000345s ]

[ 2018-07-30T18:02:59+08:00 ] 127.0.0.1 /Admin/Article/index.html
INFO: [ app_init ] --START--
INFO: Run Behavior\BuildLiteBehavior [ RunTime:0.000010s ]
INFO: [ app_init ] --END-- [ RunTime:0.000520s ]
INFO: [ app_begin ] --START--
INFO: Run Behavior\ReadHtmlCacheBehavior [ RunTime:0.000417s ]
INFO: [ app_begin ] --END-- [ RunTime:0.000443s ]
SQL: SHOW COLUMNS FROM `rg_setting` [ RunTime:0.0269s ]
SQL: SELECT `id`,`name`,`key`,`value`,`widget`,`tip`,`type`,`sort` FROM `rg_setting`  [ RunTime:0.0006s ]
SQL: SHOW COLUMNS FROM `rg_manager` [ RunTime:0.0153s ]
SQL: SELECT `id`,`user`,`pass`,`nickname`,`lastlogintime`,`lastloginip`,`logintimes` FROM `rg_manager` WHERE `id` = 1 LIMIT 1   [ RunTime:0.0004s ]
SQL: SHOW COLUMNS FROM `rg_article_cate` [ RunTime:0.0544s ]
SQL: SELECT `id`,`name_cn`,`name_en`,`path`,`fullpath`,`sort`,`thumb`,`is_able`,`is_show` FROM `rg_article_cate` WHERE `id` = 0 LIMIT 1   [ RunTime:0.0004s ]
SQL: SELECT * FROM `rg_article_cate` ORDER BY sort asc  [ RunTime:0.0005s ]
SQL: SHOW COLUMNS FROM `rg_article` [ RunTime:0.0150s ]
NOTIC: [8] Undefined index: cate_id D:\xampp\htdocs\tpcms\RAPP\Admin\Controller\ArticleController.class.php 第 16 行.
NOTIC: [8] Undefined index: title D:\xampp\htdocs\tpcms\RAPP\Admin\Controller\ArticleController.class.php 第 19 行.
NOTIC: [8] Undefined variable: where D:\xampp\htdocs\tpcms\RAPP\Admin\Controller\ArticleController.class.php 第 22 行.
SQL: SELECT COUNT(*) AS tp_count FROM `rg_article` LIMIT 1   [ RunTime:0.0004s ]
NOTIC: [8] Undefined variable: where D:\xampp\htdocs\tpcms\RAPP\Admin\Controller\ArticleController.class.php 第 26 行.
SQL: SELECT `id`,`cate_id`,`title`,`title_color`,`url`,`thumb`,`created_at`,`updated_at`,`click`,`body`,`keywords`,`description`,`sort`,`is_stick`,`extattr` FROM `rg_article` ORDER BY is_stick desc,sort,updated_at desc LIMIT 0,30   [ RunTime:0.0009s ]
SQL: SELECT `id`,`name_cn`,`name_en`,`path`,`fullpath`,`sort`,`thumb`,`is_able`,`is_show` FROM `rg_article_cate` WHERE `id` = 0 LIMIT 1   [ RunTime:0.0004s ]
SQL: SELECT * FROM `rg_article_cate` ORDER BY sort asc  [ RunTime:0.0006s ]
INFO: [ view_parse ] --START--
INFO: [ template_filter ] --START--
INFO: Run Behavior\ContentReplaceBehavior [ RunTime:0.000065s ]
INFO: [ template_filter ] --END-- [ RunTime:0.000089s ]
NOTIC: [8] Undefined index: cate_id D:\xampp\htdocs\tpcms\Runtime\Cache\Admin\8e35d541e8f27addc64a8b0f0e68393b.php 第 98 行.
NOTIC: [8] Undefined index: cate_id D:\xampp\htdocs\tpcms\Runtime\Cache\Admin\8e35d541e8f27addc64a8b0f0e68393b.php 第 107 行.
NOTIC: [8] Undefined index: cate_id D:\xampp\htdocs\tpcms\Runtime\Cache\Admin\8e35d541e8f27addc64a8b0f0e68393b.php 第 107 行.
NOTIC: [8] Undefined index: cate_id D:\xampp\htdocs\tpcms\Runtime\Cache\Admin\8e35d541e8f27addc64a8b0f0e68393b.php 第 107 行.
NOTIC: [8] Undefined index: title D:\xampp\htdocs\tpcms\Runtime\Cache\Admin\8e35d541e8f27addc64a8b0f0e68393b.php 第 112 行.
NOTIC: [8] Undefined index: pid D:\xampp\htdocs\tpcms\Runtime\Cache\Admin\8e35d541e8f27addc64a8b0f0e68393b.php 第 147 行.
NOTIC: [8] Undefined index: pid D:\xampp\htdocs\tpcms\Runtime\Cache\Admin\8e35d541e8f27addc64a8b0f0e68393b.php 第 147 行.
NOTIC: [8] Undefined index: pid D:\xampp\htdocs\tpcms\Runtime\Cache\Admin\8e35d541e8f27addc64a8b0f0e68393b.php 第 147 行.
NOTIC: [8] Undefined index: pid D:\xampp\htdocs\tpcms\Runtime\Cache\Admin\8e35d541e8f27addc64a8b0f0e68393b.php 第 147 行.
NOTIC: [8] Undefined index: pid D:\xampp\htdocs\tpcms\Runtime\Cache\Admin\8e35d541e8f27addc64a8b0f0e68393b.php 第 147 行.
NOTIC: [8] Undefined index: pid D:\xampp\htdocs\tpcms\Runtime\Cache\Admin\8e35d541e8f27addc64a8b0f0e68393b.php 第 147 行.
NOTIC: [8] Undefined index: pid D:\xampp\htdocs\tpcms\Runtime\Cache\Admin\8e35d541e8f27addc64a8b0f0e68393b.php 第 147 行.
NOTIC: [8] Undefined index: pid D:\xampp\htdocs\tpcms\Runtime\Cache\Admin\8e35d541e8f27addc64a8b0f0e68393b.php 第 147 行.
NOTIC: [8] Undefined index: pid D:\xampp\htdocs\tpcms\Runtime\Cache\Admin\8e35d541e8f27addc64a8b0f0e68393b.php 第 147 行.
INFO: Run Behavior\ParseTemplateBehavior [ RunTime:0.132701s ]
INFO: [ view_parse ] --END-- [ RunTime:0.132727s ]
INFO: [ view_filter ] --START--
INFO: Run Behavior\WriteHtmlCacheBehavior [ RunTime:0.000371s ]
INFO: [ view_filter ] --END-- [ RunTime:0.000389s ]
INFO: [ app_end ] --START--
INFO: Run Behavior\ShowPageTraceBehavior [ RunTime:0.000468s ]
INFO: [ app_end ] --END-- [ RunTime:0.000491s ]

[ 2018-07-30T18:03:00+08:00 ] 127.0.0.1 /Admin/Article/add.html
INFO: [ app_init ] --START--
INFO: Run Behavior\BuildLiteBehavior [ RunTime:0.000006s ]
INFO: [ app_init ] --END-- [ RunTime:0.000225s ]
INFO: [ app_begin ] --START--
INFO: Run Behavior\ReadHtmlCacheBehavior [ RunTime:0.000301s ]
INFO: [ app_begin ] --END-- [ RunTime:0.000321s ]
SQL: SHOW COLUMNS FROM `rg_setting` [ RunTime:0.0170s ]
SQL: SELECT `id`,`name`,`key`,`value`,`widget`,`tip`,`type`,`sort` FROM `rg_setting`  [ RunTime:0.0005s ]
SQL: SHOW COLUMNS FROM `rg_manager` [ RunTime:0.0154s ]
SQL: SELECT `id`,`user`,`pass`,`nickname`,`lastlogintime`,`lastloginip`,`logintimes` FROM `rg_manager` WHERE `id` = 1 LIMIT 1   [ RunTime:0.0005s ]
SQL: SHOW COLUMNS FROM `rg_article_cate` [ RunTime:0.0208s ]
SQL: SELECT `id`,`name_cn`,`name_en`,`path`,`fullpath`,`sort`,`thumb`,`is_able`,`is_show` FROM `rg_article_cate` WHERE `id` = 0 LIMIT 1   [ RunTime:0.0003s ]
SQL: SELECT * FROM `rg_article_cate` ORDER BY sort asc  [ RunTime:0.0003s ]
NOTIC: [8] Undefined index: cate_id D:\xampp\htdocs\tpcms\RAPP\Admin\Controller\ArticleController.class.php 第 75 行.
SQL: SELECT `id`,`name_cn`,`name_en`,`path`,`fullpath`,`sort`,`thumb`,`is_able`,`is_show` FROM `rg_article_cate` WHERE `id` = 4 LIMIT 1   [ RunTime:0.0002s ]
SQL: SELECT `id`,`name_cn`,`name_en`,`path`,`fullpath`,`sort`,`thumb`,`is_able`,`is_show` FROM `rg_article_cate` WHERE `id` IN ('','1','4','')  [ RunTime:0.0003s ]
SQL: SHOW COLUMNS FROM `rg_article_attr` [ RunTime:0.0648s ]
SQL: SELECT * FROM `rg_article_attr` WHERE `cateid` = 4 ORDER BY sort,id  [ RunTime:0.0004s ]
SQL: SHOW COLUMNS FROM `rg_picture` [ RunTime:0.0588s ]
SQL: SELECT `id`,`path`,`savename`,`name`,`width`,`height`,`ext`,`md5`,`sha1`,`status`,`addtime` FROM `rg_picture` WHERE `status` = 1 ORDER BY id desc LIMIT 0,4   [ RunTime:0.0003s ]
INFO: [ view_parse ] --START--
INFO: [ template_filter ] --START--
INFO: Run Behavior\ContentReplaceBehavior [ RunTime:0.000071s ]
INFO: [ template_filter ] --END-- [ RunTime:0.000094s ]
NOTIC: [8] Undefined variable: page D:\xampp\htdocs\tpcms\Runtime\Cache\Admin\6f0ce9613a5f961e2f2cef26b3bb1378.php 第 122 行.
NOTIC: [8] Undefined variable: page D:\xampp\htdocs\tpcms\Runtime\Cache\Admin\6f0ce9613a5f961e2f2cef26b3bb1378.php 第 131 行.
NOTIC: [8] Use of undefined constant editsize - assumed 'editsize' D:\xampp\htdocs\tpcms\Runtime\Cache\Admin\6f0ce9613a5f961e2f2cef26b3bb1378.php 第 288 行.
NOTIC: [8] Undefined index: value D:\xampp\htdocs\tpcms\Runtime\Cache\Admin\6f0ce9613a5f961e2f2cef26b3bb1378.php 第 331 行.
INFO: Run Behavior\ParseTemplateBehavior [ RunTime:0.194295s ]
INFO: [ view_parse ] --END-- [ RunTime:0.194316s ]
INFO: [ view_filter ] --START--
INFO: Run Behavior\WriteHtmlCacheBehavior [ RunTime:0.000423s ]
INFO: [ view_filter ] --END-- [ RunTime:0.000464s ]
INFO: [ app_end ] --START--
INFO: Run Behavior\ShowPageTraceBehavior [ RunTime:0.000525s ]
INFO: [ app_end ] --END-- [ RunTime:0.000553s ]

[ 2018-07-30T18:03:07+08:00 ] 127.0.0.1 /Admin/Ad/index.html
INFO: [ app_init ] --START--
INFO: Run Behavior\BuildLiteBehavior [ RunTime:0.000008s ]
INFO: [ app_init ] --END-- [ RunTime:0.000382s ]
INFO: [ app_begin ] --START--
INFO: Run Behavior\ReadHtmlCacheBehavior [ RunTime:0.000480s ]
INFO: [ app_begin ] --END-- [ RunTime:0.000506s ]
SQL: SHOW COLUMNS FROM `rg_setting` [ RunTime:0.0183s ]
SQL: SELECT `id`,`name`,`key`,`value`,`widget`,`tip`,`type`,`sort` FROM `rg_setting`  [ RunTime:0.0006s ]
SQL: SHOW COLUMNS FROM `rg_manager` [ RunTime:0.0178s ]
SQL: SELECT `id`,`user`,`pass`,`nickname`,`lastlogintime`,`lastloginip`,`logintimes` FROM `rg_manager` WHERE `id` = 1 LIMIT 1   [ RunTime:0.0005s ]
SQL: SHOW COLUMNS FROM `rg_ad_cate` [ RunTime:0.0411s ]
SQL: SELECT * FROM `rg_ad_cate` ORDER BY sort asc,id desc  [ RunTime:0.0007s ]
NOTIC: [8] Undefined index: cate_id D:\xampp\htdocs\tpcms\RAPP\Admin\Controller\AdController.class.php 第 16 行.
SQL: SHOW COLUMNS FROM `rg_ad` [ RunTime:0.0176s ]
SQL: SELECT COUNT(*) AS tp_count FROM `rg_ad` LIMIT 1   [ RunTime:0.0005s ]
SQL: SELECT `id`,`cate_id`,`title`,`thumb`,`url`,`target`,`created_at`,`updated_at`,`end_at`,`sort` FROM `rg_ad` ORDER BY `sort`,`id` asc LIMIT 0,15   [ RunTime:0.0006s ]
INFO: [ view_parse ] --START--
INFO: [ template_filter ] --START--
INFO: Run Behavior\ContentReplaceBehavior [ RunTime:0.000055s ]
INFO: [ template_filter ] --END-- [ RunTime:0.000078s ]
NOTIC: [8] Undefined variable: cate_id D:\xampp\htdocs\tpcms\Runtime\Cache\Admin\8abb010ce00b50015ebc90874e798ac9.php 第 99 行.
NOTIC: [8] Undefined index: cate_id D:\xampp\htdocs\tpcms\Runtime\Cache\Admin\8abb010ce00b50015ebc90874e798ac9.php 第 109 行.
NOTIC: [8] Undefined index: cate_id D:\xampp\htdocs\tpcms\Runtime\Cache\Admin\8abb010ce00b50015ebc90874e798ac9.php 第 109 行.
NOTIC: [8] Undefined index: cate_id D:\xampp\htdocs\tpcms\Runtime\Cache\Admin\8abb010ce00b50015ebc90874e798ac9.php 第 109 行.
NOTIC: [8] Undefined index: cate_id D:\xampp\htdocs\tpcms\Runtime\Cache\Admin\8abb010ce00b50015ebc90874e798ac9.php 第 109 行.
NOTIC: [8] Undefined index: cate_id D:\xampp\htdocs\tpcms\Runtime\Cache\Admin\8abb010ce00b50015ebc90874e798ac9.php 第 109 行.
INFO: Run Behavior\ParseTemplateBehavior [ RunTime:0.109832s ]
INFO: [ view_parse ] --END-- [ RunTime:0.109857s ]
INFO: [ view_filter ] --START--
INFO: Run Behavior\WriteHtmlCacheBehavior [ RunTime:0.000350s ]
INFO: [ view_filter ] --END-- [ RunTime:0.000368s ]
INFO: [ app_end ] --START--
INFO: Run Behavior\ShowPageTraceBehavior [ RunTime:0.000783s ]
INFO: [ app_end ] --END-- [ RunTime:0.000820s ]

[ 2018-07-30T18:03:10+08:00 ] 127.0.0.1 /Admin/Ad/add.html?cate_id=
INFO: [ app_init ] --START--
INFO: Run Behavior\BuildLiteBehavior [ RunTime:0.000008s ]
INFO: [ app_init ] --END-- [ RunTime:0.000276s ]
INFO: [ app_begin ] --START--
INFO: Run Behavior\ReadHtmlCacheBehavior [ RunTime:0.000372s ]
INFO: [ app_begin ] --END-- [ RunTime:0.000417s ]
SQL: SHOW COLUMNS FROM `rg_setting` [ RunTime:0.0970s ]
SQL: SELECT `id`,`name`,`key`,`value`,`widget`,`tip`,`type`,`sort` FROM `rg_setting`  [ RunTime:0.0004s ]
SQL: SHOW COLUMNS FROM `rg_manager` [ RunTime:0.0147s ]
SQL: SELECT `id`,`user`,`pass`,`nickname`,`lastlogintime`,`lastloginip`,`logintimes` FROM `rg_manager` WHERE `id` = 1 LIMIT 1   [ RunTime:0.0004s ]
SQL: SHOW COLUMNS FROM `rg_ad_cate` [ RunTime:0.0146s ]
SQL: SELECT * FROM `rg_ad_cate` ORDER BY sort asc,id desc  [ RunTime:0.0004s ]
SQL: SHOW COLUMNS FROM `rg_ad_cate` [ RunTime:0.0108s ]
SQL: SELECT `width`,`height` FROM `rg_ad_cate` WHERE `id` = 4 LIMIT 1   [ RunTime:0.0003s ]
INFO: [ view_parse ] --START--
INFO: [ template_filter ] --START--
INFO: Run Behavior\ContentReplaceBehavior [ RunTime:0.000068s ]
INFO: [ template_filter ] --END-- [ RunTime:0.000091s ]
NOTIC: [8] Undefined variable: page D:\xampp\htdocs\tpcms\Runtime\Cache\Admin\f06e5726b80e92c97222936d9c2d8f38.php 第 113 行.
NOTIC: [8] Undefined variable: page D:\xampp\htdocs\tpcms\Runtime\Cache\Admin\f06e5726b80e92c97222936d9c2d8f38.php 第 232 行.
INFO: Run Behavior\ParseTemplateBehavior [ RunTime:0.090441s ]
INFO: [ view_parse ] --END-- [ RunTime:0.090485s ]
INFO: [ view_filter ] --START--
INFO: Run Behavior\WriteHtmlCacheBehavior [ RunTime:0.000254s ]
INFO: [ view_filter ] --END-- [ RunTime:0.000286s ]
INFO: [ app_end ] --START--
INFO: Run Behavior\ShowPageTraceBehavior [ RunTime:0.000588s ]
INFO: [ app_end ] --END-- [ RunTime:0.000613s ]

[ 2018-07-30T18:09:51+08:00 ] 127.0.0.1 /Admin/Nav/index.html
INFO: [ app_init ] --START--
INFO: Run Behavior\BuildLiteBehavior [ RunTime:0.000007s ]
INFO: [ app_init ] --END-- [ RunTime:0.000321s ]
INFO: [ app_begin ] --START--
INFO: Run Behavior\ReadHtmlCacheBehavior [ RunTime:0.000633s ]
INFO: [ app_begin ] --END-- [ RunTime:0.000692s ]
SQL: SHOW COLUMNS FROM `rg_setting` [ RunTime:0.0312s ]
SQL: SELECT `id`,`name`,`key`,`value`,`widget`,`tip`,`type`,`sort` FROM `rg_setting`  [ RunTime:0.0004s ]
SQL: SHOW COLUMNS FROM `rg_manager` [ RunTime:0.0153s ]
SQL: SELECT `id`,`user`,`pass`,`nickname`,`lastlogintime`,`lastloginip`,`logintimes` FROM `rg_manager` WHERE `id` = 1 LIMIT 1   [ RunTime:0.0003s ]
SQL: SHOW COLUMNS FROM `rg_nav_cate` [ RunTime:0.0491s ]
SQL: SELECT `id`,`name_en`,`name_cn`,`path`,`fullpath`,`sort`,`url`,`target`,`is_show` FROM `rg_nav_cate` WHERE `id` = 0 LIMIT 1   [ RunTime:0.0006s ]
SQL: SELECT * FROM `rg_nav_cate` ORDER BY sort asc  [ RunTime:0.0005s ]
NOTIC: [8] Only variables should be passed by reference D:\xampp\htdocs\tpcms\RAPP\Admin\Controller\NavController.class.php 第 10 行.
NOTIC: [8] Only variables should be passed by reference D:\xampp\htdocs\tpcms\RAPP\Admin\Controller\NavController.class.php 第 10 行.
NOTIC: [8] Only variables should be passed by reference D:\xampp\htdocs\tpcms\RAPP\Admin\Controller\NavController.class.php 第 10 行.
NOTIC: [8] Only variables should be passed by reference D:\xampp\htdocs\tpcms\RAPP\Admin\Controller\NavController.class.php 第 10 行.
NOTIC: [8] Only variables should be passed by reference D:\xampp\htdocs\tpcms\RAPP\Admin\Controller\NavController.class.php 第 10 行.
NOTIC: [8] Only variables should be passed by reference D:\xampp\htdocs\tpcms\RAPP\Admin\Controller\NavController.class.php 第 10 行.
NOTIC: [8] Only variables should be passed by reference D:\xampp\htdocs\tpcms\RAPP\Admin\Controller\NavController.class.php 第 10 行.
NOTIC: [8] Only variables should be passed by reference D:\xampp\htdocs\tpcms\RAPP\Admin\Controller\NavController.class.php 第 10 行.
INFO: [ view_parse ] --START--
INFO: [ template_filter ] --START--
INFO: Run Behavior\ContentReplaceBehavior [ RunTime:0.000055s ]
INFO: [ template_filter ] --END-- [ RunTime:0.000081s ]
INFO: Run Behavior\ParseTemplateBehavior [ RunTime:0.073983s ]
INFO: [ view_parse ] --END-- [ RunTime:0.074021s ]
INFO: [ view_filter ] --START--
INFO: Run Behavior\WriteHtmlCacheBehavior [ RunTime:0.000268s ]
INFO: [ view_filter ] --END-- [ RunTime:0.000284s ]
INFO: [ app_end ] --START--
INFO: Run Behavior\ShowPageTraceBehavior [ RunTime:0.000461s ]
INFO: [ app_end ] --END-- [ RunTime:0.000483s ]

